#
# A fatal error has been detected by the Java Runtime Environment:
#
#  EXCEPTION_ACCESS_VIOLATION (0xc0000005) at pc=0x0000000070847407, pid=4872, tid=0x0000000000004820
#
# JRE version: Java(TM) SE Runtime Environment (8.0_92-b14) (build 1.8.0_92-b14)
# Java VM: Java HotSpot(TM) 64-Bit Server VM (25.92-b14 mixed mode windows-amd64 compressed oops)
# Problematic frame:
# C  [nio.dll+0x7407]
#
# Failed to write core dump. Minidumps are not enabled by default on client versions of Windows
#
# If you would like to submit a bug report, please visit:
#   http://bugreport.java.com/bugreport/crash.jsp
# The crash happened outside the Java Virtual Machine in native code.
# See problematic frame for where to report the bug.
#

---------------  T H R E A D  ---------------

Current thread (0x0000000057b05000):  JavaThread "png-cruncher_108" daemon [_thread_in_native, id=18464, stack(0x0000000062490000,0x0000000062590000)]

siginfo: ExceptionCode=0xc0000005, writing address 0x0000000062585000

Registers:
RAX=0x000000000000d0e0, RBX=0x00000000c24296e8, RCX=0x0000000057b051f8, RDX=0x000000006258de30
RSP=0x000000006258dd98, RBP=0x0000000062580dd0, RSI=0x00000000c24286d0, RDI=0x00000000c24276b8
R8 =0x000000005a8d4000, R9 =0x0000000000000002, R10=0x0000000062580000, R11=0x0000000062585000
R12=0x0000000000000000, R13=0x000000005aa3bd40, R14=0x000000006258dfa8, R15=0x0000000057b05000
RIP=0x0000000070847407, EFLAGS=0x0000000000010246

Top of Stack: (sp=0x000000006258dd98)
0x000000006258dd98:   00000000026b25d2 0000000060395b60
0x000000006258dda8:   0000000070846da2 0000000057b05000
0x000000006258ddb8:   000000006258dfa8 000000005aa3bd40
0x000000006258ddc8:   0000000000000000 00000000c24276b8
0x000000006258ddd8:   00000000c24286d0 000000006258de70
0x000000006258dde8:   00000000026b2650 00000000ef36c118
0x000000006258ddf8:   00000000c24296e8 00000000ef36c118
0x000000006258de08:   0000000057b05000 000000006258de48
0x000000006258de18:   000000006258de50 000000006258de58
0x000000006258de28:   ffffffffffffffff 00000000c2427698
0x000000006258de38:   0000000000000000 00000000ef783e00
0x000000006258de48:   00000000c24276b8 00000000c24286d0
0x000000006258de58:   00000000c24296e8 0000000061144078
0x000000006258de68:   0000000002520cf4 00000000ef783e00
0x000000006258de78:   00000000042ac414 ffffffffffffffff
0x000000006258de88:   000000000260d071 00000000602d7f88 

Instructions: (pc=0x0000000070847407)
0x00000000708473e7:   d0 4d 0f 42 d3 65 4c 8b 1c 25 10 00 00 00 4d 3b
0x00000000708473f7:   d3 73 16 66 41 81 e2 00 f0 4d 8d 9b 00 f0 ff ff
0x0000000070847407:   41 c6 03 00 4d 3b d3 75 f0 4c 8b 14 24 4c 8b 5c
0x0000000070847417:   24 08 48 83 c4 10 c3 cc cc 40 53 48 83 ec 20 b9 


Register to memory mapping:

RAX=0x000000000000d0e0 is an unknown value
RBX=0x00000000c24296e8 is an oop
[I 
 - klass: {type array int}
 - length: 1025
RCX=0x0000000057b051f8 is an unknown value
RDX=0x000000006258de30 is pointing into the stack for thread: 0x0000000057b05000
RSP=0x000000006258dd98 is pointing into the stack for thread: 0x0000000057b05000
RBP=0x0000000062580dd0 is pointing into the stack for thread: 0x0000000057b05000
RSI=0x00000000c24286d0 is an oop
[I 
 - klass: {type array int}
 - length: 1025
RDI=0x00000000c24276b8 is an oop
[I 
 - klass: {type array int}
 - length: 1025
R8 =0x000000005a8d4000 is an unknown value
R9 =0x0000000000000002 is an unknown value
R10=0x0000000062580000 is pointing into the stack for thread: 0x0000000057b05000
R11=0x0000000062585000 is pointing into the stack for thread: 0x0000000057b05000
R12=0x0000000000000000 is an unknown value
R13=0x000000005aa3bd40 is an unknown value
R14=0x000000006258dfa8 is pointing into the stack for thread: 0x0000000057b05000
R15=0x0000000057b05000 is a thread


Stack: [0x0000000062490000,0x0000000062590000],  sp=0x000000006258dd98,  free space=1015k
Native frames: (J=compiled Java code, j=interpreted, Vv=VM code, C=native code)
C  [nio.dll+0x7407]

Java frames: (J=compiled Java code, j=interpreted, Vv=VM code)
J 11598  sun.nio.ch.WindowsSelectorImpl$SubSelector.poll0(JI[I[I[IJ)I (0 bytes) @ 0x00000000026b25d2 [0x00000000026b2540+0x92]
J 11596 C1 sun.nio.ch.WindowsSelectorImpl$SubSelector.poll()I (47 bytes) @ 0x00000000042ac414 [0x00000000042ac260+0x1b4]
J 11173 C1 sun.nio.ch.WindowsSelectorImpl.doSelect(J)I (136 bytes) @ 0x000000000412f764 [0x000000000412f100+0x664]
J 10298 C1 sun.nio.ch.SelectorImpl.lockAndDoSelect(J)I (72 bytes) @ 0x0000000002d26784 [0x0000000002d26220+0x564]
J 10296 C1 sun.nio.ch.SelectorImpl.select()I (6 bytes) @ 0x0000000002faa57c [0x0000000002faa400+0x17c]
J 9451 C1 org.gradle.messaging.remote.internal.inet.SocketConnection$SocketOutputStream.flush()V (68 bytes) @ 0x00000000027c6784 [0x00000000027c65a0+0x1e4]
J 10321 C1 org.gradle.messaging.remote.internal.inet.SocketConnection.dispatch(Ljava/lang/Object;)V (51 bytes) @ 0x0000000003ea480c [0x0000000003ea4640+0x1cc]
J 10320 C1 org.gradle.launcher.daemon.server.SynchronizedDispatchConnection.dispatch(Ljava/lang/Object;)V (98 bytes) @ 0x0000000003eab13c [0x0000000003eaa480+0xcbc]
J 8792 C1 org.gradle.launcher.daemon.server.exec.LogToClient$1.onOutput(Lorg/gradle/logging/internal/OutputEvent;)V (39 bytes) @ 0x000000000263283c [0x00000000026322e0+0x55c]
J 14621 C2 sun.reflect.GeneratedMethodAccessor2.invoke(Ljava/lang/Object;[Ljava/lang/Object;)Ljava/lang/Object; (68 bytes) @ 0x00000000025ef4e4 [0x00000000025ef460+0x84]
J 10308 C2 org.gradle.messaging.dispatch.ReflectionDispatch.dispatch(Ljava/lang/Object;)V (9 bytes) @ 0x0000000003ea8a78 [0x0000000003ea89e0+0x98]
J 13619 C2 org.gradle.messaging.dispatch.ProxyDispatchAdapter$DispatchingInvocationHandler.invoke(Ljava/lang/Object;Ljava/lang/reflect/Method;[Ljava/lang/Object;)Ljava/lang/Object; (179 bytes) @ 0x0000000003f1c090 [0x0000000003f1bb60+0x530]
J 5153 C1 com.sun.proxy.$Proxy0.onOutput(Lorg/gradle/logging/internal/OutputEvent;)V (34 bytes) @ 0x0000000002540e0c [0x0000000002540b60+0x2ac]
J 13347 C1 org.gradle.logging.internal.OutputEventRenderer.onOutput(Lorg/gradle/logging/internal/OutputEvent;)V (112 bytes) @ 0x000000000473baac [0x000000000473b060+0xa4c]
j  org.gradle.logging.internal.TextStreamOutputEventListener.onTextEvent(Lorg/gradle/logging/internal/StyledTextOutputEvent;)V+38
J 9778 C1 org.gradle.logging.internal.TextStreamOutputEventListener.onOutput(Lorg/gradle/logging/internal/OutputEvent;)V (45 bytes) @ 0x0000000003d5a2c4 [0x0000000003d59ce0+0x5e4]
j  org.gradle.logging.internal.PrintStreamLoggingSystem$OutputEventDestination.onOutput(Ljava/lang/CharSequence;)V+30
J 9797 C1 org.gradle.util.LineBufferingOutputStream.flush()V (37 bytes) @ 0x0000000003da2234 [0x0000000003da1d60+0x4d4]
J 8638 C1 org.gradle.util.LineBufferingOutputStream.write(I)V (97 bytes) @ 0x0000000003a5456c [0x0000000003a543a0+0x1cc]
j  java.io.OutputStream.write([BII)V+69
J 12696 C2 java.io.PrintStream.write([BII)V (69 bytes) @ 0x0000000003827974 [0x0000000003827860+0x114]
J 12594 C2 sun.nio.cs.StreamEncoder.writeBytes()V (132 bytes) @ 0x0000000003880324 [0x00000000038802a0+0x84]
J 777 C1 sun.nio.cs.StreamEncoder.flushBuffer()V (42 bytes) @ 0x00000000026b91a4 [0x00000000026b8f00+0x2a4]
J 6047 C1 java.io.OutputStreamWriter.flushBuffer()V (8 bytes) @ 0x00000000034e5a44 [0x00000000034e59c0+0x84]
j  java.io.PrintStream.newLine()V+26
j  java.io.PrintStream.println(Ljava/lang/Object;)V+15
j  org.gradle.util.LinePerThreadBufferingOutputStream.println(Ljava/lang/Object;)V+5
j  java.lang.Throwable$WrappedPrintStream.println(Ljava/lang/Object;)V+5
j  java.lang.Throwable.printStackTrace(Ljava/lang/Throwable$PrintStreamOrWriter;)V+28
j  java.lang.Throwable.printStackTrace(Ljava/io/PrintStream;)V+9
j  java.lang.ThreadGroup.uncaughtException(Ljava/lang/Thread;Ljava/lang/Throwable;)V+82
j  java.lang.ThreadGroup.uncaughtException(Ljava/lang/Thread;Ljava/lang/Throwable;)V+13
j  java.lang.Thread.dispatchUncaughtException(Ljava/lang/Throwable;)V+6
v  ~StubRoutines::call_stub

---------------  P R O C E S S  ---------------

Java Threads: ( => current thread )
  0x000000005a55c000 JavaThread "stdout" daemon [_thread_in_native, id=18896, stack(0x0000000064650000,0x0000000064750000)]
  0x000000005a55b000 JavaThread "stderr" daemon [_thread_in_native, id=18892, stack(0x0000000065840000,0x0000000065940000)]
  0x000000005a55a800 JavaThread "stdout" daemon [_thread_in_native, id=18856, stack(0x0000000065550000,0x0000000065650000)]
  0x000000005a559800 JavaThread "stderr" daemon [_thread_in_native, id=18852, stack(0x0000000065650000,0x0000000065750000)]
  0x000000005a559000 JavaThread "stdout" daemon [_thread_in_native, id=18816, stack(0x0000000065410000,0x0000000065510000)]
  0x000000005af06000 JavaThread "stderr" daemon [_thread_in_native, id=18812, stack(0x0000000064bc0000,0x0000000064cc0000)]
  0x000000005af05000 JavaThread "stdout" daemon [_thread_in_native, id=18796, stack(0x0000000065200000,0x0000000065300000)]
  0x000000005af04800 JavaThread "stderr" daemon [_thread_in_native, id=18776, stack(0x00000000650e0000,0x00000000651e0000)]
  0x000000005af03800 JavaThread "stdout" daemon [_thread_in_native, id=18756, stack(0x0000000064fe0000,0x00000000650e0000)]
  0x000000005af03000 JavaThread "stderr" daemon [_thread_in_native, id=18752, stack(0x0000000064e90000,0x0000000064f90000)]
  0x000000005af02000 JavaThread "stdout" daemon [_thread_in_native, id=18732, stack(0x0000000064ce0000,0x0000000064de0000)]
  0x000000005af01800 JavaThread "stderr" daemon [_thread_in_native, id=18728, stack(0x0000000064ac0000,0x0000000064bc0000)]
  0x000000005af00800 JavaThread "stdout" daemon [_thread_in_native, id=18708, stack(0x00000000648e0000,0x00000000649e0000)]
  0x000000005af00000 JavaThread "stderr" daemon [_thread_in_native, id=18704, stack(0x0000000064770000,0x0000000064870000)]
  0x000000005aeff000 JavaThread "stdout" daemon [_thread_in_native, id=18676, stack(0x0000000064530000,0x0000000064630000)]
  0x000000005b591800 JavaThread "stderr" daemon [_thread_blocked, id=18672, stack(0x00000000641e0000,0x00000000642e0000)]
  0x000000005b591000 JavaThread "stdout" daemon [_thread_in_native, id=18644, stack(0x0000000064430000,0x0000000064530000)]
  0x000000005b590000 JavaThread "stderr" daemon [_thread_in_native, id=18640, stack(0x00000000637a0000,0x00000000638a0000)]
  0x000000005b58f800 JavaThread "stdout" daemon [_thread_in_vm, id=18604, stack(0x00000000642f0000,0x00000000643f0000)]
  0x000000005b58e800 JavaThread "stderr" daemon [_thread_in_native, id=18600, stack(0x0000000064080000,0x0000000064180000)]
  0x000000005b58e000 JavaThread "stdout" daemon [_thread_in_native, id=18580, stack(0x0000000063ed0000,0x0000000063fd0000)]
  0x000000005b58d000 JavaThread "stderr" daemon [_thread_in_native, id=18576, stack(0x0000000063d40000,0x0000000063e40000)]
  0x000000005b58c800 JavaThread "stdout" daemon [_thread_in_native, id=18564, stack(0x0000000063c10000,0x0000000063d10000)]
  0x000000005b58b800 JavaThread "stderr" daemon [_thread_in_native, id=18552, stack(0x0000000063a20000,0x0000000063b20000)]
  0x000000005b58b000 JavaThread "stdout" daemon [_thread_in_native, id=18532, stack(0x00000000638a0000,0x00000000639a0000)]
  0x000000005b541000 JavaThread "stderr" daemon [_thread_in_native, id=18528, stack(0x0000000063660000,0x0000000063760000)]
  0x000000005b540800 JavaThread "png-cruncher_120" daemon [_thread_blocked, id=18520, stack(0x00000000632e0000,0x00000000633e0000)]
  0x000000005b53f800 JavaThread "png-cruncher_119" daemon [_thread_blocked, id=18516, stack(0x0000000062790000,0x0000000062890000)]
  0x000000005b53f000 JavaThread "png-cruncher_118" daemon [_thread_blocked, id=18512, stack(0x0000000063520000,0x0000000063620000)]
  0x000000005b53e000 JavaThread "png-cruncher_117" daemon [_thread_blocked, id=18508, stack(0x00000000633e0000,0x00000000634e0000)]
  0x000000005b53d800 JavaThread "png-cruncher_116" daemon [_thread_blocked, id=18504, stack(0x0000000063170000,0x0000000063270000)]
  0x000000005b53c800 JavaThread "png-cruncher_115" daemon [_thread_blocked, id=18492, stack(0x0000000063070000,0x0000000063170000)]
  0x000000005b53c000 JavaThread "png-cruncher_114" daemon [_thread_blocked, id=18488, stack(0x0000000062f20000,0x0000000063020000)]
  0x000000005b53b000 JavaThread "png-cruncher_113" daemon [_thread_blocked, id=18484, stack(0x0000000062e20000,0x0000000062f20000)]
  0x000000005b53a800 JavaThread "png-cruncher_112" daemon [_thread_blocked, id=18480, stack(0x0000000062c80000,0x0000000062d80000)]
  0x0000000057b06800 JavaThread "png-cruncher_111" daemon [_thread_blocked, id=18476, stack(0x0000000062a90000,0x0000000062b90000)]
  0x0000000057b04000 JavaThread "png-cruncher_110" daemon [_thread_in_native, id=18472, stack(0x0000000062890000,0x0000000062990000)]
  0x0000000057b02800 JavaThread "png-cruncher_109" daemon [_thread_blocked, id=18468, stack(0x0000000062650000,0x0000000062750000)]
=>0x0000000057b05000 JavaThread "png-cruncher_108" daemon [_thread_in_native, id=18464, stack(0x0000000062490000,0x0000000062590000)]
  0x0000000057b01000 JavaThread "png-cruncher_107" daemon [_thread_blocked, id=18460, stack(0x0000000062310000,0x0000000062410000)]
  0x0000000057b02000 JavaThread "png-cruncher_106" daemon [_thread_blocked, id=18456, stack(0x0000000062190000,0x0000000062290000)]
  0x0000000059878000 JavaThread "png-cruncher_105" daemon [_thread_blocked, id=18444, stack(0x0000000062070000,0x0000000062170000)]
  0x0000000059875000 JavaThread "png-cruncher_104" daemon [_thread_blocked, id=18440, stack(0x0000000061670000,0x0000000061770000)]
  0x0000000059878800 JavaThread "png-cruncher_103" daemon [_thread_blocked, id=18436, stack(0x000000005e8f0000,0x000000005e9f0000)]
  0x0000000059872000 JavaThread "png-cruncher_102" daemon [_thread_blocked, id=16724, stack(0x0000000061d80000,0x0000000061e80000)]
  0x0000000059875800 JavaThread "png-cruncher_101" daemon [_thread_blocked, id=15624, stack(0x0000000061980000,0x0000000061a80000)]
  0x000000005986e000 JavaThread "pool-7-thread-4" [_thread_blocked, id=15476, stack(0x0000000061540000,0x0000000061640000)]
  0x0000000059872800 JavaThread "pool-7-thread-3" [_thread_blocked, id=16444, stack(0x0000000057930000,0x0000000057a30000)]
  0x0000000059873800 JavaThread "pool-7-thread-2" [_thread_blocked, id=17276, stack(0x0000000061410000,0x0000000061510000)]
  0x000000005987b800 JavaThread "pool-7-thread-1" [_thread_blocked, id=16988, stack(0x000000005f020000,0x000000005f120000)]
  0x0000000059879800 JavaThread "Stdin handler" [_thread_blocked, id=16916, stack(0x000000005ba20000,0x000000005bb20000)]
  0x000000005986f800 JavaThread "Daemon worker Thread 4" [_thread_blocked, id=4928, stack(0x00000000590c0000,0x00000000591c0000)]
  0x0000000059870800 JavaThread "Cancel handler" [_thread_blocked, id=16376, stack(0x0000000058e40000,0x0000000058f40000)]
  0x0000000059874000 JavaThread "Handler for socket connection from /127.0.0.1:54176 to /127.0.0.1:55898" [_thread_in_native, id=16152, stack(0x0000000058f50000,0x0000000059050000)]
  0x0000000059871000 JavaThread "Daemon Thread 4" [_thread_blocked, id=16608, stack(0x0000000058d30000,0x0000000058e30000)]
  0x000000005987a000 JavaThread "pool-4-thread-4" [_thread_blocked, id=15212, stack(0x0000000061c20000,0x0000000061d20000)]
  0x000000005987c800 JavaThread "pool-4-thread-3" [_thread_blocked, id=15152, stack(0x0000000061ab0000,0x0000000061bb0000)]
  0x0000000059877000 JavaThread "pool-4-thread-2" [_thread_blocked, id=15508, stack(0x000000005fce0000,0x000000005fde0000)]
  0x000000005987b000 JavaThread "pool-4-thread-1" [_thread_blocked, id=17396, stack(0x0000000061820000,0x0000000061920000)]
  0x000000005986d800 JavaThread "File lock request listener" [_thread_in_native, id=2380, stack(0x000000005cb80000,0x000000005cc80000)]
  0x0000000057e7e800 JavaThread "Incoming local TCP Connector on port 54176" [_thread_in_native, id=15800, stack(0x0000000056060000,0x0000000056160000)]
  0x0000000056319000 JavaThread "Service Thread" daemon [_thread_blocked, id=15200, stack(0x0000000057020000,0x0000000057120000)]
  0x000000005629a000 JavaThread "C1 CompilerThread2" daemon [_thread_blocked, id=16568, stack(0x0000000056e10000,0x0000000056f10000)]
  0x000000005628b000 JavaThread "C2 CompilerThread1" daemon [_thread_in_native, id=3628, stack(0x0000000056880000,0x0000000056980000)]
  0x0000000056274000 JavaThread "C2 CompilerThread0" daemon [_thread_blocked, id=15420, stack(0x0000000056b70000,0x0000000056c70000)]
  0x0000000056268800 JavaThread "Attach Listener" daemon [_thread_blocked, id=15076, stack(0x0000000056980000,0x0000000056a80000)]
  0x0000000054d9f000 JavaThread "Signal Dispatcher" daemon [_thread_blocked, id=17348, stack(0x00000000566f0000,0x00000000567f0000)]
  0x0000000054d8b800 JavaThread "Finalizer" daemon [_thread_blocked, id=15536, stack(0x0000000056160000,0x0000000056260000)]
  0x0000000054d44000 JavaThread "Reference Handler" daemon [_thread_blocked, id=17352, stack(0x0000000055f60000,0x0000000056060000)]
  0x0000000001d5e800 JavaThread "main" [_thread_blocked, id=15140, stack(0x0000000002280000,0x0000000002380000)]

Other Threads:
  0x0000000054d3c800 VMThread [stack: 0x0000000055d50000,0x0000000055e50000] [id=3820]
  0x000000005634c000 WatcherThread [stack: 0x0000000056f10000,0x0000000057010000] [id=16044]

VM state:not at safepoint (normal execution)

VM Mutex/Monitor currently owned by a thread: None

Heap:
 PSYoungGen      total 322048K, used 119967K [0x00000000eab00000, 0x00000000ffd00000, 0x0000000100000000)
  eden space 300032K, 39% used [0x00000000eab00000,0x00000000f2027d88,0x00000000fd000000)
  from space 22016K, 0% used [0x00000000fe780000,0x00000000fe780000,0x00000000ffd00000)
  to   space 23040K, 0% used [0x00000000fd000000,0x00000000fd000000,0x00000000fe680000)
 ParOldGen       total 73728K, used 42039K [0x00000000c0000000, 0x00000000c4800000, 0x00000000eab00000)
  object space 73728K, 57% used [0x00000000c0000000,0x00000000c290df18,0x00000000c4800000)
 Metaspace       used 58758K, capacity 60948K, committed 61184K, reserved 1101824K
  class space    used 7630K, capacity 8069K, committed 8192K, reserved 1048576K

Card table byte_map: [0x0000000011740000,0x0000000011950000] byte_map_base: 0x0000000011140000

Marking Bits: (ParMarkBitMap*) 0x000000006baa64f0
 Begin Bits: [0x00000000121b0000, 0x00000000131b0000)
 End Bits:   [0x00000000131b0000, 0x00000000141b0000)

Polling page: 0x0000000000210000

CodeCache: size=245760Kb used=40496Kb max_used=40841Kb free=205263Kb
 bounds [0x0000000002380000, 0x0000000004bd0000, 0x0000000011380000]
 total_blobs=12103 nmethods=11375 adapters=640
 compilation: enabled

Compilation events (10 events):
Event: 615.851 Thread 0x0000000056274000 14919  s    4       com.android.builder.png.AaptProcess$ProcessOutputFacade::out (148 bytes)
Event: 615.964 Thread 0x000000005628b000 14920       4       java.util.concurrent.ConcurrentLinkedQueue::remove (86 bytes)
Event: 615.971 Thread 0x000000005628b000 nmethod 14920 0x0000000003e26cd0 code [0x0000000003e26e20, 0x0000000003e27098]
Event: 616.038 Thread 0x000000005628b000 14921       4       com.android.builder.png.AaptProcess$NotifierProcessOutput::out (162 bytes)
Event: 616.062 Thread 0x000000005628b000 nmethod 14921 0x00000000042ded10 code [0x00000000042deee0, 0x00000000042df7a8]
Event: 616.174 Thread 0x0000000056274000 nmethod 14919 0x0000000004338450 code [0x00000000043387a0, 0x000000000433b750]
Event: 616.300 Thread 0x000000005628b000 14922       4       sun.nio.cs.ext.DoubleByte$Decoder::decodeLoop (28 bytes)
Event: 616.303 Thread 0x000000005628b000 nmethod 14922 0x00000000025e2ad0 code [0x00000000025e2c20, 0x00000000025e2d48]
Event: 616.678 Thread 0x000000005629a000 14923  s    3       com.android.builder.png.AaptProcess$ProcessOutputFacade::out (148 bytes)
Event: 616.682 Thread 0x000000005629a000 nmethod 14923 0x0000000004b68790 code [0x0000000004b68be0, 0x0000000004b6ba88]

GC Heap History (10 events):
Event: 407.328 GC heap before
{Heap before GC invocations=21 (full 5):
 PSYoungGen      total 325120K, used 117854K [0x00000000eab00000, 0x0000000100000000, 0x0000000100000000)
  eden space 304128K, 31% used [0x00000000eab00000,0x00000000f099a000,0x00000000fd400000)
  from space 20992K, 99% used [0x00000000fd400000,0x00000000fe87d9f8,0x00000000fe880000)
  to   space 24064K, 0% used [0x00000000fe880000,0x00000000fe880000,0x0000000100000000)
 ParOldGen       total 73728K, used 46607K [0x00000000c0000000, 0x00000000c4800000, 0x00000000eab00000)
  object space 73728K, 63% used [0x00000000c0000000,0x00000000c2d83f50,0x00000000c4800000)
 Metaspace       used 57965K, capacity 60034K, committed 60288K, reserved 1101824K
  class space    used 7580K, capacity 7994K, committed 8064K, reserved 1048576K
Event: 407.353 GC heap after
Heap after GC invocations=21 (full 5):
 PSYoungGen      total 323072K, used 4643K [0x00000000eab00000, 0x0000000100000000, 0x0000000100000000)
  eden space 299008K, 0% used [0x00000000eab00000,0x00000000eab00000,0x00000000fcf00000)
  from space 24064K, 19% used [0x00000000fe880000,0x00000000fed08e28,0x0000000100000000)
  to   space 25088K, 0% used [0x00000000fcf00000,0x00000000fcf00000,0x00000000fe780000)
 ParOldGen       total 73728K, used 46607K [0x00000000c0000000, 0x00000000c4800000, 0x00000000eab00000)
  object space 73728K, 63% used [0x00000000c0000000,0x00000000c2d83f50,0x00000000c4800000)
 Metaspace       used 57965K, capacity 60034K, committed 60288K, reserved 1101824K
  class space    used 7580K, capacity 7994K, committed 8064K, reserved 1048576K
}
Event: 407.353 GC heap before
{Heap before GC invocations=22 (full 6):
 PSYoungGen      total 323072K, used 4643K [0x00000000eab00000, 0x0000000100000000, 0x0000000100000000)
  eden space 299008K, 0% used [0x00000000eab00000,0x00000000eab00000,0x00000000fcf00000)
  from space 24064K, 19% used [0x00000000fe880000,0x00000000fed08e28,0x0000000100000000)
  to   space 25088K, 0% used [0x00000000fcf00000,0x00000000fcf00000,0x00000000fe780000)
 ParOldGen       total 73728K, used 46607K [0x00000000c0000000, 0x00000000c4800000, 0x00000000eab00000)
  object space 73728K, 63% used [0x00000000c0000000,0x00000000c2d83f50,0x00000000c4800000)
 Metaspace       used 57965K, capacity 60034K, committed 60288K, reserved 1101824K
  class space    used 7580K, capacity 7994K, committed 8064K, reserved 1048576K
Event: 407.809 GC heap after
Heap after GC invocations=22 (full 6):
 PSYoungGen      total 323072K, used 0K [0x00000000eab00000, 0x0000000100000000, 0x0000000100000000)
  eden space 299008K, 0% used [0x00000000eab00000,0x00000000eab00000,0x00000000fcf00000)
  from space 24064K, 0% used [0x00000000fe880000,0x00000000fe880000,0x0000000100000000)
  to   space 25088K, 0% used [0x00000000fcf00000,0x00000000fcf00000,0x00000000fe780000)
 ParOldGen       total 73728K, used 40334K [0x00000000c0000000, 0x00000000c4800000, 0x00000000eab00000)
  object space 73728K, 54% used [0x00000000c0000000,0x00000000c2763be0,0x00000000c4800000)
 Metaspace       used 57965K, capacity 60034K, committed 60288K, reserved 1101824K
  class space    used 7580K, capacity 7994K, committed 8064K, reserved 1048576K
}
Event: 468.663 GC heap before
{Heap before GC invocations=23 (full 6):
 PSYoungGen      total 323072K, used 299008K [0x00000000eab00000, 0x0000000100000000, 0x0000000100000000)
  eden space 299008K, 100% used [0x00000000eab00000,0x00000000fcf00000,0x00000000fcf00000)
  from space 24064K, 0% used [0x00000000fe880000,0x00000000fe880000,0x0000000100000000)
  to   space 25088K, 0% used [0x00000000fcf00000,0x00000000fcf00000,0x00000000fe780000)
 ParOldGen       total 73728K, used 40334K [0x00000000c0000000, 0x00000000c4800000, 0x00000000eab00000)
  object space 73728K, 54% used [0x00000000c0000000,0x00000000c2763be0,0x00000000c4800000)
 Metaspace       used 58257K, capacity 60322K, committed 60544K, reserved 1101824K
  class space    used 7595K, capacity 8014K, committed 8064K, reserved 1048576K
Event: 468.707 GC heap after
Heap after GC invocations=23 (full 6):
 PSYoungGen      total 324096K, used 11605K [0x00000000eab00000, 0x00000000fff00000, 0x0000000100000000)
  eden space 299008K, 0% used [0x00000000eab00000,0x00000000eab00000,0x00000000fcf00000)
  from space 25088K, 46% used [0x00000000fcf00000,0x00000000fda55568,0x00000000fe780000)
  to   space 24064K, 0% used [0x00000000fe780000,0x00000000fe780000,0x00000000fff00000)
 ParOldGen       total 73728K, used 40342K [0x00000000c0000000, 0x00000000c4800000, 0x00000000eab00000)
  object space 73728K, 54% used [0x00000000c0000000,0x00000000c2765be0,0x00000000c4800000)
 Metaspace       used 58257K, capacity 60322K, committed 60544K, reserved 1101824K
  class space    used 7595K, capacity 8014K, committed 8064K, reserved 1048576K
}
Event: 604.341 GC heap before
{Heap before GC invocations=24 (full 6):
 PSYoungGen      total 324096K, used 213299K [0x00000000eab00000, 0x00000000fff00000, 0x0000000100000000)
  eden space 299008K, 67% used [0x00000000eab00000,0x00000000f6ff77a0,0x00000000fcf00000)
  from space 25088K, 46% used [0x00000000fcf00000,0x00000000fda55568,0x00000000fe780000)
  to   space 24064K, 0% used [0x00000000fe780000,0x00000000fe780000,0x00000000fff00000)
 ParOldGen       total 73728K, used 40342K [0x00000000c0000000, 0x00000000c4800000, 0x00000000eab00000)
  object space 73728K, 54% used [0x00000000c0000000,0x00000000c2765be0,0x00000000c4800000)
 Metaspace       used 58739K, capacity 60948K, committed 61184K, reserved 1101824K
  class space    used 7629K, capacity 8069K, committed 8192K, reserved 1048576K
Event: 604.405 GC heap after
Heap after GC invocations=24 (full 6):
 PSYoungGen      total 322048K, used 9486K [0x00000000eab00000, 0x00000000ffd00000, 0x0000000100000000)
  eden space 300032K, 0% used [0x00000000eab00000,0x00000000eab00000,0x00000000fd000000)
  from space 22016K, 43% used [0x00000000fe780000,0x00000000ff0c3a40,0x00000000ffd00000)
  to   space 23040K, 0% used [0x00000000fd000000,0x00000000fd000000,0x00000000fe680000)
 ParOldGen       total 73728K, used 40350K [0x00000000c0000000, 0x00000000c4800000, 0x00000000eab00000)
  object space 73728K, 54% used [0x00000000c0000000,0x00000000c2767be0,0x00000000c4800000)
 Metaspace       used 58739K, capacity 60948K, committed 61184K, reserved 1101824K
  class space    used 7629K, capacity 8069K, committed 8192K, reserved 1048576K
}
Event: 604.405 GC heap before
{Heap before GC invocations=25 (full 7):
 PSYoungGen      total 322048K, used 9486K [0x00000000eab00000, 0x00000000ffd00000, 0x0000000100000000)
  eden space 300032K, 0% used [0x00000000eab00000,0x00000000eab00000,0x00000000fd000000)
  from space 22016K, 43% used [0x00000000fe780000,0x00000000ff0c3a40,0x00000000ffd00000)
  to   space 23040K, 0% used [0x00000000fd000000,0x00000000fd000000,0x00000000fe680000)
 ParOldGen       total 73728K, used 40350K [0x00000000c0000000, 0x00000000c4800000, 0x00000000eab00000)
  object space 73728K, 54% used [0x00000000c0000000,0x00000000c2767be0,0x00000000c4800000)
 Metaspace       used 58739K, capacity 60948K, committed 61184K, reserved 1101824K
  class space    used 7629K, capacity 8069K, committed 8192K, reserved 1048576K
Event: 604.966 GC heap after
Heap after GC invocations=25 (full 7):
 PSYoungGen      total 322048K, used 0K [0x00000000eab00000, 0x00000000ffd00000, 0x0000000100000000)
  eden space 300032K, 0% used [0x00000000eab00000,0x00000000eab00000,0x00000000fd000000)
  from space 22016K, 0% used [0x00000000fe780000,0x00000000fe780000,0x00000000ffd00000)
  to   space 23040K, 0% used [0x00000000fd000000,0x00000000fd000000,0x00000000fe680000)
 ParOldGen       total 73728K, used 42039K [0x00000000c0000000, 0x00000000c4800000, 0x00000000eab00000)
  object space 73728K, 57% used [0x00000000c0000000,0x00000000c290df18,0x00000000c4800000)
 Metaspace       used 58735K, capacity 60942K, committed 61184K, reserved 1101824K
  class space    used 7628K, capacity 8068K, committed 8192K, reserved 1048576K
}

Deoptimization events (10 events):
Event: 474.429 Thread 0x0000000059871000 Uncommon trap: reason=class_check action=maybe_recompile pc=0x0000000004136f88 method=java.lang.reflect.Array.newInstance(Ljava/lang/Class;I)Ljava/lang/Object; @ 2
Event: 474.662 Thread 0x000000005987c800 Uncommon trap: reason=class_check action=maybe_recompile pc=0x0000000004a6ba9c method=java.util.Collections$UnmodifiableMap$UnmodifiableEntrySet$UnmodifiableEntry.<init>(Ljava/util/Map$Entry;)V @ 9
Event: 474.662 Thread 0x000000005987c800 Uncommon trap: reason=class_check action=maybe_recompile pc=0x0000000004a6ba9c method=java.util.Collections$UnmodifiableMap$UnmodifiableEntrySet$UnmodifiableEntry.<init>(Ljava/util/Map$Entry;)V @ 9
Event: 474.662 Thread 0x000000005987c800 Uncommon trap: reason=class_check action=maybe_recompile pc=0x0000000004a6ba9c method=java.util.Collections$UnmodifiableMap$UnmodifiableEntrySet$UnmodifiableEntry.<init>(Ljava/util/Map$Entry;)V @ 9
Event: 474.662 Thread 0x000000005987c800 Uncommon trap: reason=class_check action=maybe_recompile pc=0x0000000004a6ba9c method=java.util.Collections$UnmodifiableMap$UnmodifiableEntrySet$UnmodifiableEntry.<init>(Ljava/util/Map$Entry;)V @ 9
Event: 601.131 Thread 0x0000000059871000 Uncommon trap: reason=class_check action=maybe_recompile pc=0x0000000004136f88 method=java.lang.reflect.Array.newInstance(Ljava/lang/Class;I)Ljava/lang/Object; @ 2
Event: 601.208 Thread 0x000000005986f800 Uncommon trap: reason=array_check action=maybe_recompile pc=0x00000000045137ec method=java.util.ComparableTimSort.binarySort([Ljava/lang/Object;III)V @ 193
Event: 601.222 Thread 0x000000005986f800 Uncommon trap: reason=array_check action=maybe_recompile pc=0x00000000045137ec method=java.util.ComparableTimSort.binarySort([Ljava/lang/Object;III)V @ 193
Event: 616.675 Thread 0x000000005b58b000 Uncommon trap: reason=unstable_if action=reinterpret pc=0x000000000433a9f8 method=com.android.builder.png.AaptProcess$NotifierProcessOutput.out(Ljava/lang/String;)V @ 121
Event: 616.675 Thread 0x000000005b58b000 Uncommon trap: reason=unstable_if action=reinterpret pc=0x00000000042df580 method=com.android.builder.png.AaptProcess$NotifierProcessOutput.out(Ljava/lang/String;)V @ 53

Internal exceptions (10 events):
Event: 407.849 Thread 0x0000000059871000 Exception <a 'java/lang/NoSuchMethodError': <clinit>> (0x00000000eacd7f38) thrown at [D:\re\workspace\8-2-build-windows-amd64-cygwin\jdk8u92\6642\hotspot\src\share\vm\prims\jni.cpp, line 1613]
Event: 440.809 Thread 0x0000000059874000 Exception <a 'java/lang/ClassNotFoundException': asLocalRepo31_84a6ake7o38ye3t1o59byp6epBeanInfo> (0x00000000eb0b8108) thrown at [D:\re\workspace\8-2-build-windows-amd64-cygwin\jdk8u92\6642\hotspot\src\share\vm\classfile\systemDictionary.cpp, line 210]
Event: 440.810 Thread 0x0000000059874000 Exception <a 'java/lang/ClassNotFoundException': asLocalRepo31_84a6ake7o38ye3t1o59byp6epCustomizer> (0x00000000eb0c1630) thrown at [D:\re\workspace\8-2-build-windows-amd64-cygwin\jdk8u92\6642\hotspot\src\share\vm\classfile\systemDictionary.cpp, line 210]
Event: 468.774 Thread 0x0000000059874000 Implicit null exception at 0x000000000392152f to 0x0000000003921c29
Event: 474.376 Thread 0x0000000059874000 Exception <a 'java/lang/reflect/InvocationTargetException'> (0x00000000ef4c08e0) thrown at [D:\re\workspace\8-2-build-windows-amd64-cygwin\jdk8u92\6642\hotspot\src\share\vm\runtime\reflection.cpp, line 1092]
Event: 601.210 Thread 0x000000005986f800 Exception <a 'java/lang/ClassNotFoundException': asLocalRepo32_5putrno9thb5wi28pe9k96flaBeanInfo> (0x00000000f2bd7d78) thrown at [D:\re\workspace\8-2-build-windows-amd64-cygwin\jdk8u92\6642\hotspot\src\share\vm\classfile\systemDictionary.cpp, line 210]
Event: 601.211 Thread 0x000000005986f800 Exception <a 'java/lang/ClassNotFoundException': asLocalRepo32_5putrno9thb5wi28pe9k96flaCustomizer> (0x00000000f2be12a0) thrown at [D:\re\workspace\8-2-build-windows-amd64-cygwin\jdk8u92\6642\hotspot\src\share\vm\classfile\systemDictionary.cpp, line 210]
Event: 616.709 Thread 0x0000000057b05000 StackOverflowError at 0x0000000002e1d100
Event: 616.709 Thread 0x0000000057b05000 Exception <a 'java/lang/StackOverflowError'> (0x00000000ef77c7c8) thrown at [D:\re\workspace\8-2-build-windows-amd64-cygwin\jdk8u92\6642\hotspot\src\share\vm\runtime\sharedRuntime.cpp, line 605]
Event: 616.709 Thread 0x0000000057b05000 Exception <a 'java/lang/StackOverflowError'> (0x00000000ef77c7c8) thrown at [D:\re\workspace\8-2-build-windows-amd64-cygwin\jdk8u92\6642\hotspot\src\share\vm\prims\jvm.cpp, line 1390]

Events (10 events):
Event: 616.675 Thread 0x000000005b58b000 DEOPT PACKING pc=0x00000000042df580 sp=0x000000006399ef90
Event: 616.675 Thread 0x000000005b58b000 DEOPT UNPACKING pc=0x00000000023c582a sp=0x000000006399ef68 mode 2
Event: 616.710 loading class java/lang/Throwable$WrappedPrintStream
Event: 616.710 loading class java/lang/Throwable$WrappedPrintStream done
Event: 616.710 Executing VM operation: RevokeBias
Event: 616.711 Executing VM operation: RevokeBias done
Event: 616.711 Executing VM operation: RevokeBias
Event: 616.711 Executing VM operation: RevokeBias done
Event: 616.711 Executing VM operation: RevokeBias
Event: 616.711 Executing VM operation: RevokeBias done


Dynamic libraries:
0x000000013f830000 - 0x000000013f867000 	C:\Program Files\Java\jdk1.8.0_92\bin\java.exe
0x0000000077190000 - 0x000000007733a000 	C:\windows\SYSTEM32\ntdll.dll
0x0000000076e30000 - 0x0000000076f4f000 	C:\windows\system32\kernel32.dll
0x000007fefd000000 - 0x000007fefd06b000 	C:\windows\system32\KERNELBASE.dll
0x000007fefdcf0000 - 0x000007fefddcb000 	C:\windows\system32\ADVAPI32.dll
0x000007fefd120000 - 0x000007fefd1bf000 	C:\windows\system32\msvcrt.dll
0x000007fefd350000 - 0x000007fefd36f000 	C:\windows\SYSTEM32\sechost.dll
0x000007fefddd0000 - 0x000007fefdefd000 	C:\windows\system32\RPCRT4.dll
0x0000000076f50000 - 0x000000007704a000 	C:\windows\system32\USER32.dll
0x000007fefe1a0000 - 0x000007fefe207000 	C:\windows\system32\GDI32.dll
0x000007fefd370000 - 0x000007fefd37e000 	C:\windows\system32\LPK.dll
0x000007feff3d0000 - 0x000007feff49a000 	C:\windows\system32\USP10.dll
0x000007fefb700000 - 0x000007fefb8f4000 	C:\windows\WinSxS\amd64_microsoft.windows.common-controls_6595b64144ccf1df_6.0.7601.18837_none_fa3b1e3d17594757\COMCTL32.dll
0x000007fefe4e0000 - 0x000007fefe551000 	C:\windows\system32\SHLWAPI.dll
0x000007fefdcc0000 - 0x000007fefdcee000 	C:\windows\system32\IMM32.DLL
0x000007fefdf10000 - 0x000007fefe019000 	C:\windows\system32\MSCTF.dll
0x0000000061ea0000 - 0x0000000061f72000 	C:\Program Files\Java\jdk1.8.0_92\jre\bin\msvcr100.dll
0x000000006b290000 - 0x000000006bb26000 	C:\Program Files\Java\jdk1.8.0_92\jre\bin\server\jvm.dll
0x000007fef52d0000 - 0x000007fef52d9000 	C:\windows\system32\WSOCK32.dll
0x000007fefd420000 - 0x000007fefd46d000 	C:\windows\system32\WS2_32.dll
0x000007fefdf00000 - 0x000007fefdf08000 	C:\windows\system32\NSI.dll
0x000007fefcfb0000 - 0x000007fefcfeb000 	C:\windows\system32\WINMM.dll
0x000007fefbd90000 - 0x000007fefbd9c000 	C:\windows\system32\VERSION.dll
0x0000000077360000 - 0x0000000077367000 	C:\windows\system32\PSAPI.DLL
0x0000000074210000 - 0x000000007421f000 	C:\Program Files\Java\jdk1.8.0_92\jre\bin\verify.dll
0x0000000071cd0000 - 0x0000000071cf9000 	C:\Program Files\Java\jdk1.8.0_92\jre\bin\java.dll
0x0000000071d10000 - 0x0000000071d26000 	C:\Program Files\Java\jdk1.8.0_92\jre\bin\zip.dll
0x000007fefe560000 - 0x000007feff2e9000 	C:\windows\system32\SHELL32.dll
0x000007fefdab0000 - 0x000007fefdcb3000 	C:\windows\system32\ole32.dll
0x000007fefcca0000 - 0x000007fefccaf000 	C:\windows\system32\profapi.dll
0x0000000071cb0000 - 0x0000000071cca000 	C:\Program Files\Java\jdk1.8.0_92\jre\bin\net.dll
0x000007fefc440000 - 0x000007fefc495000 	C:\windows\system32\mswsock.dll
0x000007fefc430000 - 0x000007fefc437000 	C:\windows\System32\wship6.dll
0x0000000070840000 - 0x0000000070851000 	C:\Program Files\Java\jdk1.8.0_92\jre\bin\nio.dll
0x000007fef7660000 - 0x000007fef7672000 	C:\Users\Administrator\.gradle\native\19\windows-amd64\native-platform.dll
0x000007fefa620000 - 0x000007fefa647000 	C:\windows\system32\IPHLPAPI.DLL
0x000007fefa610000 - 0x000007fefa61b000 	C:\windows\system32\WINNSI.DLL
0x000007fefa4a0000 - 0x000007fefa4b1000 	C:\windows\system32\dhcpcsvc6.DLL
0x000007fefa420000 - 0x000007fefa438000 	C:\windows\system32\dhcpcsvc.DLL
0x000007fefc4a0000 - 0x000007fefc4b8000 	C:\windows\system32\CRYPTSP.dll
0x000007fefc1a0000 - 0x000007fefc1e7000 	C:\windows\system32\rsaenh.dll
0x000007fefd0e0000 - 0x000007fefd0fe000 	C:\windows\system32\USERENV.dll
0x000007fefcb40000 - 0x000007fefcb4f000 	C:\windows\system32\CRYPTBASE.dll
0x000007fefcae0000 - 0x000007fefcb37000 	C:\windows\system32\apphelp.dll
0x0000000074220000 - 0x000000007422d000 	C:\Program Files\Java\jdk1.8.0_92\jre\bin\management.dll
0x000007fef42d0000 - 0x000007fef43f5000 	C:\windows\system32\dbghelp.dll

VM Arguments:
jvm_args: -XX:MaxPermSize=256m -XX:+HeapDumpOnOutOfMemoryError -Xmx1024m -Dfile.encoding=GBK -Duser.country=CN -Duser.language=zh -Duser.variant 
java_command: org.gradle.launcher.daemon.bootstrap.GradleDaemon 2.10
java_class_path (initial): E:\tool\Android Studio\gradle\gradle-2.10\lib\gradle-launcher-2.10.jar
Launcher Type: SUN_STANDARD

Environment Variables:
JAVA_HOME=C:\Program Files\Java\jdk1.8.0_92
PATH=C:\Program Files\Java\jdk1.8.0_92\bin;C:\ProgramData\Oracle\Java\javapath;C:\Program Files (x86)\MySQL\MySQL Server 5.1\bin;C:\windows\system32;C:\windows;C:\windows\System32\Wbem;C:\windows\System32\WindowsPowerShell\v1.0\;C:\Program Files\Git\cmd
USERNAME=Administrator
OS=Windows_NT
PROCESSOR_IDENTIFIER=Intel64 Family 6 Model 37 Stepping 5, GenuineIntel



---------------  S Y S T E M  ---------------

OS: Windows 7 , 64 bit Build 7601 (6.1.7601.19135)

CPU:total 4 (2 cores per cpu, 2 threads per core) family 6 model 37 stepping 5, cmov, cx8, fxsr, mmx, sse, sse2, sse3, ssse3, sse4.1, sse4.2, popcnt, aes, clmul, ht, tsc, tscinvbit

Memory: 4k page, physical 6216952k(1398392k free), swap 7263692k(4784k free)

vm_info: Java HotSpot(TM) 64-Bit Server VM (25.92-b14) for windows-amd64 JRE (1.8.0_92-b14), built on Mar 31 2016 21:03:04 by "java_re" with MS VC++ 10.0 (VS2010)

time: Fri Sep 09 13:59:34 2016
elapsed time: 616 seconds (0d 0h 10m 16s)

