#
# There is insufficient memory for the Java Runtime Environment to continue.
# Native memory allocation (malloc) failed to allocate 197936 bytes for Chunk::new
# Possible reasons:
#   The system is out of physical RAM or swap space
#   In 32 bit mode, the process size limit was hit
# Possible solutions:
#   Reduce memory load on the system
#   Increase physical memory or swap space
#   Check if swap backing store is full
#   Use 64 bit Java on a 64 bit OS
#   Decrease Java heap size (-Xmx/-Xms)
#   Decrease number of Java threads
#   Decrease Java thread stack sizes (-Xss)
#   Set larger code cache with -XX:ReservedCodeCacheSize=
# This output file may be truncated or incomplete.
#
#  Out of Memory Error (allocation.cpp:390), pid=8728, tid=0x0000000000001a24
#
# JRE version: Java(TM) SE Runtime Environment (8.0_92-b14) (build 1.8.0_92-b14)
# Java VM: Java HotSpot(TM) 64-Bit Server VM (25.92-b14 mixed mode windows-amd64 compressed oops)
# Failed to write core dump. Minidumps are not enabled by default on client versions of Windows
#

---------------  T H R E A D  ---------------

Current thread (0x0000000054fec000):  JavaThread "C2 CompilerThread1" daemon [_thread_in_native, id=6692, stack(0x0000000056c40000,0x0000000056d40000)]

Stack: [0x0000000056c40000,0x0000000056d40000]
[error occurred during error reporting (printing stack bounds), id 0xc0000005]

Native frames: (J=compiled Java code, j=interpreted, Vv=VM code, C=native code)


Current CompileTask:
C2:   2273 1063       4       com.android.dx.ssa.back.LivenessAnalyzer::run (231 bytes)


---------------  P R O C E S S  ---------------

Java Threads: ( => current thread )
  0x000000005665e000 JavaThread "pool-1-thread-4" [_thread_blocked, id=6376, stack(0x0000000057710000,0x0000000057810000)]
  0x000000005655a800 JavaThread "pool-1-thread-2" [_thread_in_Java, id=1148, stack(0x0000000057380000,0x0000000057480000)]
  0x000000005655a000 JavaThread "pool-2-thread-1" [_thread_blocked, id=3060, stack(0x0000000057050000,0x0000000057150000)]
  0x0000000056558000 JavaThread "pool-1-thread-1" [_thread_blocked, id=7224, stack(0x0000000056b40000,0x0000000056c40000)]
  0x0000000056427000 JavaThread "Service Thread" daemon [_thread_blocked, id=9124, stack(0x0000000056f40000,0x0000000057040000)]
  0x0000000054fed000 JavaThread "C1 CompilerThread2" daemon [_thread_blocked, id=8924, stack(0x0000000056e40000,0x0000000056f40000)]
=>0x0000000054fec000 JavaThread "C2 CompilerThread1" daemon [_thread_in_native, id=6692, stack(0x0000000056c40000,0x0000000056d40000)]
  0x0000000056396000 JavaThread "C2 CompilerThread0" daemon [_thread_in_native, id=8284, stack(0x00000000569b0000,0x0000000056ab0000)]
  0x000000005638a800 JavaThread "Attach Listener" daemon [_thread_blocked, id=3340, stack(0x0000000056110000,0x0000000056210000)]
  0x0000000054fe9000 JavaThread "Signal Dispatcher" daemon [_thread_blocked, id=3588, stack(0x00000000567c0000,0x00000000568c0000)]
  0x0000000054fc3000 JavaThread "Finalizer" daemon [_thread_blocked, id=3156, stack(0x0000000056280000,0x0000000056380000)]
  0x0000000054f82000 JavaThread "Reference Handler" daemon [_thread_blocked, id=1120, stack(0x0000000055fb0000,0x00000000560b0000)]
  0x000000000028f000 JavaThread "main" [_thread_blocked, id=8848, stack(0x0000000002670000,0x0000000002770000)]

Other Threads:
  0x0000000054f7a000 VMThread [stack: 0x0000000055e70000,0x0000000055f70000] [id=5456]
  0x000000005642f800 WatcherThread [stack: 0x0000000057160000,0x0000000057260000] [id=6340]

VM state:not at safepoint (normal execution)

VM Mutex/Monitor currently owned by a thread: None

Heap:
 PSYoungGen      total 28672K, used 11941K [0x00000000eab00000, 0x00000000ecb00000, 0x0000000100000000)
  eden space 24576K, 31% used [0x00000000eab00000,0x00000000eb2ab6f0,0x00000000ec300000)
  from space 4096K, 99% used [0x00000000ec300000,0x00000000ec6fe058,0x00000000ec700000)
  to   space 4096K, 0% used [0x00000000ec700000,0x00000000ec700000,0x00000000ecb00000)
 ParOldGen       total 65536K, used 2083K [0x00000000c0000000, 0x00000000c4000000, 0x00000000eab00000)
  object space 65536K, 3% used [0x00000000c0000000,0x00000000c0208c10,0x00000000c4000000)
 Metaspace       used 5929K, capacity 6838K, committed 7040K, reserved 1056768K
  class space    used 607K, capacity 622K, committed 640K, reserved 1048576K

Card table byte_map: [0x0000000011b30000,0x0000000011d40000] byte_map_base: 0x0000000011530000

Marking Bits: (ParMarkBitMap*) 0x00000000708064f0
 Begin Bits: [0x00000000123f0000, 0x00000000133f0000)
 End Bits:   [0x00000000133f0000, 0x00000000143f0000)

Polling page: 0x0000000000230000

CodeCache: size=245760Kb used=4145Kb max_used=4159Kb free=241614Kb
 bounds [0x0000000002770000, 0x0000000002b90000, 0x0000000011770000]
 total_blobs=1301 nmethods=1033 adapters=182
 compilation: enabled

Compilation events (10 events):
Event: 2.225 Thread 0x0000000054fec000 nmethod 1045 0x0000000002b6eed0 code [0x0000000002b6f000, 0x0000000002b6f0d8]
Event: 2.225 Thread 0x0000000054fec000 1007       4       com.android.dx.util.BitIntSet$1::hasNext (13 bytes)
Event: 2.226 Thread 0x0000000054fec000 nmethod 1007 0x0000000002b5e410 code [0x0000000002b5e540, 0x0000000002b5e598]
Event: 2.226 Thread 0x0000000054fec000 1030       4       com.android.dx.ssa.SsaMethod$2::visitNonMoveInsn (6 bytes)
Event: 2.227 Thread 0x0000000054fec000 nmethod 1030 0x0000000002b78210 code [0x0000000002b78360, 0x0000000002b783c8]
Event: 2.227 Thread 0x0000000054fec000 1052       4       java.util.HashMap::put (13 bytes)
Event: 2.238 Thread 0x0000000056396000 nmethod 1053 0x0000000002b7c710 code [0x0000000002b7c8e0, 0x0000000002b7d1e8]
Event: 2.239 Thread 0x0000000056396000 1060   !   4       com.android.dx.cf.code.BytecodeArray::parseInstruction (2764 bytes)
Event: 2.245 Thread 0x0000000054fec000 nmethod 1052 0x0000000002b84c10 code [0x0000000002b84de0, 0x0000000002b85688]
Event: 2.245 Thread 0x0000000054fec000 1063       4       com.android.dx.ssa.back.LivenessAnalyzer::run (231 bytes)

GC Heap History (2 events):
Event: 2.058 GC heap before
{Heap before GC invocations=1 (full 0):
 PSYoungGen      total 28672K, used 24576K [0x00000000eab00000, 0x00000000ecb00000, 0x0000000100000000)
  eden space 24576K, 100% used [0x00000000eab00000,0x00000000ec300000,0x00000000ec300000)
  from space 4096K, 0% used [0x00000000ec700000,0x00000000ec700000,0x00000000ecb00000)
  to   space 4096K, 0% used [0x00000000ec300000,0x00000000ec300000,0x00000000ec700000)
 ParOldGen       total 65536K, used 0K [0x00000000c0000000, 0x00000000c4000000, 0x00000000eab00000)
  object space 65536K, 0% used [0x00000000c0000000,0x00000000c0000000,0x00000000c4000000)
 Metaspace       used 5908K, capacity 6838K, committed 7040K, reserved 1056768K
  class space    used 607K, capacity 622K, committed 640K, reserved 1048576K
Event: 2.142 GC heap after
Heap after GC invocations=1 (full 0):
 PSYoungGen      total 28672K, used 4088K [0x00000000eab00000, 0x00000000ecb00000, 0x0000000100000000)
  eden space 24576K, 0% used [0x00000000eab00000,0x00000000eab00000,0x00000000ec300000)
  from space 4096K, 99% used [0x00000000ec300000,0x00000000ec6fe058,0x00000000ec700000)
  to   space 4096K, 0% used [0x00000000ec700000,0x00000000ec700000,0x00000000ecb00000)
 ParOldGen       total 65536K, used 2083K [0x00000000c0000000, 0x00000000c4000000, 0x00000000eab00000)
  object space 65536K, 3% used [0x00000000c0000000,0x00000000c0208c10,0x00000000c4000000)
 Metaspace       used 5908K, capacity 6838K, committed 7040K, reserved 1056768K
  class space    used 607K, capacity 622K, committed 640K, reserved 1048576K
}

Deoptimization events (10 events):
Event: 1.583 Thread 0x000000005666a000 Uncommon trap: reason=class_check action=maybe_recompile pc=0x00000000029968e0 method=com.android.dx.ssa.NormalSsaInsn.accept(Lcom/android/dx/ssa/SsaInsn$Visitor;)V @ 9
Event: 1.638 Thread 0x000000005666a000 Uncommon trap: reason=class_check action=maybe_recompile pc=0x00000000029968e0 method=com.android.dx.ssa.NormalSsaInsn.accept(Lcom/android/dx/ssa/SsaInsn$Visitor;)V @ 9
Event: 1.646 Thread 0x000000005655a800 Uncommon trap: reason=unstable_if action=reinterpret pc=0x000000000297fa20 method=java.util.BitSet.nextSetBit(I)I @ 87
Event: 1.704 Thread 0x000000005655a800 Uncommon trap: reason=unstable_if action=reinterpret pc=0x00000000029af584 method=com.android.dx.rop.cst.Constant.compareTo(Lcom/android/dx/rop/cst/Constant;)I @ 12
Event: 1.727 Thread 0x000000005655a800 Uncommon trap: reason=unstable_if action=reinterpret pc=0x000000000299b5a4 method=java.util.HashMap.getNode(ILjava/lang/Object;)Ljava/util/HashMap$Node; @ 129
Event: 1.918 Thread 0x000000005665e000 Uncommon trap: reason=unstable_if action=reinterpret pc=0x0000000002b2abac method=com.android.dx.util.IntList.binarysearch(I)I @ 105
Event: 2.190 Thread 0x000000005655a800 Uncommon trap: reason=unstable_if action=reinterpret pc=0x0000000002b22d5c method=com.android.dx.rop.code.RegisterSpecSet.put(Lcom/android/dx/rop/code/RegisterSpec;)V @ 77
Event: 2.190 Thread 0x000000005655a800 Uncommon trap: reason=unstable_if action=reinterpret pc=0x0000000002a7d214 method=com.android.dx.rop.code.RegisterSpecSet.put(Lcom/android/dx/rop/code/RegisterSpec;)V @ 77
Event: 2.194 Thread 0x000000005655a800 Uncommon trap: reason=bimorphic action=maybe_recompile pc=0x0000000002b1ef40 method=java.util.HashMap.getNode(ILjava/lang/Object;)Ljava/util/HashMap$Node; @ 126
Event: 2.253 Thread 0x000000005655a800 Uncommon trap: reason=unstable_if action=reinterpret pc=0x0000000002a25580 method=com.android.dx.rop.code.RegisterSpec.equals(ILcom/android/dx/rop/type/TypeBearer;Lcom/android/dx/rop/code/LocalItem;)Z @ 42

Internal exceptions (2 events):
Event: 0.081 Thread 0x000000000028f000 Exception <a 'java/lang/NoSuchMethodError': Method sun.misc.Unsafe.defineClass(Ljava/lang/String;[BII)Ljava/lang/Class; name or signature does not match> (0x00000000eab07cc0) thrown at [D:\re\workspace\8-2-build-windows-amd64-cygwin\jdk8u92\6642\hotspot\srKí:k^£´?
Event: 0.081 Thread 0x000000000028f000 Exception <a 'java/lang/NoSuchMethodError': Method sun.misc.Unsafe.prefetchRead(Ljava/lang/Object;J)V name or signature does not match> (0x00000000eab07fa8) thrown at [D:\re\workspace\8-2-build-windows-amd64-cygwin\jdk8u92\6642\hotspot\src\share\vm\prims\j

Events (10 events):
Event: 2.190 Thread 0x000000005655a800 Uncommon trap: trap_request=0xffffff65 fr.pc=0x0000000002a7d214
Event: 2.190 Thread 0x000000005655a800 DEOPT PACKING pc=0x0000000002a7d214 sp=0x000000005747ea30
Event: 2.190 Thread 0x000000005655a800 DEOPT UNPACKING pc=0x00000000027b582a sp=0x000000005747e950 mode 2
Event: 2.194 Thread 0x000000005655a800 Uncommon trap: trap_request=0xffffffc6 fr.pc=0x0000000002b1ef40
Event: 2.194 Thread 0x000000005655a800 DEOPT PACKING pc=0x0000000002b1ef40 sp=0x000000005747ea90
Event: 2.194 Thread 0x000000005655a800 DEOPT UNPACKING pc=0x00000000027b582a sp=0x000000005747e9c8 mode 2
Event: 2.253 Thread 0x000000005655a800 Uncommon trap: trap_request=0xffffff65 fr.pc=0x0000000002a25580
Event: 2.253 Thread 0x000000005655a800 DEOPT PACKING pc=0x0000000002a25580 sp=0x000000005747ea00
Event: 2.253 Thread 0x000000005655a800 DEOPT UNPACKING pc=0x00000000027b582a sp=0x000000005747e988 mode 2
Event: 2.265 Thread 0x000000005666a000 Thread exited: 0x000000005666a000


Dynamic libraries:
0x000000013ff90000 - 0x000000013ffc7000 	C:\Program Files\Java\jdk1.8.0_92\bin\java.exe
0x0000000077190000 - 0x000000007733a000 	C:\windows\SYSTEM32\ntdll.dll
0x0000000076f70000 - 0x000000007708f000 	C:\windows\system32\kernel32.dll
0x000007fefcfd0000 - 0x000007fefd03b000 	C:\windows\system32\KERNELBASE.dll
0x000007fefd160000 - 0x000007fefd23b000 	C:\windows\system32\ADVAPI32.dll
0x000007feff330000 - 0x000007feff3cf000 	C:\windows\system32\msvcrt.dll
0x000007fefeee0000 - 0x000007fefeeff000 	C:\windows\SYSTEM32\sechost.dll
0x000007fefec40000 - 0x000007fefed6d000 	C:\windows\system32\RPCRT4.dll
0x0000000077090000 - 0x000000007718a000 	C:\windows\system32\USER32.dll
0x000007fefee70000 - 0x000007fefeed7000 	C:\windows\system32\GDI32.dll
0x000007fefe630000 - 0x000007fefe63e000 	C:\windows\system32\LPK.dll
0x000007feff3d0000 - 0x000007feff49a000 	C:\windows\system32\USP10.dll
0x000007fefb700000 - 0x000007fefb8f4000 	C:\windows\WinSxS\amd64_microsoft.windows.common-controls_6595b64144ccf1df_6.0.7601.18837_none_fa3b1e3d17594757\COMCTL32.dll
0x000007fefef10000 - 0x000007fefef81000 	C:\windows\system32\SHLWAPI.dll
0x000007fefe850000 - 0x000007fefe87e000 	C:\windows\system32\IMM32.DLL
0x000007feff170000 - 0x000007feff279000 	C:\windows\system32\MSCTF.dll
0x000000006fc90000 - 0x000000006fd62000 	C:\Program Files\Java\jdk1.8.0_92\jre\bin\msvcr100.dll
0x000000006fff0000 - 0x0000000070886000 	C:\Program Files\Java\jdk1.8.0_92\jre\bin\server\jvm.dll
0x000007fef71b0000 - 0x000007fef71b9000 	C:\windows\system32\WSOCK32.dll
0x000007fefe920000 - 0x000007fefe96d000 	C:\windows\system32\WS2_32.dll
0x000007fefef00000 - 0x000007fefef08000 	C:\windows\system32\NSI.dll
0x000007fefd050000 - 0x000007fefd08b000 	C:\windows\system32\WINMM.dll
0x000007fefbd90000 - 0x000007fefbd9c000 	C:\windows\system32\VERSION.dll
0x0000000077360000 - 0x0000000077367000 	C:\windows\system32\PSAPI.DLL
0x0000000074210000 - 0x000000007421f000 	C:\Program Files\Java\jdk1.8.0_92\jre\bin\verify.dll
0x00000000725d0000 - 0x00000000725f9000 	C:\Program Files\Java\jdk1.8.0_92\jre\bin\java.dll
0x0000000072610000 - 0x0000000072626000 	C:\Program Files\Java\jdk1.8.0_92\jre\bin\zip.dll
0x000007fefd450000 - 0x000007fefe1d9000 	C:\windows\system32\SHELL32.dll
0x000007fefe640000 - 0x000007fefe843000 	C:\windows\system32\ole32.dll
0x000007fefcca0000 - 0x000007fefccaf000 	C:\windows\system32\profapi.dll

VM Arguments:
jvm_args: -Djava.awt.headless=true -Xmx1024M -Dfile.encoding=GBK -Duser.country=CN -Duser.language=zh -Duser.variant 
java_command: com.android.dx.command.Main --dex --force-jumbo --num-threads=4 --output F:\ToplineNews\app\build\intermediates\pre-dexed\debug\com.android.support-support-vector-drawable-23.4.0_a9cb9417076dfa5069c0d31930ff46c75b012f3c.jar F:\ToplineNews\app\build\intermediates\exploded-aar\com.android.support\support-vector-drawable\23.4.0\jars\classes.jar
java_class_path (initial): E:\tool\sdk\build-tools\24.0.1\lib\dx.jar
Launcher Type: SUN_STANDARD

Environment Variables:
JAVA_HOME=C:\Program Files\Java\jdk1.8.0_92
PATH=C:\Program Files\Java\jdk1.8.0_92\bin;C:\ProgramData\Oracle\Java\javapath;C:\Program Files (x86)\MySQL\MySQL Server 5.1\bin;C:\windows\system32;C:\windows;C:\windows\System32\Wbem;C:\windows\System32\WindowsPowerShell\v1.0\;
USERNAME=Administrator
OS=Windows_NT
PROCESSOR_IDENTIFIER=Intel64 Family 6 Model 37 Stepping 5, GenuineIntel



---------------  S Y S T E M  ---------------

OS: Windows 7 , 64 bit Build 7601 (6.1.7601.19135)

CPU:total 4 (2 cores per cpu, 2 threads per core) family 6 model 37 stepping 5, cmov, cx8, fxsr, mmx, sse, sse2, sse3, ssse3, sse4.1, sse4.2, popcnt, aes, clmul, ht, tsc, tscinvbit

Memory: 4k page, physical 6216952k(1669992k free), swap 7263692k(5104k free)

vm_info: Java HotSpot(TM) 64-Bit Server VM (25.92-b14) for windows-amd64 JRE (1.8.0_92-b14), built on Mar 31 2016 21:03:04 by "java_re" with MS VC++ 10.0 (VS2010)

time: Thu Sep 01 17:06:35 2016
elapsed time: 2 seconds (0d 0h 0m 2s)

