#
# There is insufficient memory for the Java Runtime Environment to continue.
# Native memory allocation (malloc) failed to allocate 32744 bytes for ChunkPool::allocate
# Possible reasons:
#   The system is out of physical RAM or swap space
#   In 32 bit mode, the process size limit was hit
# Possible solutions:
#   Reduce memory load on the system
#   Increase physical memory or swap space
#   Check if swap backing store is full
#   Use 64 bit Java on a 64 bit OS
#   Decrease Java heap size (-Xmx/-Xms)
#   Decrease number of Java threads
#   Decrease Java thread stack sizes (-Xss)
#   Set larger code cache with -XX:ReservedCodeCacheSize=
# This output file may be truncated or incomplete.
#
#  Out of Memory Error (allocation.cpp:273), pid=2964, tid=0x0000000000001ab4
#
# JRE version: Java(TM) SE Runtime Environment (8.0_92-b14) (build 1.8.0_92-b14)
# Java VM: Java HotSpot(TM) 64-Bit Server VM (25.92-b14 mixed mode windows-amd64 compressed oops)
# Failed to write core dump. Minidumps are not enabled by default on client versions of Windows
#

---------------  T H R E A D  ---------------

Current thread (0x00000000563fd800):  JavaThread "C1 CompilerThread2" daemon [_thread_in_native, id=6836, stack(0x0000000056ff0000,0x00000000570f0000)]

Stack: [0x0000000056ff0000,0x00000000570f0000]
[error occurred during error reporting (printing stack bounds), id 0xc0000005]

Native frames: (J=compiled Java code, j=interpreted, Vv=VM code, C=native code)


Current CompileTask:
C1:   5040  676   !   3       com.android.dx.cf.code.BytecodeArray::
[error occurred during error reporting (printing current compile task), id 0xe0000001]


---------------  P R O C E S S  ---------------

Java Threads: ( => current thread )
  0x00000000566bb000 JavaThread "pool-1-thread-4" [_thread_blocked, id=3548, stack(0x0000000058390000,0x0000000058490000)]
  0x00000000566b7800 JavaThread "pool-1-thread-3" [_thread_in_Java, id=8556, stack(0x00000000581d0000,0x00000000582d0000)]
  0x00000000566b7000 JavaThread "pool-1-thread-2" [_thread_blocked, id=5464, stack(0x0000000057fa0000,0x00000000580a0000)]
  0x00000000566b5000 JavaThread "pool-2-thread-1" [_thread_blocked, id=8444, stack(0x0000000057d50000,0x0000000057e50000)]
  0x00000000566b0000 JavaThread "pool-1-thread-1" [_thread_blocked, id=8644, stack(0x0000000057b60000,0x0000000057c60000)]
  0x0000000056445000 JavaThread "Service Thread" daemon [_thread_blocked, id=8988, stack(0x0000000057190000,0x0000000057290000)]
=>0x00000000563fd800 JavaThread "C1 CompilerThread2" daemon [_thread_in_native, id=6836, stack(0x0000000056ff0000,0x00000000570f0000)]
  0x00000000563b4800 JavaThread "C2 CompilerThread1" daemon [_thread_blocked, id=9116, stack(0x0000000056e90000,0x0000000056f90000)]
  0x00000000563b0800 JavaThread "C2 CompilerThread0" daemon [_thread_blocked, id=8592, stack(0x0000000056ca0000,0x0000000056da0000)]
  0x000000005500b000 JavaThread "Attach Listener" daemon [_thread_blocked, id=3624, stack(0x0000000056b30000,0x0000000056c30000)]
  0x000000005501f000 JavaThread "Signal Dispatcher" daemon [_thread_blocked, id=4948, stack(0x00000000568e0000,0x00000000569e0000)]
  0x0000000054ff9000 JavaThread "Finalizer" daemon [_thread_blocked, id=6232, stack(0x00000000562a0000,0x00000000563a0000)]
  0x0000000054fb2000 JavaThread "Reference Handler" daemon [_thread_blocked, id=7080, stack(0x0000000056050000,0x0000000056150000)]
  0x0000000001d3f000 JavaThread "main" [_thread_in_native, id=1408, stack(0x0000000002750000,0x0000000002850000)]

Other Threads:
  0x0000000054faa000 VMThread [stack: 0x0000000056170000,0x0000000056270000] [id=8748]
  0x000000005645e000 WatcherThread [stack: 0x00000000567e0000,0x00000000568e0000] [id=8844]

VM state:not at safepoint (normal execution)

VM Mutex/Monitor currently owned by a thread: None

Heap:
 PSYoungGen      total 28672K, used 6241K [0x00000000eab00000, 0x00000000ee300000, 0x0000000100000000)
  eden space 24576K, 10% used [0x00000000eab00000,0x00000000ead717a0,0x00000000ec300000)
  from space 4096K, 91% used [0x00000000ec300000,0x00000000ec6a6d38,0x00000000ec700000)
  to   space 4096K, 0% used [0x00000000edf00000,0x00000000edf00000,0x00000000ee300000)
 ParOldGen       total 65536K, used 0K [0x00000000c0000000, 0x00000000c4000000, 0x00000000eab00000)
  object space 65536K, 0% used [0x00000000c0000000,0x00000000c0000000,0x00000000c4000000)
 Metaspace       used 5719K, capacity 6642K, committed 6784K, reserved 1056768K
  class space    used 601K, capacity 618K, committed 640K, reserved 1048576K

Card table byte_map: [0x0000000011c10000,0x0000000011e20000] byte_map_base: 0x0000000011610000

Marking Bits: (ParMarkBitMap*) 0x00000000708064f0
 Begin Bits: [0x0000000012420000, 0x0000000013420000)
 End Bits:   [0x0000000013420000, 0x0000000014420000)

Polling page: 0x0000000000430000

CodeCache: size=245760Kb used=2438Kb max_used=2449Kb free=243321Kb
 bounds [0x0000000002850000, 0x0000000002ac0000, 0x0000000011850000]
 total_blobs=932 nmethods=664 adapters=182
 compilation: enabled

Compilation events (10 events):
Event: 5.023 Thread 0x00000000563fd800 nmethod 667 0x0000000002aae110 code [0x0000000002aae2e0, 0x0000000002aaeaa8]
Event: 5.024 Thread 0x00000000563fd800  668       3       com.android.dx.cf.direct.DirectClassFile::parseToInterfacesIfNecessary (13 bytes)
Event: 5.024 Thread 0x00000000563fd800 nmethod 668 0x0000000002ab45d0 code [0x0000000002ab4740, 0x0000000002ab4908]
Event: 5.024 Thread 0x00000000563fd800  669       3       com.android.dx.rop.type.Type::compareTo (9 bytes)
Event: 5.025 Thread 0x00000000563fd800 nmethod 669 0x0000000002ab3f50 code [0x0000000002ab40c0, 0x0000000002ab4488]
Event: 5.025 Thread 0x00000000563fd800  671       3       java.util.TreeMap$PrivateEntryIterator::hasNext (13 bytes)
Event: 5.025 Thread 0x00000000563fd800 nmethod 671 0x0000000002ab3bd0 code [0x0000000002ab3d20, 0x0000000002ab3ed0]
Event: 5.025 Thread 0x00000000563fd800  676   !   3       com.android.dx.cf.code.BytecodeArray::parseInstruction (2764 bytes)
Event: 5.029 Thread 0x00000000563b0800  687   !   4       com.android.dx.util.IntList::<init> (37 bytes)
Event: 5.031 Thread 0x00000000563b0800 nmethod 687 0x0000000002ab2390 code [0x0000000002ab24e0, 0x0000000002ab2618]

GC Heap History (2 events):
Event: 4.485 GC heap before
{Heap before GC invocations=1 (full 0):
 PSYoungGen      total 28672K, used 24576K [0x00000000eab00000, 0x00000000ecb00000, 0x0000000100000000)
  eden space 24576K, 100% used [0x00000000eab00000,0x00000000ec300000,0x00000000ec300000)
  from space 4096K, 0% used [0x00000000ec700000,0x00000000ec700000,0x00000000ecb00000)
  to   space 4096K, 0% used [0x00000000ec300000,0x00000000ec300000,0x00000000ec700000)
 ParOldGen       total 65536K, used 0K [0x00000000c0000000, 0x00000000c4000000, 0x00000000eab00000)
  object space 65536K, 0% used [0x00000000c0000000,0x00000000c0000000,0x00000000c4000000)
 Metaspace       used 5623K, capacity 6578K, committed 6784K, reserved 1056768K
  class space    used 600K, capacity 618K, committed 640K, reserved 1048576K
Event: 4.904 GC heap after
Heap after GC invocations=1 (full 0):
 PSYoungGen      total 28672K, used 3739K [0x00000000eab00000, 0x00000000ee300000, 0x0000000100000000)
  eden space 24576K, 0% used [0x00000000eab00000,0x00000000eab00000,0x00000000ec300000)
  from space 4096K, 91% used [0x00000000ec300000,0x00000000ec6a6d38,0x00000000ec700000)
  to   space 4096K, 0% used [0x00000000edf00000,0x00000000edf00000,0x00000000ee300000)
 ParOldGen       total 65536K, used 0K [0x00000000c0000000, 0x00000000c4000000, 0x00000000eab00000)
  object space 65536K, 0% used [0x00000000c0000000,0x00000000c0000000,0x00000000c4000000)
 Metaspace       used 5623K, capacity 6578K, committed 6784K, reserved 1056768K
  class space    used 600K, capacity 618K, committed 640K, reserved 1048576K
}

Deoptimization events (2 events):
Event: 3.314 Thread 0x0000000001d3f000 Uncommon trap: reason=unstable_if action=reinterpret pc=0x00000000029a30c4 method=java.lang.String.compareTo(Ljava/lang/String;)I @ 38
Event: 4.403 Thread 0x00000000566b0000 Uncommon trap: reason=unstable_if action=reinterpret pc=0x0000000002a37ce0 method=java.util.HashMap.getNode(ILjava/lang/Object;)Ljava/util/HashMap$Node; @ 62

Internal exceptions (2 events):
Event: 0.381 Thread 0x0000000001d3f000 Exception <a 'java/lang/NoSuchMethodError': Method sun.misc.Unsafe.defineClass(Ljava/lang/String;[BII)Ljava/lang/Class; name or signature does not match> (0x00000000eab07cc0) thrown at [D:\re\workspace\8-2-build-windows-amd64-cygwin\jdk8u92\6642\hotspot\sr
kù“ãiØ?
Event: 0.381 Thread 0x0000000001d3f000 Exception <a 'java/lang/NoSuchMethodError': Method sun.misc.Unsafe.prefetchRead(Ljava/lang/Object;J)V name or signature does not match> (0x00000000eab07fa8) thrown at [D:\re\workspace\8-2-build-windows-amd64-cygwin\jdk8u92\6642\hotspot\src\share\vm\prims\j

Events (10 events):
Event: 4.403 Thread 0x00000000566b0000 DEOPT PACKING pc=0x0000000002a37ce0 sp=0x0000000057c5e890
Event: 4.403 Thread 0x00000000566b0000 DEOPT UNPACKING pc=0x000000000289582a sp=0x0000000057c5e808 mode 2
Event: 4.481 loading class java/util/ArrayList$1
Event: 4.481 loading class java/util/ArrayList$1 done
Event: 4.485 Executing VM operation: ParallelGCFailedAllocation
Event: 4.904 Executing VM operation: ParallelGCFailedAllocation done
Event: 4.978 loading class com/android/dx/cf/attrib/AttRuntimeInvisibleAnnotations
Event: 4.978 loading class com/android/dx/cf/attrib/AttRuntimeInvisibleAnnotations done
Event: 5.000 loading class com/android/dx/dex/file/MethodAnnotationStruct
Event: 5.000 loading class com/android/dx/dex/file/MethodAnnotationStruct done


Dynamic libraries:
0x000000013ff90000 - 0x000000013ffc7000 	C:\Program Files\Java\jdk1.8.0_92\bin\java.exe
0x0000000077190000 - 0x000000007733a000 	C:\windows\SYSTEM32\ntdll.dll
0x0000000076f70000 - 0x000000007708f000 	C:\windows\system32\kernel32.dll
0x000007fefcfd0000 - 0x000007fefd03b000 	C:\windows\system32\KERNELBASE.dll
0x000007fefd160000 - 0x000007fefd23b000 	C:\windows\system32\ADVAPI32.dll
0x000007feff330000 - 0x000007feff3cf000 	C:\windows\system32\msvcrt.dll
0x000007fefeee0000 - 0x000007fefeeff000 	C:\windows\SYSTEM32\sechost.dll
0x000007fefec40000 - 0x000007fefed6d000 	C:\windows\system32\RPCRT4.dll
0x0000000077090000 - 0x000000007718a000 	C:\windows\system32\USER32.dll
0x000007fefee70000 - 0x000007fefeed7000 	C:\windows\system32\GDI32.dll
0x000007fefe630000 - 0x000007fefe63e000 	C:\windows\system32\LPK.dll
0x000007feff3d0000 - 0x000007feff49a000 	C:\windows\system32\USP10.dll
0x000007fefb700000 - 0x000007fefb8f4000 	C:\windows\WinSxS\amd64_microsoft.windows.common-controls_6595b64144ccf1df_6.0.7601.18837_none_fa3b1e3d17594757\COMCTL32.dll
0x000007fefef10000 - 0x000007fefef81000 	C:\windows\system32\SHLWAPI.dll
0x000007fefe850000 - 0x000007fefe87e000 	C:\windows\system32\IMM32.DLL
0x000007feff170000 - 0x000007feff279000 	C:\windows\system32\MSCTF.dll
0x000000006fc90000 - 0x000000006fd62000 	C:\Program Files\Java\jdk1.8.0_92\jre\bin\msvcr100.dll
0x000000006fff0000 - 0x0000000070886000 	C:\Program Files\Java\jdk1.8.0_92\jre\bin\server\jvm.dll
0x000007fef71b0000 - 0x000007fef71b9000 	C:\windows\system32\WSOCK32.dll
0x000007fefe920000 - 0x000007fefe96d000 	C:\windows\system32\WS2_32.dll
0x000007fefef00000 - 0x000007fefef08000 	C:\windows\system32\NSI.dll
0x000007fefd050000 - 0x000007fefd08b000 	C:\windows\system32\WINMM.dll
0x000007fefbd90000 - 0x000007fefbd9c000 	C:\windows\system32\VERSION.dll
0x0000000077360000 - 0x0000000077367000 	C:\windows\system32\PSAPI.DLL
0x0000000074210000 - 0x000000007421f000 	C:\Program Files\Java\jdk1.8.0_92\jre\bin\verify.dll
0x00000000725d0000 - 0x00000000725f9000 	C:\Program Files\Java\jdk1.8.0_92\jre\bin\java.dll
0x0000000072610000 - 0x0000000072626000 	C:\Program Files\Java\jdk1.8.0_92\jre\bin\zip.dll
0x000007fefd450000 - 0x000007fefe1d9000 	C:\windows\system32\SHELL32.dll
0x000007fefe640000 - 0x000007fefe843000 	C:\windows\system32\ole32.dll
0x000007fefcca0000 - 0x000007fefccaf000 	C:\windows\system32\profapi.dll

VM Arguments:
jvm_args: -Djava.awt.headless=true -Xmx1024M -Dfile.encoding=GBK -Duser.country=CN -Duser.language=zh -Duser.variant 
java_command: com.android.dx.command.Main --dex --force-jumbo --num-threads=4 --output F:\ToplineNews\app\build\intermediates\pre-dexed\debug\com.android.support-support-v4-23.4.0_a753dc6d17f2964f8d46de9d486739eb1c8a5bf8.jar F:\ToplineNews\app\build\intermediates\exploded-aar\com.android.support\support-v4\23.4.0\jars\classes.jar
java_class_path (initial): E:\tool\sdk\build-tools\24.0.1\lib\dx.jar
Launcher Type: SUN_STANDARD

Environment Variables:
JAVA_HOME=C:\Program Files\Java\jdk1.8.0_92
PATH=C:\Program Files\Java\jdk1.8.0_92\bin;C:\ProgramData\Oracle\Java\javapath;C:\Program Files (x86)\MySQL\MySQL Server 5.1\bin;C:\windows\system32;C:\windows;C:\windows\System32\Wbem;C:\windows\System32\WindowsPowerShell\v1.0\;
USERNAME=Administrator
OS=Windows_NT
PROCESSOR_IDENTIFIER=Intel64 Family 6 Model 37 Stepping 5, GenuineIntel



---------------  S Y S T E M  ---------------

OS: Windows 7 , 64 bit Build 7601 (6.1.7601.19135)

CPU:total 4 (2 cores per cpu, 2 threads per core) family 6 model 37 stepping 5, cmov, cx8, fxsr, mmx, sse, sse2, sse3, ssse3, sse4.1, sse4.2, popcnt, aes, clmul, ht, tsc, tscinvbit

Memory: 4k page, physical 6216952k(1607184k free), swap 7263692k(5096k free)

vm_info: Java HotSpot(TM) 64-Bit Server VM (25.92-b14) for windows-amd64 JRE (1.8.0_92-b14), built on Mar 31 2016 21:03:04 by "java_re" with MS VC++ 10.0 (VS2010)

time: Thu Sep 01 17:06:31 2016
elapsed time: 5 seconds (0d 0h 0m 5s)

