#
# There is insufficient memory for the Java Runtime Environment to continue.
# Native memory allocation (malloc) failed to allocate 446560 bytes for Chunk::new
# Possible reasons:
#   The system is out of physical RAM or swap space
#   In 32 bit mode, the process size limit was hit
# Possible solutions:
#   Reduce memory load on the system
#   Increase physical memory or swap space
#   Check if swap backing store is full
#   Use 64 bit Java on a 64 bit OS
#   Decrease Java heap size (-Xmx/-Xms)
#   Decrease number of Java threads
#   Decrease Java thread stack sizes (-Xss)
#   Set larger code cache with -XX:ReservedCodeCacheSize=
# This output file may be truncated or incomplete.
#
#  Out of Memory Error (allocation.cpp:390), pid=3000, tid=0x0000000000001f50
#
# JRE version: Java(TM) SE Runtime Environment (8.0_92-b14) (build 1.8.0_92-b14)
# Java VM: Java HotSpot(TM) 64-Bit Server VM (25.92-b14 mixed mode windows-amd64 compressed oops)
# Failed to write core dump. Minidumps are not enabled by default on client versions of Windows
#

---------------  T H R E A D  ---------------

Current thread (0x0000000056384800):  JavaThread "C2 CompilerThread1" daemon [_thread_in_native, id=8016, stack(0x0000000056c20000,0x0000000056d20000)]

Stack: [0x0000000056c20000,0x0000000056d20000]
[error occurred during error reporting (printing stack bounds), id 0xc0000005]

Native frames: (J=compiled Java code, j=interpreted, Vv=VM code, C=native code)


Current CompileTask:
C2:   5083 1510       4       com.android.dx.ssa.LocalVariableExtractor::processBlock (383 bytes)


---------------  P R O C E S S  ---------------

Java Threads: ( => current thread )
  0x0000000056745800 JavaThread "pool-1-thread-4" [_thread_blocked, id=2644, stack(0x00000000578b0000,0x00000000579b0000)]
  0x0000000056724800 JavaThread "pool-1-thread-3" [_thread_blocked, id=6472, stack(0x00000000576d0000,0x00000000577d0000)]
  0x00000000566df800 JavaThread "pool-1-thread-2" [_thread_blocked, id=2616, stack(0x0000000057560000,0x0000000057660000)]
  0x00000000566d6000 JavaThread "pool-2-thread-1" [_thread_blocked, id=5688, stack(0x0000000056ee0000,0x0000000056fe0000)]
  0x00000000566d5000 JavaThread "pool-1-thread-1" [_thread_in_Java, id=8696, stack(0x00000000573a0000,0x00000000574a0000)]
  0x0000000056390000 JavaThread "Service Thread" daemon [_thread_blocked, id=8440, stack(0x0000000057050000,0x0000000057150000)]
  0x0000000056385800 JavaThread "C1 CompilerThread2" daemon [_thread_blocked, id=2132, stack(0x0000000056dd0000,0x0000000056ed0000)]
=>0x0000000056384800 JavaThread "C2 CompilerThread1" daemon [_thread_in_native, id=8016, stack(0x0000000056c20000,0x0000000056d20000)]
  0x0000000056380800 JavaThread "C2 CompilerThread0" daemon [_thread_in_native, id=3548, stack(0x00000000567d0000,0x00000000568d0000)]
  0x000000005511b000 JavaThread "Attach Listener" daemon [_thread_blocked, id=2144, stack(0x0000000056ac0000,0x0000000056bc0000)]
  0x000000005512f000 JavaThread "Signal Dispatcher" daemon [_thread_blocked, id=8236, stack(0x0000000056950000,0x0000000056a50000)]
  0x0000000055109000 JavaThread "Finalizer" daemon [_thread_blocked, id=8160, stack(0x00000000560f0000,0x00000000561f0000)]
  0x00000000550c2000 JavaThread "Reference Handler" daemon [_thread_blocked, id=5300, stack(0x0000000056270000,0x0000000056370000)]
  0x000000000241f000 JavaThread "main" [_thread_blocked, id=3264, stack(0x0000000002620000,0x0000000002720000)]

Other Threads:
  0x00000000550ba800 VMThread [stack: 0x0000000055ff0000,0x00000000560f0000] [id=8864]
  0x00000000563f8000 WatcherThread [stack: 0x0000000057270000,0x0000000057370000] [id=8172]

VM state:not at safepoint (normal execution)

VM Mutex/Monitor currently owned by a thread: None

Heap:
 PSYoungGen      total 28672K, used 14110K [0x00000000eab00000, 0x00000000ecb00000, 0x0000000100000000)
  eden space 24576K, 40% used [0x00000000eab00000,0x00000000eb4ccc38,0x00000000ec300000)
  from space 4096K, 99% used [0x00000000ec300000,0x00000000ec6faf00,0x00000000ec700000)
  to   space 4096K, 0% used [0x00000000ec700000,0x00000000ec700000,0x00000000ecb00000)
 ParOldGen       total 65536K, used 7137K [0x00000000c0000000, 0x00000000c4000000, 0x00000000eab00000)
  object space 65536K, 10% used [0x00000000c0000000,0x00000000c06f85d0,0x00000000c4000000)
 Metaspace       used 6254K, capacity 7092K, committed 7296K, reserved 1056768K
  class space    used 605K, capacity 620K, committed 640K, reserved 1048576K

Card table byte_map: [0x0000000011ae0000,0x0000000011cf0000] byte_map_base: 0x00000000114e0000

Marking Bits: (ParMarkBitMap*) 0x00000000584e64f0
 Begin Bits: [0x0000000012530000, 0x0000000013530000)
 End Bits:   [0x0000000013530000, 0x0000000014530000)

Polling page: 0x0000000000340000

CodeCache: size=245760Kb used=6697Kb max_used=6697Kb free=239062Kb
 bounds [0x0000000002720000, 0x0000000002db0000, 0x0000000011720000]
 total_blobs=1862 nmethods=1594 adapters=182
 compilation: enabled

Compilation events (10 events):
Event: 5.040 Thread 0x0000000056385800 1608       3       com.android.dx.cf.code.ExecutionStack::makeInitialized (51 bytes)
Event: 5.041 Thread 0x0000000056385800 nmethod 1608 0x0000000002dae090 code [0x0000000002dae240, 0x0000000002dae8d8]
Event: 5.053 Thread 0x0000000056385800 1609       3       com.android.dx.ssa.LiteralOpUpgrader$1::visitPhiInsn (1 bytes)
Event: 5.053 Thread 0x0000000056385800 nmethod 1609 0x0000000002daebd0 code [0x0000000002daed20, 0x0000000002daee70]
Event: 5.053 Thread 0x0000000056385800 1610       3       com.android.dx.ssa.back.FirstFitLocalCombiningAllocator$1::visitPhiInsn (6 bytes)
Event: 5.054 Thread 0x0000000056385800 nmethod 1610 0x0000000002daef10 code [0x0000000002daf080, 0x0000000002daf208]
Event: 5.054 Thread 0x0000000056385800 1611       3       com.android.dx.ssa.back.FirstFitLocalCombiningAllocator$Multiset::<init> (24 bytes)
Event: 5.054 Thread 0x0000000056385800 nmethod 1611 0x0000000002daf290 code [0x0000000002daf400, 0x0000000002daf6f0]
Event: 5.075 Thread 0x0000000056385800 1613       1       com.android.dx.rop.cst.TypedConstant::getFrameType (2 bytes)
Event: 5.076 Thread 0x0000000056385800 nmethod 1613 0x0000000002daf7d0 code [0x0000000002daf920, 0x0000000002dafa30]

GC Heap History (6 events):
Event: 3.201 GC heap before
{Heap before GC invocations=1 (full 0):
 PSYoungGen      total 28672K, used 24576K [0x00000000eab00000, 0x00000000ecb00000, 0x0000000100000000)
  eden space 24576K, 100% used [0x00000000eab00000,0x00000000ec300000,0x00000000ec300000)
  from space 4096K, 0% used [0x00000000ec700000,0x00000000ec700000,0x00000000ecb00000)
  to   space 4096K, 0% used [0x00000000ec300000,0x00000000ec300000,0x00000000ec700000)
 ParOldGen       total 65536K, used 0K [0x00000000c0000000, 0x00000000c4000000, 0x00000000eab00000)
  object space 65536K, 0% used [0x00000000c0000000,0x00000000c0000000,0x00000000c4000000)
 Metaspace       used 5957K, capacity 6836K, committed 7040K, reserved 1056768K
  class space    used 604K, capacity 620K, committed 640K, reserved 1048576K
Event: 3.302 GC heap after
Heap after GC invocations=1 (full 0):
 PSYoungGen      total 28672K, used 4073K [0x00000000eab00000, 0x00000000ecb00000, 0x0000000100000000)
  eden space 24576K, 0% used [0x00000000eab00000,0x00000000eab00000,0x00000000ec300000)
  from space 4096K, 99% used [0x00000000ec300000,0x00000000ec6fa6f8,0x00000000ec700000)
  to   space 4096K, 0% used [0x00000000ec700000,0x00000000ec700000,0x00000000ecb00000)
 ParOldGen       total 65536K, used 782K [0x00000000c0000000, 0x00000000c4000000, 0x00000000eab00000)
  object space 65536K, 1% used [0x00000000c0000000,0x00000000c00c38a0,0x00000000c4000000)
 Metaspace       used 5957K, capacity 6836K, committed 7040K, reserved 1056768K
  class space    used 604K, capacity 620K, committed 640K, reserved 1048576K
}
Event: 4.506 GC heap before
{Heap before GC invocations=2 (full 0):
 PSYoungGen      total 28672K, used 28649K [0x00000000eab00000, 0x00000000ecb00000, 0x0000000100000000)
  eden space 24576K, 100% used [0x00000000eab00000,0x00000000ec300000,0x00000000ec300000)
  from space 4096K, 99% used [0x00000000ec300000,0x00000000ec6fa6f8,0x00000000ec700000)
  to   space 4096K, 0% used [0x00000000ec700000,0x00000000ec700000,0x00000000ecb00000)
 ParOldGen       total 65536K, used 782K [0x00000000c0000000, 0x00000000c4000000, 0x00000000eab00000)
  object space 65536K, 1% used [0x00000000c0000000,0x00000000c00c38a0,0x00000000c4000000)
 Metaspace       used 6163K, capacity 7028K, committed 7296K, reserved 1056768K
  class space    used 605K, capacity 620K, committed 640K, reserved 1048576K
Event: 4.555 GC heap after
Heap after GC invocations=2 (full 0):
 PSYoungGen      total 28672K, used 4087K [0x00000000eab00000, 0x00000000ecb00000, 0x0000000100000000)
  eden space 24576K, 0% used [0x00000000eab00000,0x00000000eab00000,0x00000000ec300000)
  from space 4096K, 99% used [0x00000000ec700000,0x00000000ecafde20,0x00000000ecb00000)
  to   space 4096K, 0% used [0x00000000ec300000,0x00000000ec300000,0x00000000ec700000)
 ParOldGen       total 65536K, used 3648K [0x00000000c0000000, 0x00000000c4000000, 0x00000000eab00000)
  object space 65536K, 5% used [0x00000000c0000000,0x00000000c03900a0,0x00000000c4000000)
 Metaspace       used 6163K, capacity 7028K, committed 7296K, reserved 1056768K
  class space    used 605K, capacity 620K, committed 640K, reserved 1048576K
}
Event: 4.914 GC heap before
{Heap before GC invocations=3 (full 0):
 PSYoungGen      total 28672K, used 28663K [0x00000000eab00000, 0x00000000ecb00000, 0x0000000100000000)
  eden space 24576K, 100% used [0x00000000eab00000,0x00000000ec300000,0x00000000ec300000)
  from space 4096K, 99% used [0x00000000ec700000,0x00000000ecafde20,0x00000000ecb00000)
  to   space 4096K, 0% used [0x00000000ec300000,0x00000000ec300000,0x00000000ec700000)
 ParOldGen       total 65536K, used 3648K [0x00000000c0000000, 0x00000000c4000000, 0x00000000eab00000)
  object space 65536K, 5% used [0x00000000c0000000,0x00000000c03900a0,0x00000000c4000000)
 Metaspace       used 6234K, capacity 7092K, committed 7296K, reserved 1056768K
  class space    used 605K, capacity 620K, committed 640K, reserved 1048576K
Event: 4.931 GC heap after
Heap after GC invocations=3 (full 0):
 PSYoungGen      total 28672K, used 4075K [0x00000000eab00000, 0x00000000ecb00000, 0x0000000100000000)
  eden space 24576K, 0% used [0x00000000eab00000,0x00000000eab00000,0x00000000ec300000)
  from space 4096K, 99% used [0x00000000ec300000,0x00000000ec6faf00,0x00000000ec700000)
  to   space 4096K, 0% used [0x00000000ec700000,0x00000000ec700000,0x00000000ecb00000)
 ParOldGen       total 65536K, used 7137K [0x00000000c0000000, 0x00000000c4000000, 0x00000000eab00000)
  object space 65536K, 10% used [0x00000000c0000000,0x00000000c06f85d0,0x00000000c4000000)
 Metaspace       used 6234K, capacity 7092K, committed 7296K, reserved 1056768K
  class space    used 605K, capacity 620K, committed 640K, reserved 1048576K
}

Deoptimization events (10 events):
Event: 4.227 Thread 0x00000000566d5000 Uncommon trap: reason=bimorphic action=maybe_recompile pc=0x0000000002c3e7bc method=com.android.dx.cf.code.BytecodeArray.parseInstruction(ILcom/android/dx/cf/code/BytecodeArray$Visitor;)I @ 2484
Event: 4.227 Thread 0x00000000566d5000 Uncommon trap: reason=bimorphic action=maybe_recompile pc=0x0000000002c3e7bc method=com.android.dx.cf.code.BytecodeArray.parseInstruction(ILcom/android/dx/cf/code/BytecodeArray$Visitor;)I @ 2484
Event: 4.462 Thread 0x0000000056745800 Uncommon trap: reason=unstable_if action=reinterpret pc=0x00000000029cc584 method=com.android.dx.rop.cst.Constant.compareTo(Lcom/android/dx/rop/cst/Constant;)I @ 12
Event: 4.732 Thread 0x0000000056724800 Uncommon trap: reason=unstable_if action=reinterpret pc=0x0000000002ce8eb4 method=com.android.dx.ssa.SCCP.simulateBranch(Lcom/android/dx/ssa/SsaInsn;)V @ 64
Event: 4.859 Thread 0x00000000566d5000 Uncommon trap: reason=uninitialized action=reinterpret pc=0x0000000002c3f31c method=com.android.dx.cf.code.BytecodeArray.parseInstruction(ILcom/android/dx/cf/code/BytecodeArray$Visitor;)I @ 999
Event: 4.864 Thread 0x00000000566d5000 Uncommon trap: reason=bimorphic action=maybe_recompile pc=0x0000000002b65b9c method=java.util.HashMap.putVal(ILjava/lang/Object;Ljava/lang/Object;ZZ)Ljava/lang/Object; @ 203
Event: 4.911 Thread 0x000000000241f000 Uncommon trap: reason=unloaded action=reinterpret pc=0x0000000002c96884 method=com.android.dx.cf.cst.ConstantPoolParser.parse0(ILjava/util/BitSet;)Lcom/android/dx/rop/cst/Constant; @ 198
Event: 4.963 Thread 0x00000000566df800 Uncommon trap: reason=bimorphic action=maybe_recompile pc=0x00000000029c0b54 method=java.util.HashMap.getNode(ILjava/lang/Object;)Ljava/util/HashMap$Node; @ 126
Event: 4.963 Thread 0x00000000566df800 Uncommon trap: reason=bimorphic action=maybe_recompile pc=0x00000000029c0b54 method=java.util.HashMap.getNode(ILjava/lang/Object;)Ljava/util/HashMap$Node; @ 126
Event: 4.964 Thread 0x00000000566df800 Uncommon trap: reason=bimorphic action=maybe_recompile pc=0x00000000029c0b54 method=java.util.HashMap.getNode(ILjava/lang/Object;)Ljava/util/HashMap$Node; @ 126

Internal exceptions (2 events):
Event: 0.114 Thread 0x000000000241f000 Exception <a 'java/lang/NoSuchMethodError': Method sun.misc.Unsafe.defineClass(Ljava/lang/String;[BII)Ljava/lang/Class; name or signature does not match> (0x00000000eab07cc0) thrown at [D:\re\workspace\8-2-build-windows-amd64-cygwin\jdk8u92\6642\hotspot\sr#Ã,é*½?
Event: 0.114 Thread 0x000000000241f000 Exception <a 'java/lang/NoSuchMethodError': Method sun.misc.Unsafe.prefetchRead(Ljava/lang/Object;J)V name or signature does not match> (0x00000000eab07fa8) thrown at [D:\re\workspace\8-2-build-windows-amd64-cygwin\jdk8u92\6642\hotspot\src\share\vm\prims\j

Events (10 events):
Event: 4.931 Executing VM operation: ParallelGCFailedAllocation done
Event: 4.963 Thread 0x00000000566df800 Uncommon trap: trap_request=0xffffffc6 fr.pc=0x00000000029c0b54
Event: 4.963 Thread 0x00000000566df800 DEOPT PACKING pc=0x00000000029c0b54 sp=0x000000005765ea40
Event: 4.963 Thread 0x00000000566df800 DEOPT UNPACKING pc=0x000000000276582a sp=0x000000005765e968 mode 2
Event: 4.963 Thread 0x00000000566df800 Uncommon trap: trap_request=0xffffffc6 fr.pc=0x00000000029c0b54
Event: 4.963 Thread 0x00000000566df800 DEOPT PACKING pc=0x00000000029c0b54 sp=0x000000005765ea40
Event: 4.963 Thread 0x00000000566df800 DEOPT UNPACKING pc=0x000000000276582a sp=0x000000005765e968 mode 2
Event: 4.964 Thread 0x00000000566df800 Uncommon trap: trap_request=0xffffffc6 fr.pc=0x00000000029c0b54
Event: 4.964 Thread 0x00000000566df800 DEOPT PACKING pc=0x00000000029c0b54 sp=0x000000005765ea20
Event: 4.964 Thread 0x00000000566df800 DEOPT UNPACKING pc=0x000000000276582a sp=0x000000005765e948 mode 2


Dynamic libraries:
0x000000013f790000 - 0x000000013f7c7000 	C:\Program Files\Java\jdk1.8.0_92\bin\java.exe
0x0000000077190000 - 0x000000007733a000 	C:\windows\SYSTEM32\ntdll.dll
0x0000000076f70000 - 0x000000007708f000 	C:\windows\system32\kernel32.dll
0x000007fefcfd0000 - 0x000007fefd03b000 	C:\windows\system32\KERNELBASE.dll
0x000007fefd160000 - 0x000007fefd23b000 	C:\windows\system32\ADVAPI32.dll
0x000007feff330000 - 0x000007feff3cf000 	C:\windows\system32\msvcrt.dll
0x000007fefeee0000 - 0x000007fefeeff000 	C:\windows\SYSTEM32\sechost.dll
0x000007fefec40000 - 0x000007fefed6d000 	C:\windows\system32\RPCRT4.dll
0x0000000077090000 - 0x000000007718a000 	C:\windows\system32\USER32.dll
0x000007fefee70000 - 0x000007fefeed7000 	C:\windows\system32\GDI32.dll
0x000007fefe630000 - 0x000007fefe63e000 	C:\windows\system32\LPK.dll
0x000007feff3d0000 - 0x000007feff49a000 	C:\windows\system32\USP10.dll
0x000007fefb700000 - 0x000007fefb8f4000 	C:\windows\WinSxS\amd64_microsoft.windows.common-controls_6595b64144ccf1df_6.0.7601.18837_none_fa3b1e3d17594757\COMCTL32.dll
0x000007fefef10000 - 0x000007fefef81000 	C:\windows\system32\SHLWAPI.dll
0x000007fefe850000 - 0x000007fefe87e000 	C:\windows\system32\IMM32.DLL
0x000007feff170000 - 0x000007feff279000 	C:\windows\system32\MSCTF.dll
0x00000000599b0000 - 0x0000000059a82000 	C:\Program Files\Java\jdk1.8.0_92\jre\bin\msvcr100.dll
0x0000000057cd0000 - 0x0000000058566000 	C:\Program Files\Java\jdk1.8.0_92\jre\bin\server\jvm.dll
0x000007fef71b0000 - 0x000007fef71b9000 	C:\windows\system32\WSOCK32.dll
0x000007fefe920000 - 0x000007fefe96d000 	C:\windows\system32\WS2_32.dll
0x000007fefef00000 - 0x000007fefef08000 	C:\windows\system32\NSI.dll
0x000007fefd050000 - 0x000007fefd08b000 	C:\windows\system32\WINMM.dll
0x000007fefbd90000 - 0x000007fefbd9c000 	C:\windows\system32\VERSION.dll
0x0000000077360000 - 0x0000000077367000 	C:\windows\system32\PSAPI.DLL
0x0000000074220000 - 0x000000007422f000 	C:\Program Files\Java\jdk1.8.0_92\jre\bin\verify.dll
0x0000000070d70000 - 0x0000000070d99000 	C:\Program Files\Java\jdk1.8.0_92\jre\bin\java.dll
0x0000000072750000 - 0x0000000072766000 	C:\Program Files\Java\jdk1.8.0_92\jre\bin\zip.dll
0x000007fefd450000 - 0x000007fefe1d9000 	C:\windows\system32\SHELL32.dll
0x000007fefe640000 - 0x000007fefe843000 	C:\windows\system32\ole32.dll
0x000007fefcca0000 - 0x000007fefccaf000 	C:\windows\system32\profapi.dll

VM Arguments:
jvm_args: -Djava.awt.headless=true -Xmx1024M -Dfile.encoding=GBK -Duser.country=CN -Duser.language=zh -Duser.variant 
java_command: com.android.dx.command.Main --dex --force-jumbo --num-threads=4 --output F:\ToplineNews\app\build\intermediates\pre-dexed\debug\com.android.support-appcompat-v7-23.4.0_fc24aefe7743bfab490eada74d8524f2aeb201a0.jar F:\ToplineNews\app\build\intermediates\exploded-aar\com.android.support\appcompat-v7\23.4.0\jars\classes.jar
java_class_path (initial): E:\tool\sdk\build-tools\24.0.1\lib\dx.jar
Launcher Type: SUN_STANDARD

Environment Variables:
JAVA_HOME=C:\Program Files\Java\jdk1.8.0_92
PATH=C:\Program Files\Java\jdk1.8.0_92\bin;C:\ProgramData\Oracle\Java\javapath;C:\Program Files (x86)\MySQL\MySQL Server 5.1\bin;C:\windows\system32;C:\windows;C:\windows\System32\Wbem;C:\windows\System32\WindowsPowerShell\v1.0\;
USERNAME=Administrator
OS=Windows_NT
PROCESSOR_IDENTIFIER=Intel64 Family 6 Model 37 Stepping 5, GenuineIntel



---------------  S Y S T E M  ---------------

OS: Windows 7 , 64 bit Build 7601 (6.1.7601.19135)

CPU:total 4 (2 cores per cpu, 2 threads per core) family 6 model 37 stepping 5, cmov, cx8, fxsr, mmx, sse, sse2, sse3, ssse3, sse4.1, sse4.2, popcnt, aes, clmul, ht, tsc, tscinvbit

Memory: 4k page, physical 6216952k(1282716k free), swap 7263692k(5200k free)

vm_info: Java HotSpot(TM) 64-Bit Server VM (25.92-b14) for windows-amd64 JRE (1.8.0_92-b14), built on Mar 31 2016 21:03:04 by "java_re" with MS VC++ 10.0 (VS2010)

time: Fri Sep 02 11:26:28 2016
elapsed time: 5 seconds (0d 0h 0m 5s)

