#
# There is insufficient memory for the Java Runtime Environment to continue.
# Native memory allocation (malloc) failed to allocate 32744 bytes for ChunkPool::allocate
# Possible reasons:
#   The system is out of physical RAM or swap space
#   In 32 bit mode, the process size limit was hit
# Possible solutions:
#   Reduce memory load on the system
#   Increase physical memory or swap space
#   Check if swap backing store is full
#   Use 64 bit Java on a 64 bit OS
#   Decrease Java heap size (-Xmx/-Xms)
#   Decrease number of Java threads
#   Decrease Java thread stack sizes (-Xss)
#   Set larger code cache with -XX:ReservedCodeCacheSize=
# This output file may be truncated or incomplete.
#
#  Out of Memory Error (allocation.cpp:273), pid=2992, tid=0x0000000000002074
#
# JRE version: Java(TM) SE Runtime Environment (8.0_92-b14) (build 1.8.0_92-b14)
# Java VM: Java HotSpot(TM) 64-Bit Server VM (25.92-b14 mixed mode windows-amd64 compressed oops)
# Failed to write core dump. Minidumps are not enabled by default on client versions of Windows
#

---------------  T H R E A D  ---------------

Current thread (0x00000000566c7000):  JavaThread "C2 CompilerThread1" daemon [_thread_in_native, id=8308, stack(0x0000000056c90000,0x0000000056d90000)]

Stack: [0x0000000056c90000,0x0000000056d90000]
[error occurred during error reporting (printing stack bounds), id 0xc0000005]

Native frames: (J=compiled Java code, j=interpreted, Vv=VM code, C=native code)


Current CompileTask:
C2:   1324  693       4       java.util.HashMap::containsKey (18 bytes)


---------------  P R O C E S S  ---------------

Java Threads: ( => current thread )
  0x000000005697d800 JavaThread "pool-1-thread-4" [_thread_in_vm, id=1692, stack(0x0000000058ba0000,0x0000000058ca0000)]
  0x0000000056a6a800 JavaThread "pool-1-thread-3" [_thread_in_vm, id=6112, stack(0x00000000589f0000,0x0000000058af0000)]
  0x0000000056a7b000 JavaThread "pool-1-thread-2" [_thread_blocked, id=8724, stack(0x00000000587f0000,0x00000000588f0000)]
  0x0000000056a7a800 JavaThread "pool-2-thread-1" [_thread_blocked, id=2024, stack(0x0000000058580000,0x0000000058680000)]
  0x0000000056a78800 JavaThread "pool-1-thread-1" [_thread_blocked, id=7144, stack(0x0000000057b30000,0x0000000057c30000)]
  0x00000000566d2000 JavaThread "Service Thread" daemon [_thread_blocked, id=3644, stack(0x0000000057090000,0x0000000057190000)]
  0x00000000566c8000 JavaThread "C1 CompilerThread2" daemon [_thread_in_native, id=8680, stack(0x0000000056e40000,0x0000000056f40000)]
=>0x00000000566c7000 JavaThread "C2 CompilerThread1" daemon [_thread_in_native, id=8308, stack(0x0000000056c90000,0x0000000056d90000)]
  0x000000005509f000 JavaThread "C2 CompilerThread0" daemon [_thread_in_native, id=6088, stack(0x0000000056b20000,0x0000000056c20000)]
  0x00000000566bb800 JavaThread "Attach Listener" daemon [_thread_blocked, id=7336, stack(0x00000000560e0000,0x00000000561e0000)]
  0x00000000566ba800 JavaThread "Signal Dispatcher" daemon [_thread_blocked, id=8268, stack(0x0000000056350000,0x0000000056450000)]
  0x000000005507c000 JavaThread "Finalizer" daemon [_thread_blocked, id=5244, stack(0x00000000565b0000,0x00000000566b0000)]
  0x0000000055035800 JavaThread "Reference Handler" daemon [_thread_blocked, id=5512, stack(0x0000000056460000,0x0000000056560000)]
  0x00000000001bf000 JavaThread "main" [_thread_in_Java, id=8244, stack(0x0000000002770000,0x0000000002870000)]

Other Threads:
  0x000000005502e000 VMThread [stack: 0x00000000561e0000,0x00000000562e0000] [id=3048]
  0x000000005677d800 WatcherThread [stack: 0x0000000057190000,0x0000000057290000] [id=7928]

VM state:not at safepoint (normal execution)

VM Mutex/Monitor currently owned by a thread: None

Heap:
 PSYoungGen      total 28672K, used 6549K [0x00000000eab00000, 0x00000000ecb00000, 0x0000000100000000)
  eden space 24576K, 10% used [0x00000000eab00000,0x00000000ead7fd40,0x00000000ec300000)
  from space 4096K, 97% used [0x00000000ec300000,0x00000000ec6e56c0,0x00000000ec700000)
  to   space 4096K, 0% used [0x00000000ec700000,0x00000000ec700000,0x00000000ecb00000)
 ParOldGen       total 65536K, used 8K [0x00000000c0000000, 0x00000000c4000000, 0x00000000eab00000)
  object space 65536K, 0% used [0x00000000c0000000,0x00000000c0002000,0x00000000c4000000)
 Metaspace       used 5703K, capacity 6578K, committed 6784K, reserved 1056768K
  class space    used 602K, capacity 618K, committed 640K, reserved 1048576K

Card table byte_map: [0x0000000011c30000,0x0000000011e40000] byte_map_base: 0x0000000011630000

Marking Bits: (ParMarkBitMap*) 0x00000000584e64f0
 Begin Bits: [0x00000000124a0000, 0x00000000134a0000)
 End Bits:   [0x00000000134a0000, 0x00000000144a0000)

Polling page: 0x0000000000130000

CodeCache: size=245760Kb used=2489Kb max_used=2500Kb free=243270Kb
 bounds [0x0000000002870000, 0x0000000002af0000, 0x0000000011870000]
 total_blobs=939 nmethods=671 adapters=182
 compilation: enabled

Compilation events (10 events):
Event: 1.305 Thread 0x00000000566c7000 nmethod 672 0x0000000002adea90 code [0x0000000002adebc0, 0x0000000002adec58]
Event: 1.306 Thread 0x00000000566c7000  680   !   4       com.android.dx.util.FixedSizeList::<init> (36 bytes)
Event: 1.306 Thread 0x00000000566c8000 nmethod 676 0x0000000002ae2e90 code [0x0000000002ae3060, 0x0000000002ae39e8]
Event: 1.306 Thread 0x00000000566c8000  671   !   3       com.android.dx.cf.code.BytecodeArray::parseInstruction (2764 bytes)
Event: 1.307 Thread 0x000000005509f000 nmethod 677 0x0000000002adfe10 code [0x0000000002adff60, 0x0000000002ae0058]
Event: 1.307 Thread 0x000000005509f000  685       4       com.android.dx.util.ByteArray$MyInputStream::read (40 bytes)
Event: 1.307 Thread 0x00000000566c7000 nmethod 680 0x0000000002adfad0 code [0x0000000002adfc20, 0x0000000002adfd58]
Event: 1.309 Thread 0x000000005509f000 nmethod 685 0x0000000002ade710 code [0x0000000002ade860, 0x0000000002ade938]
Event: 1.317 Thread 0x00000000566c7000  693       4       java.util.HashMap::containsKey (18 bytes)
Event: 1.317 Thread 0x000000005509f000  694       4       java.util.HashSet::contains (9 bytes)

GC Heap History (2 events):
Event: 1.237 GC heap before
{Heap before GC invocations=1 (full 0):
 PSYoungGen      total 28672K, used 24576K [0x00000000eab00000, 0x00000000ecb00000, 0x0000000100000000)
  eden space 24576K, 100% used [0x00000000eab00000,0x00000000ec300000,0x00000000ec300000)
  from space 4096K, 0% used [0x00000000ec700000,0x00000000ec700000,0x00000000ecb00000)
  to   space 4096K, 0% used [0x00000000ec300000,0x00000000ec300000,0x00000000ec700000)
 ParOldGen       total 65536K, used 0K [0x00000000c0000000, 0x00000000c4000000, 0x00000000eab00000)
  object space 65536K, 0% used [0x00000000c0000000,0x00000000c0000000,0x00000000c4000000)
 Metaspace       used 5633K, capacity 6512K, committed 6784K, reserved 1056768K
  class space    used 601K, capacity 616K, committed 640K, reserved 1048576K
Event: 1.271 GC heap after
Heap after GC invocations=1 (full 0):
 PSYoungGen      total 28672K, used 3989K [0x00000000eab00000, 0x00000000ecb00000, 0x0000000100000000)
  eden space 24576K, 0% used [0x00000000eab00000,0x00000000eab00000,0x00000000ec300000)
  from space 4096K, 97% used [0x00000000ec300000,0x00000000ec6e56c0,0x00000000ec700000)
  to   space 4096K, 0% used [0x00000000ec700000,0x00000000ec700000,0x00000000ecb00000)
 ParOldGen       total 65536K, used 8K [0x00000000c0000000, 0x00000000c4000000, 0x00000000eab00000)
  object space 65536K, 0% used [0x00000000c0000000,0x00000000c0002000,0x00000000c4000000)
 Metaspace       used 5633K, capacity 6512K, committed 6784K, reserved 1056768K
  class space    used 601K, capacity 616K, committed 640K, reserved 1048576K
}

Deoptimization events (2 events):
Event: 0.742 Thread 0x00000000001bf000 Uncommon trap: reason=unstable_if action=reinterpret pc=0x00000000029cb6c4 method=java.lang.String.compareTo(Ljava/lang/String;)I @ 38
Event: 1.304 Thread 0x0000000056a78800 Uncommon trap: reason=unstable_if action=reinterpret pc=0x0000000002a8cdac method=java.util.HashMap.getNode(ILjava/lang/Object;)Ljava/util/HashMap$Node; @ 62

Internal exceptions (2 events):
Event: 0.089 Thread 0x00000000001bf000 Exception <a 'java/lang/NoSuchMethodError': Method sun.misc.Unsafe.defineClass(Ljava/lang/String;[BII)Ljava/lang/Class; name or signature does not match> (0x00000000eab07cc0) thrown at [D:\re\workspace\8-2-build-windows-amd64-cygwin\jdk8u92\6642\hotspot\sr“y.Ù¶?
Event: 0.089 Thread 0x00000000001bf000 Exception <a 'java/lang/NoSuchMethodError': Method sun.misc.Unsafe.prefetchRead(Ljava/lang/Object;J)V name or signature does not match> (0x00000000eab07fa8) thrown at [D:\re\workspace\8-2-build-windows-amd64-cygwin\jdk8u92\6642\hotspot\src\share\vm\prims\j

Events (10 events):
Event: 1.205 loading class java/util/TreeMap$EntrySet done
Event: 1.205 loading class java/util/TreeMap$EntryIterator
Event: 1.205 loading class java/util/TreeMap$EntryIterator done
Event: 1.234 Executing VM operation: ParallelGCFailedAllocation
Event: 1.271 Executing VM operation: ParallelGCFailedAllocation done
Event: 1.282 loading class java/util/ArrayList$1
Event: 1.282 loading class java/util/ArrayList$1 done
Event: 1.304 Thread 0x0000000056a78800 Uncommon trap: trap_request=0xffffff65 fr.pc=0x0000000002a8cdac
Event: 1.304 Thread 0x0000000056a78800 DEOPT PACKING pc=0x0000000002a8cdac sp=0x0000000057c2e7f0
Event: 1.304 Thread 0x0000000056a78800 DEOPT UNPACKING pc=0x00000000028b582a sp=0x0000000057c2e768 mode 2


Dynamic libraries:
0x000000013f790000 - 0x000000013f7c7000 	C:\Program Files\Java\jdk1.8.0_92\bin\java.exe
0x0000000077190000 - 0x000000007733a000 	C:\windows\SYSTEM32\ntdll.dll
0x0000000076f70000 - 0x000000007708f000 	C:\windows\system32\kernel32.dll
0x000007fefcfd0000 - 0x000007fefd03b000 	C:\windows\system32\KERNELBASE.dll
0x000007fefd160000 - 0x000007fefd23b000 	C:\windows\system32\ADVAPI32.dll
0x000007feff330000 - 0x000007feff3cf000 	C:\windows\system32\msvcrt.dll
0x000007fefeee0000 - 0x000007fefeeff000 	C:\windows\SYSTEM32\sechost.dll
0x000007fefec40000 - 0x000007fefed6d000 	C:\windows\system32\RPCRT4.dll
0x0000000077090000 - 0x000000007718a000 	C:\windows\system32\USER32.dll
0x000007fefee70000 - 0x000007fefeed7000 	C:\windows\system32\GDI32.dll
0x000007fefe630000 - 0x000007fefe63e000 	C:\windows\system32\LPK.dll
0x000007feff3d0000 - 0x000007feff49a000 	C:\windows\system32\USP10.dll
0x000007fefb700000 - 0x000007fefb8f4000 	C:\windows\WinSxS\amd64_microsoft.windows.common-controls_6595b64144ccf1df_6.0.7601.18837_none_fa3b1e3d17594757\COMCTL32.dll
0x000007fefef10000 - 0x000007fefef81000 	C:\windows\system32\SHLWAPI.dll
0x000007fefe850000 - 0x000007fefe87e000 	C:\windows\system32\IMM32.DLL
0x000007feff170000 - 0x000007feff279000 	C:\windows\system32\MSCTF.dll
0x00000000599b0000 - 0x0000000059a82000 	C:\Program Files\Java\jdk1.8.0_92\jre\bin\msvcr100.dll
0x0000000057cd0000 - 0x0000000058566000 	C:\Program Files\Java\jdk1.8.0_92\jre\bin\server\jvm.dll
0x000007fef71b0000 - 0x000007fef71b9000 	C:\windows\system32\WSOCK32.dll
0x000007fefe920000 - 0x000007fefe96d000 	C:\windows\system32\WS2_32.dll
0x000007fefef00000 - 0x000007fefef08000 	C:\windows\system32\NSI.dll
0x000007fefd050000 - 0x000007fefd08b000 	C:\windows\system32\WINMM.dll
0x000007fefbd90000 - 0x000007fefbd9c000 	C:\windows\system32\VERSION.dll
0x0000000077360000 - 0x0000000077367000 	C:\windows\system32\PSAPI.DLL
0x0000000074220000 - 0x000000007422f000 	C:\Program Files\Java\jdk1.8.0_92\jre\bin\verify.dll
0x0000000070d70000 - 0x0000000070d99000 	C:\Program Files\Java\jdk1.8.0_92\jre\bin\java.dll
0x0000000072750000 - 0x0000000072766000 	C:\Program Files\Java\jdk1.8.0_92\jre\bin\zip.dll
0x000007fefd450000 - 0x000007fefe1d9000 	C:\windows\system32\SHELL32.dll
0x000007fefe640000 - 0x000007fefe843000 	C:\windows\system32\ole32.dll
0x000007fefcca0000 - 0x000007fefccaf000 	C:\windows\system32\profapi.dll

VM Arguments:
jvm_args: -Djava.awt.headless=true -Xmx1024M -Dfile.encoding=GBK -Duser.country=CN -Duser.language=zh -Duser.variant 
java_command: com.android.dx.command.Main --dex --force-jumbo --num-threads=4 --output F:\ToplineNews\app\build\intermediates\pre-dexed\debug\com.android.support-support-v4-23.4.0_a753dc6d17f2964f8d46de9d486739eb1c8a5bf8.jar F:\ToplineNews\app\build\intermediates\exploded-aar\com.android.support\support-v4\23.4.0\jars\classes.jar
java_class_path (initial): E:\tool\sdk\build-tools\24.0.1\lib\dx.jar
Launcher Type: SUN_STANDARD

Environment Variables:
JAVA_HOME=C:\Program Files\Java\jdk1.8.0_92
PATH=C:\Program Files\Java\jdk1.8.0_92\bin;C:\ProgramData\Oracle\Java\javapath;C:\Program Files (x86)\MySQL\MySQL Server 5.1\bin;C:\windows\system32;C:\windows;C:\windows\System32\Wbem;C:\windows\System32\WindowsPowerShell\v1.0\;
USERNAME=Administrator
OS=Windows_NT
PROCESSOR_IDENTIFIER=Intel64 Family 6 Model 37 Stepping 5, GenuineIntel



---------------  S Y S T E M  ---------------

OS: Windows 7 , 64 bit Build 7601 (6.1.7601.19135)

CPU:total 4 (2 cores per cpu, 2 threads per core) family 6 model 37 stepping 5, cmov, cx8, fxsr, mmx, sse, sse2, sse3, ssse3, sse4.1, sse4.2, popcnt, aes, clmul, ht, tsc, tscinvbit

Memory: 4k page, physical 6216952k(1306416k free), swap 7263692k(4876k free)

vm_info: Java HotSpot(TM) 64-Bit Server VM (25.92-b14) for windows-amd64 JRE (1.8.0_92-b14), built on Mar 31 2016 21:03:04 by "java_re" with MS VC++ 10.0 (VS2010)

time: Fri Sep 02 11:26:30 2016
elapsed time: 1 seconds (0d 0h 0m 1s)

