#
# There is insufficient memory for the Java Runtime Environment to continue.
# Native memory allocation (malloc) failed to allocate 216816 bytes for Chunk::new
# Possible reasons:
#   The system is out of physical RAM or swap space
#   In 32 bit mode, the process size limit was hit
# Possible solutions:
#   Reduce memory load on the system
#   Increase physical memory or swap space
#   Check if swap backing store is full
#   Use 64 bit Java on a 64 bit OS
#   Decrease Java heap size (-Xmx/-Xms)
#   Decrease number of Java threads
#   Decrease Java thread stack sizes (-Xss)
#   Set larger code cache with -XX:ReservedCodeCacheSize=
# This output file may be truncated or incomplete.
#
#  Out of Memory Error (allocation.cpp:390), pid=14564, tid=0x0000000000003f94
#
# JRE version: Java(TM) SE Runtime Environment (8.0_92-b14) (build 1.8.0_92-b14)
# Java VM: Java HotSpot(TM) 64-Bit Server VM (25.92-b14 mixed mode windows-amd64 compressed oops)
# Failed to write core dump. Minidumps are not enabled by default on client versions of Windows
#

---------------  T H R E A D  ---------------

Current thread (0x00000000562f9800):  JavaThread "C2 CompilerThread1" daemon [_thread_in_native, id=16276, stack(0x0000000056b30000,0x0000000056c30000)]

Stack: [0x0000000056b30000,0x0000000056c30000]
[error occurred during error reporting (printing stack bounds), id 0xc0000005]

Native frames: (J=compiled Java code, j=interpreted, Vv=VM code, C=native code)


Current CompileTask:
C2:   1752  928       4       com.android.dx.ssa.back.LivenessAnalyzer::handleTailRecursion (94 bytes)


---------------  P R O C E S S  ---------------

Java Threads: ( => current thread )
  0x0000000056607000 JavaThread "pool-1-thread-4" [_thread_in_vm, id=17208, stack(0x0000000057640000,0x0000000057740000)]
  0x00000000565e8000 JavaThread "pool-1-thread-3" [_thread_blocked, id=16176, stack(0x00000000571e0000,0x00000000572e0000)]
  0x00000000565c1000 JavaThread "pool-1-thread-2" [_thread_blocked, id=17544, stack(0x0000000056c40000,0x0000000056d40000)]
  0x00000000565f4800 JavaThread "pool-2-thread-1" [_thread_blocked, id=17636, stack(0x0000000057470000,0x0000000057570000)]
  0x00000000565f6800 JavaThread "pool-1-thread-1" [_thread_blocked, id=15816, stack(0x00000000572f0000,0x00000000573f0000)]
  0x000000005636c800 JavaThread "Service Thread" daemon [_thread_blocked, id=17556, stack(0x0000000056f50000,0x0000000057050000)]
  0x0000000054e5d000 JavaThread "C1 CompilerThread2" daemon [_thread_blocked, id=17548, stack(0x0000000056d70000,0x0000000056e70000)]
=>0x00000000562f9800 JavaThread "C2 CompilerThread1" daemon [_thread_in_native, id=16276, stack(0x0000000056b30000,0x0000000056c30000)]
  0x00000000562ed000 JavaThread "C2 CompilerThread0" daemon [_thread_blocked, id=16964, stack(0x00000000560a0000,0x00000000561a0000)]
  0x00000000562ea800 JavaThread "Attach Listener" daemon [_thread_blocked, id=3052, stack(0x0000000056940000,0x0000000056a40000)]
  0x0000000054e4e800 JavaThread "Signal Dispatcher" daemon [_thread_blocked, id=17436, stack(0x0000000056750000,0x0000000056850000)]
  0x0000000054e39000 JavaThread "Finalizer" daemon [_thread_blocked, id=17052, stack(0x00000000561e0000,0x00000000562e0000)]
  0x0000000054df2000 JavaThread "Reference Handler" daemon [_thread_blocked, id=15724, stack(0x0000000055f70000,0x0000000056070000)]
  0x000000000013f000 JavaThread "main" [_thread_in_Java, id=16284, stack(0x00000000023a0000,0x00000000024a0000)]

Other Threads:
  0x0000000054dea000 VMThread [stack: 0x0000000055d40000,0x0000000055e40000] [id=17344]
  0x0000000056388800 WatcherThread [stack: 0x00000000570d0000,0x00000000571d0000] [id=17540]

VM state:not at safepoint (normal execution)

VM Mutex/Monitor currently owned by a thread: None

Heap:
 PSYoungGen      total 28672K, used 5487K [0x00000000eab00000, 0x00000000ecb00000, 0x0000000100000000)
  eden space 24576K, 5% used [0x00000000eab00000,0x00000000eac5ccd0,0x00000000ec300000)
  from space 4096K, 99% used [0x00000000ec300000,0x00000000ec6ff2a0,0x00000000ec700000)
  to   space 4096K, 0% used [0x00000000ec700000,0x00000000ec700000,0x00000000ecb00000)
 ParOldGen       total 65536K, used 946K [0x00000000c0000000, 0x00000000c4000000, 0x00000000eab00000)
  object space 65536K, 1% used [0x00000000c0000000,0x00000000c00ecbd0,0x00000000c4000000)
 Metaspace       used 5919K, capacity 6832K, committed 7040K, reserved 1056768K
  class space    used 601K, capacity 616K, committed 640K, reserved 1048576K

Card table byte_map: [0x0000000011860000,0x0000000011a70000] byte_map_base: 0x0000000011260000

Marking Bits: (ParMarkBitMap*) 0x000000006baa64f0
 Begin Bits: [0x0000000012260000, 0x0000000013260000)
 End Bits:   [0x0000000013260000, 0x0000000014260000)

Polling page: 0x0000000000110000

CodeCache: size=245760Kb used=3754Kb max_used=3759Kb free=242006Kb
 bounds [0x00000000024a0000, 0x0000000002850000, 0x00000000114a0000]
 total_blobs=1231 nmethods=961 adapters=182
 compilation: disabled (not enough contiguous free space left)

Compilation events (10 events):
Event: 1.538 Thread 0x0000000054e5d000 nmethod 931 0x000000000284cc10 code [0x000000000284cd60, 0x000000000284ce70]
Event: 1.538 Thread 0x0000000054e5d000  943       1       com.android.dx.rop.code.DexTranslationAdvice::getMaxOptimalRegisterCount (3 bytes)
Event: 1.538 Thread 0x0000000054e5d000 nmethod 943 0x000000000284ced0 code [0x000000000284d020, 0x000000000284d130]
Event: 1.726 Thread 0x0000000054e5d000  999       1       com.android.dx.rop.code.Insn$BaseVisitor::visitPlainInsn (1 bytes)
Event: 1.726 Thread 0x0000000054e5d000 nmethod 999 0x000000000284d190 code [0x000000000284d2e0, 0x000000000284d3f0]
Event: 1.726 Thread 0x0000000054e5d000  981       3       com.android.dx.ssa.SsaMethod::computeReachability (131 bytes)
Event: 1.727 Thread 0x00000000562ed000 1003       4       java.util.BitSet::set (58 bytes)
Event: 1.727 Thread 0x00000000562f9800  928       4       com.android.dx.ssa.back.LivenessAnalyzer::handleTailRecursion (94 bytes)
Event: 1.730 Thread 0x00000000562ed000 

Event: 1.731 Thread 0x0000000054e5d000 


GC Heap History (2 events):
Event: 1.569 GC heap before
{Heap before GC invocations=1 (full 0):
 PSYoungGen      total 28672K, used 24576K [0x00000000eab00000, 0x00000000ecb00000, 0x0000000100000000)
  eden space 24576K, 100% used [0x00000000eab00000,0x00000000ec300000,0x00000000ec300000)
  from space 4096K, 0% used [0x00000000ec700000,0x00000000ec700000,0x00000000ecb00000)
  to   space 4096K, 0% used [0x00000000ec300000,0x00000000ec300000,0x00000000ec700000)
 ParOldGen       total 65536K, used 0K [0x00000000c0000000, 0x00000000c4000000, 0x00000000eab00000)
  object space 65536K, 0% used [0x00000000c0000000,0x00000000c0000000,0x00000000c4000000)
 Metaspace       used 5911K, capacity 6832K, committed 7040K, reserved 1056768K
  class space    used 601K, capacity 616K, committed 640K, reserved 1048576K
Event: 1.726 GC heap after
Heap after GC invocations=1 (full 0):
 PSYoungGen      total 28672K, used 4092K [0x00000000eab00000, 0x00000000ecb00000, 0x0000000100000000)
  eden space 24576K, 0% used [0x00000000eab00000,0x00000000eab00000,0x00000000ec300000)
  from space 4096K, 99% used [0x00000000ec300000,0x00000000ec6ff2a0,0x00000000ec700000)
  to   space 4096K, 0% used [0x00000000ec700000,0x00000000ec700000,0x00000000ecb00000)
 ParOldGen       total 65536K, used 946K [0x00000000c0000000, 0x00000000c4000000, 0x00000000eab00000)
  object space 65536K, 1% used [0x00000000c0000000,0x00000000c00ecbd0,0x00000000c4000000)
 Metaspace       used 5911K, capacity 6832K, committed 7040K, reserved 1056768K
  class space    used 601K, capacity 616K, committed 640K, reserved 1048576K
}

Deoptimization events (7 events):
Event: 0.544 Thread 0x000000000013f000 Uncommon trap: reason=unstable_if action=reinterpret pc=0x00000000025f2244 method=java.lang.String.compareTo(Ljava/lang/String;)I @ 38
Event: 1.086 Thread 0x00000000565f6800 Uncommon trap: reason=unstable_if action=reinterpret pc=0x00000000026bdd20 method=java.util.HashMap.getNode(ILjava/lang/Object;)Ljava/util/HashMap$Node; @ 62
Event: 1.196 Thread 0x00000000565c1000 Uncommon trap: reason=unstable_if action=reinterpret pc=0x00000000026eaaa0 method=java.util.BitSet.nextSetBit(I)I @ 87
Event: 1.340 Thread 0x00000000565c1000 Uncommon trap: reason=unstable_if action=reinterpret pc=0x0000000002732840 method=java.util.HashMap.getNode(ILjava/lang/Object;)Ljava/util/HashMap$Node; @ 129
Event: 1.475 Thread 0x00000000565c1000 Uncommon trap: reason=unstable_if action=reinterpret pc=0x00000000026fe6a4 method=java.util.BitSet.ensureCapacity(I)V @ 6
Event: 1.481 Thread 0x00000000565c1000 Uncommon trap: reason=unstable_if action=reinterpret pc=0x00000000027b5f20 method=java.util.HashMap.putVal(ILjava/lang/Object;Ljava/lang/Object;ZZ)Ljava/lang/Object; @ 193
Event: 1.561 Thread 0x00000000565c1000 Uncommon trap: reason=unstable_if action=reinterpret pc=0x00000000027ad2b4 method=com.android.dx.rop.code.RegisterSpec.equals(ILcom/android/dx/rop/type/TypeBearer;Lcom/android/dx/rop/code/LocalItem;)Z @ 16

Internal exceptions (2 events):
Event: 0.077 Thread 0x000000000013f000 Exception <a 'java/lang/NoSuchMethodError': Method sun.misc.Unsafe.defineClass(Ljava/lang/String;[BII)Ljava/lang/Class; name or signature does not match> (0x00000000eab07cc0) thrown at [D:\re\workspace\8-2-build-windows-amd64-cygwin\jdk8u92\6642\hotspot\srlC®‚ãÂ³?
Event: 0.077 Thread 0x000000000013f000 Exception <a 'java/lang/NoSuchMethodError': Method sun.misc.Unsafe.prefetchRead(Ljava/lang/Object;J)V name or signature does not match> (0x00000000eab07fa8) thrown at [D:\re\workspace\8-2-build-windows-amd64-cygwin\jdk8u92\6642\hotspot\src\share\vm\prims\j

Events (10 events):
Event: 1.481 Thread 0x00000000565c1000 DEOPT UNPACKING pc=0x00000000024e582a sp=0x0000000056d3e840 mode 2
Event: 1.494 loading class com/android/dx/rop/code/RegOps
Event: 1.494 loading class com/android/dx/rop/code/RegOps done
Event: 1.561 Thread 0x00000000565c1000 Uncommon trap: trap_request=0xffffff65 fr.pc=0x00000000027ad2b4
Event: 1.561 Thread 0x00000000565c1000 DEOPT PACKING pc=0x00000000027ad2b4 sp=0x0000000056d3ebb0
Event: 1.561 Thread 0x00000000565c1000 DEOPT UNPACKING pc=0x00000000024e582a sp=0x0000000056d3eb48 mode 2
Event: 1.569 Executing VM operation: ParallelGCFailedAllocation
Event: 1.726 Executing VM operation: ParallelGCFailedAllocation done
Event: 1.735 loading class com/android/dx/cf/attrib/AttRuntimeVisibleAnnotations
Event: 1.735 loading class com/android/dx/cf/attrib/AttRuntimeVisibleAnnotations done


Dynamic libraries:
0x000000013f830000 - 0x000000013f867000 	C:\Program Files\Java\jdk1.8.0_92\bin\java.exe
0x0000000077190000 - 0x000000007733a000 	C:\windows\SYSTEM32\ntdll.dll
0x0000000076e30000 - 0x0000000076f4f000 	C:\windows\system32\kernel32.dll
0x000007fefd000000 - 0x000007fefd06b000 	C:\windows\system32\KERNELBASE.dll
0x000007fefdcf0000 - 0x000007fefddcb000 	C:\windows\system32\ADVAPI32.dll
0x000007fefd120000 - 0x000007fefd1bf000 	C:\windows\system32\msvcrt.dll
0x000007fefd350000 - 0x000007fefd36f000 	C:\windows\SYSTEM32\sechost.dll
0x000007fefddd0000 - 0x000007fefdefd000 	C:\windows\system32\RPCRT4.dll
0x0000000076f50000 - 0x000000007704a000 	C:\windows\system32\USER32.dll
0x000007fefe1a0000 - 0x000007fefe207000 	C:\windows\system32\GDI32.dll
0x000007fefd370000 - 0x000007fefd37e000 	C:\windows\system32\LPK.dll
0x000007feff3d0000 - 0x000007feff49a000 	C:\windows\system32\USP10.dll
0x000007fefb700000 - 0x000007fefb8f4000 	C:\windows\WinSxS\amd64_microsoft.windows.common-controls_6595b64144ccf1df_6.0.7601.18837_none_fa3b1e3d17594757\COMCTL32.dll
0x000007fefe4e0000 - 0x000007fefe551000 	C:\windows\system32\SHLWAPI.dll
0x000007fefdcc0000 - 0x000007fefdcee000 	C:\windows\system32\IMM32.DLL
0x000007fefdf10000 - 0x000007fefe019000 	C:\windows\system32\MSCTF.dll
0x0000000061ea0000 - 0x0000000061f72000 	C:\Program Files\Java\jdk1.8.0_92\jre\bin\msvcr100.dll
0x000000006b290000 - 0x000000006bb26000 	C:\Program Files\Java\jdk1.8.0_92\jre\bin\server\jvm.dll
0x000007fef52d0000 - 0x000007fef52d9000 	C:\windows\system32\WSOCK32.dll
0x000007fefd420000 - 0x000007fefd46d000 	C:\windows\system32\WS2_32.dll
0x000007fefdf00000 - 0x000007fefdf08000 	C:\windows\system32\NSI.dll
0x000007fefcfb0000 - 0x000007fefcfeb000 	C:\windows\system32\WINMM.dll
0x000007fefbd90000 - 0x000007fefbd9c000 	C:\windows\system32\VERSION.dll
0x0000000077360000 - 0x0000000077367000 	C:\windows\system32\PSAPI.DLL
0x0000000074210000 - 0x000000007421f000 	C:\Program Files\Java\jdk1.8.0_92\jre\bin\verify.dll
0x0000000071cd0000 - 0x0000000071cf9000 	C:\Program Files\Java\jdk1.8.0_92\jre\bin\java.dll
0x0000000071d10000 - 0x0000000071d26000 	C:\Program Files\Java\jdk1.8.0_92\jre\bin\zip.dll
0x000007fefe560000 - 0x000007feff2e9000 	C:\windows\system32\SHELL32.dll
0x000007fefdab0000 - 0x000007fefdcb3000 	C:\windows\system32\ole32.dll
0x000007fefcca0000 - 0x000007fefccaf000 	C:\windows\system32\profapi.dll

VM Arguments:
jvm_args: -Djava.awt.headless=true -Xmx1024M -Dfile.encoding=GBK -Duser.country=CN -Duser.language=zh -Duser.variant 
java_command: com.android.dx.command.Main --dex --force-jumbo --num-threads=4 --output G:\zy2016\app\build\intermediates\pre-dexed\debug\com.android.support-design-23.2.1_aecc3b39fda1ac0f1bedeb96d88441204a09cab3.jar G:\zy2016\app\build\intermediates\exploded-aar\com.android.support\design\23.2.1\jars\classes.jar
java_class_path (initial): E:\tool\sdk\build-tools\24.0.1\lib\dx.jar
Launcher Type: SUN_STANDARD

Environment Variables:
JAVA_HOME=C:\Program Files\Java\jdk1.8.0_92
PATH=C:\Program Files\Java\jdk1.8.0_92\bin;C:\ProgramData\Oracle\Java\javapath;C:\Program Files (x86)\MySQL\MySQL Server 5.1\bin;C:\windows\system32;C:\windows;C:\windows\System32\Wbem;C:\windows\System32\WindowsPowerShell\v1.0\;C:\Program Files\Git\cmd
USERNAME=Administrator
OS=Windows_NT
PROCESSOR_IDENTIFIER=Intel64 Family 6 Model 37 Stepping 5, GenuineIntel



---------------  S Y S T E M  ---------------

OS: Windows 7 , 64 bit Build 7601 (6.1.7601.19135)

CPU:total 4 (2 cores per cpu, 2 threads per core) family 6 model 37 stepping 5, cmov, cx8, fxsr, mmx, sse, sse2, sse3, ssse3, sse4.1, sse4.2, popcnt, aes, clmul, ht, tsc, tscinvbit

Memory: 4k page, physical 6216952k(1532924k free), swap 7263692k(4924k free)

vm_info: Java HotSpot(TM) 64-Bit Server VM (25.92-b14) for windows-amd64 JRE (1.8.0_92-b14), built on Mar 31 2016 21:03:04 by "java_re" with MS VC++ 10.0 (VS2010)

time: Fri Sep 09 13:53:28 2016
elapsed time: 1 seconds (0d 0h 0m 1s)

