#
# There is insufficient memory for the Java Runtime Environment to continue.
# Native memory allocation (malloc) failed to allocate 373136 bytes for Chunk::new
# Possible reasons:
#   The system is out of physical RAM or swap space
#   In 32 bit mode, the process size limit was hit
# Possible solutions:
#   Reduce memory load on the system
#   Increase physical memory or swap space
#   Check if swap backing store is full
#   Use 64 bit Java on a 64 bit OS
#   Decrease Java heap size (-Xmx/-Xms)
#   Decrease number of Java threads
#   Decrease Java thread stack sizes (-Xss)
#   Set larger code cache with -XX:ReservedCodeCacheSize=
# This output file may be truncated or incomplete.
#
#  Out of Memory Error (allocation.cpp:390), pid=17100, tid=0x0000000000004798
#
# JRE version: Java(TM) SE Runtime Environment (8.0_92-b14) (build 1.8.0_92-b14)
# Java VM: Java HotSpot(TM) 64-Bit Server VM (25.92-b14 mixed mode windows-amd64 compressed oops)
# Failed to write core dump. Minidumps are not enabled by default on client versions of Windows
#

---------------  T H R E A D  ---------------

Current thread (0x0000000054dbb000):  JavaThread "C2 CompilerThread1" daemon [_thread_in_native, id=18328, stack(0x0000000056a20000,0x0000000056b20000)]

Stack: [0x0000000056a20000,0x0000000056b20000]
[error occurred during error reporting (printing stack bounds), id 0xc0000005]

Native frames: (J=compiled Java code, j=interpreted, Vv=VM code, C=native code)


Current CompileTask:
C2:   4049 1663   !   4       com.android.dx.cf.code.BytecodeArray::parseInstruction (2764 bytes)


---------------  P R O C E S S  ---------------

Java Threads: ( => current thread )
  0x00000000565d2000 JavaThread "pool-1-thread-4" [_thread_in_Java, id=17268, stack(0x0000000057580000,0x0000000057680000)]
  0x00000000565c5000 JavaThread "pool-1-thread-3" [_thread_blocked, id=15500, stack(0x0000000056d60000,0x0000000056e60000)]
  0x00000000565bc000 JavaThread "pool-1-thread-2" [_thread_blocked, id=17800, stack(0x0000000057430000,0x0000000057530000)]
  0x0000000056612000 JavaThread "pool-2-thread-1" [_thread_blocked, id=16116, stack(0x0000000056f70000,0x0000000057070000)]
  0x000000005660f000 JavaThread "pool-1-thread-1" [_thread_blocked, id=17620, stack(0x00000000572b0000,0x00000000573b0000)]
  0x0000000056324000 JavaThread "Service Thread" daemon [_thread_blocked, id=3752, stack(0x0000000056e70000,0x0000000056f70000)]
  0x0000000054dbc000 JavaThread "C1 CompilerThread2" daemon [_thread_blocked, id=18004, stack(0x0000000056c10000,0x0000000056d10000)]
=>0x0000000054dbb000 JavaThread "C2 CompilerThread1" daemon [_thread_in_native, id=18328, stack(0x0000000056a20000,0x0000000056b20000)]
  0x00000000562dd800 JavaThread "C2 CompilerThread0" daemon [_thread_in_native, id=16328, stack(0x0000000055f30000,0x0000000056030000)]
  0x00000000562dc800 JavaThread "Attach Listener" daemon [_thread_blocked, id=17968, stack(0x00000000568f0000,0x00000000569f0000)]
  0x0000000054dac800 JavaThread "Signal Dispatcher" daemon [_thread_blocked, id=18404, stack(0x0000000056780000,0x0000000056880000)]
  0x0000000054d99000 JavaThread "Finalizer" daemon [_thread_blocked, id=17888, stack(0x00000000561d0000,0x00000000562d0000)]
  0x0000000054d52000 JavaThread "Reference Handler" daemon [_thread_blocked, id=3036, stack(0x0000000056030000,0x0000000056130000)]
  0x0000000001d6f000 JavaThread "main" [_thread_in_Java, id=16052, stack(0x0000000002460000,0x0000000002560000)]

Other Threads:
  0x0000000054d4a000 VMThread [stack: 0x0000000055d90000,0x0000000055e90000] [id=16696]
  0x0000000056335000 WatcherThread [stack: 0x0000000057080000,0x0000000057180000] [id=17276]

VM state:not at safepoint (normal execution)

VM Mutex/Monitor currently owned by a thread: None

Heap:
 PSYoungGen      total 53248K, used 23936K [0x00000000eab00000, 0x00000000f2100000, 0x0000000100000000)
  eden space 49152K, 40% used [0x00000000eab00000,0x00000000ebe67040,0x00000000edb00000)
  from space 4096K, 99% used [0x00000000edb00000,0x00000000edef91d8,0x00000000edf00000)
  to   space 11264K, 0% used [0x00000000f1600000,0x00000000f1600000,0x00000000f2100000)
 ParOldGen       total 65536K, used 17952K [0x00000000c0000000, 0x00000000c4000000, 0x00000000eab00000)
  object space 65536K, 27% used [0x00000000c0000000,0x00000000c11882a0,0x00000000c4000000)
 Metaspace       used 6401K, capacity 7192K, committed 7424K, reserved 1056768K
  class space    used 627K, capacity 656K, committed 768K, reserved 1048576K

Card table byte_map: [0x0000000011920000,0x0000000011b30000] byte_map_base: 0x0000000011320000

Marking Bits: (ParMarkBitMap*) 0x000000006baa64f0
 Begin Bits: [0x00000000121c0000, 0x00000000131c0000)
 End Bits:   [0x00000000131c0000, 0x00000000141c0000)

Polling page: 0x0000000000110000

CodeCache: size=245760Kb used=6790Kb max_used=6802Kb free=238969Kb
 bounds [0x0000000002560000, 0x0000000002c10000, 0x0000000011560000]
 total_blobs=1952 nmethods=1684 adapters=182
 compilation: enabled

Compilation events (10 events):
Event: 3.987 Thread 0x00000000562dd800 nmethod 1676 0x0000000002bd4310 code [0x0000000002bd4440, 0x0000000002bd44d8]
Event: 3.987 Thread 0x00000000562dd800 1662   !   4       java.util.BitSet::clone (49 bytes)
Event: 3.990 Thread 0x00000000562dd800 nmethod 1662 0x0000000002bd3e10 code [0x0000000002bd3f80, 0x0000000002bd4188]
Event: 3.990 Thread 0x00000000562dd800 1474   !   4       com.android.dx.cf.code.BaseMachine::arg (36 bytes)
Event: 3.990 Thread 0x0000000054dbc000 1719       1       com.android.dx.cf.attrib.AttConstantValue::getConstantValue (5 bytes)
Event: 3.990 Thread 0x0000000054dbc000 nmethod 1719 0x0000000002c087d0 code [0x0000000002c08920, 0x0000000002c08a30]
Event: 3.991 Thread 0x00000000562dd800 nmethod 1474 0x0000000002c05850 code [0x0000000002c05980, 0x0000000002c05a18]
Event: 3.991 Thread 0x00000000562dd800 1690       4       java.util.HashMap::newNode (13 bytes)
Event: 3.992 Thread 0x00000000562dd800 nmethod 1690 0x0000000002c05550 code [0x0000000002c056a0, 0x0000000002c05798]
Event: 3.992 Thread 0x00000000562dd800 1517       4       com.android.dx.ssa.LiteralOpUpgrader$1::visitNonMoveInsn (203 bytes)

GC Heap History (10 events):
Event: 1.928 GC heap before
{Heap before GC invocations=1 (full 0):
 PSYoungGen      total 28672K, used 24576K [0x00000000eab00000, 0x00000000ecb00000, 0x0000000100000000)
  eden space 24576K, 100% used [0x00000000eab00000,0x00000000ec300000,0x00000000ec300000)
  from space 4096K, 0% used [0x00000000ec700000,0x00000000ec700000,0x00000000ecb00000)
  to   space 4096K, 0% used [0x00000000ec300000,0x00000000ec300000,0x00000000ec700000)
 ParOldGen       total 65536K, used 0K [0x00000000c0000000, 0x00000000c4000000, 0x00000000eab00000)
  object space 65536K, 0% used [0x00000000c0000000,0x00000000c0000000,0x00000000c4000000)
 Metaspace       used 5931K, capacity 6836K, committed 7040K, reserved 1056768K
  class space    used 602K, capacity 620K, committed 640K, reserved 1048576K
Event: 1.941 GC heap after
Heap after GC invocations=1 (full 0):
 PSYoungGen      total 28672K, used 4081K [0x00000000eab00000, 0x00000000ecb00000, 0x0000000100000000)
  eden space 24576K, 0% used [0x00000000eab00000,0x00000000eab00000,0x00000000ec300000)
  from space 4096K, 99% used [0x00000000ec300000,0x00000000ec6fc470,0x00000000ec700000)
  to   space 4096K, 0% used [0x00000000ec700000,0x00000000ec700000,0x00000000ecb00000)
 ParOldGen       total 65536K, used 1202K [0x00000000c0000000, 0x00000000c4000000, 0x00000000eab00000)
  object space 65536K, 1% used [0x00000000c0000000,0x00000000c012c910,0x00000000c4000000)
 Metaspace       used 5931K, capacity 6836K, committed 7040K, reserved 1056768K
  class space    used 602K, capacity 620K, committed 640K, reserved 1048576K
}
Event: 2.664 GC heap before
{Heap before GC invocations=2 (full 0):
 PSYoungGen      total 28672K, used 28657K [0x00000000eab00000, 0x00000000ecb00000, 0x0000000100000000)
  eden space 24576K, 100% used [0x00000000eab00000,0x00000000ec300000,0x00000000ec300000)
  from space 4096K, 99% used [0x00000000ec300000,0x00000000ec6fc470,0x00000000ec700000)
  to   space 4096K, 0% used [0x00000000ec700000,0x00000000ec700000,0x00000000ecb00000)
 ParOldGen       total 65536K, used 1202K [0x00000000c0000000, 0x00000000c4000000, 0x00000000eab00000)
  object space 65536K, 1% used [0x00000000c0000000,0x00000000c012c910,0x00000000c4000000)
 Metaspace       used 6179K, capacity 7028K, committed 7296K, reserved 1056768K
  class space    used 605K, capacity 620K, committed 640K, reserved 1048576K
Event: 2.681 GC heap after
Heap after GC invocations=2 (full 0):
 PSYoungGen      total 28672K, used 4095K [0x00000000eab00000, 0x00000000ee300000, 0x0000000100000000)
  eden space 24576K, 0% used [0x00000000eab00000,0x00000000eab00000,0x00000000ec300000)
  from space 4096K, 99% used [0x00000000ec700000,0x00000000ecaffca8,0x00000000ecb00000)
  to   space 4096K, 0% used [0x00000000ec300000,0x00000000ec300000,0x00000000ec700000)
 ParOldGen       total 65536K, used 4320K [0x00000000c0000000, 0x00000000c4000000, 0x00000000eab00000)
  object space 65536K, 6% used [0x00000000c0000000,0x00000000c0438110,0x00000000c4000000)
 Metaspace       used 6179K, capacity 7028K, committed 7296K, reserved 1056768K
  class space    used 605K, capacity 620K, committed 640K, reserved 1048576K
}
Event: 2.934 GC heap before
{Heap before GC invocations=3 (full 0):
 PSYoungGen      total 28672K, used 28671K [0x00000000eab00000, 0x00000000ee300000, 0x0000000100000000)
  eden space 24576K, 100% used [0x00000000eab00000,0x00000000ec300000,0x00000000ec300000)
  from space 4096K, 99% used [0x00000000ec700000,0x00000000ecaffca8,0x00000000ecb00000)
  to   space 4096K, 0% used [0x00000000ec300000,0x00000000ec300000,0x00000000ec700000)
 ParOldGen       total 65536K, used 4320K [0x00000000c0000000, 0x00000000c4000000, 0x00000000eab00000)
  object space 65536K, 6% used [0x00000000c0000000,0x00000000c0438110,0x00000000c4000000)
 Metaspace       used 6220K, capacity 7092K, committed 7296K, reserved 1056768K
  class space    used 605K, capacity 620K, committed 640K, reserved 1048576K
Event: 2.963 GC heap after
Heap after GC invocations=3 (full 0):
 PSYoungGen      total 28672K, used 4080K [0x00000000eab00000, 0x00000000ee300000, 0x0000000100000000)
  eden space 24576K, 0% used [0x00000000eab00000,0x00000000eab00000,0x00000000ec300000)
  from space 4096K, 99% used [0x00000000ec300000,0x00000000ec6fc328,0x00000000ec700000)
  to   space 4096K, 0% used [0x00000000edf00000,0x00000000edf00000,0x00000000ee300000)
 ParOldGen       total 65536K, used 7331K [0x00000000c0000000, 0x00000000c4000000, 0x00000000eab00000)
  object space 65536K, 11% used [0x00000000c0000000,0x00000000c0728e70,0x00000000c4000000)
 Metaspace       used 6220K, capacity 7092K, committed 7296K, reserved 1056768K
  class space    used 605K, capacity 620K, committed 640K, reserved 1048576K
}
Event: 3.272 GC heap before
{Heap before GC invocations=4 (full 0):
 PSYoungGen      total 28672K, used 28656K [0x00000000eab00000, 0x00000000ee300000, 0x0000000100000000)
  eden space 24576K, 100% used [0x00000000eab00000,0x00000000ec300000,0x00000000ec300000)
  from space 4096K, 99% used [0x00000000ec300000,0x00000000ec6fc328,0x00000000ec700000)
  to   space 4096K, 0% used [0x00000000edf00000,0x00000000edf00000,0x00000000ee300000)
 ParOldGen       total 65536K, used 7331K [0x00000000c0000000, 0x00000000c4000000, 0x00000000eab00000)
  object space 65536K, 11% used [0x00000000c0000000,0x00000000c0728e70,0x00000000c4000000)
 Metaspace       used 6357K, capacity 7128K, committed 7424K, reserved 1056768K
  class space    used 627K, capacity 656K, committed 768K, reserved 1048576K
Event: 3.298 GC heap after
Heap after GC invocations=4 (full 0):
 PSYoungGen      total 53248K, used 4095K [0x00000000eab00000, 0x00000000ee300000, 0x0000000100000000)
  eden space 49152K, 0% used [0x00000000eab00000,0x00000000eab00000,0x00000000edb00000)
  from space 4096K, 99% used [0x00000000edf00000,0x00000000ee2ffe90,0x00000000ee300000)
  to   space 4096K, 0% used [0x00000000edb00000,0x00000000edb00000,0x00000000edf00000)
 ParOldGen       total 65536K, used 11291K [0x00000000c0000000, 0x00000000c4000000, 0x00000000eab00000)
  object space 65536K, 17% used [0x00000000c0000000,0x00000000c0b06e60,0x00000000c4000000)
 Metaspace       used 6357K, capacity 7128K, committed 7424K, reserved 1056768K
  class space    used 627K, capacity 656K, committed 768K, reserved 1048576K
}
Event: 3.844 GC heap before
{Heap before GC invocations=5 (full 0):
 PSYoungGen      total 53248K, used 53247K [0x00000000eab00000, 0x00000000ee300000, 0x0000000100000000)
  eden space 49152K, 100% used [0x00000000eab00000,0x00000000edb00000,0x00000000edb00000)
  from space 4096K, 99% used [0x00000000edf00000,0x00000000ee2ffe90,0x00000000ee300000)
  to   space 4096K, 0% used [0x00000000edb00000,0x00000000edb00000,0x00000000edf00000)
 ParOldGen       total 65536K, used 11291K [0x00000000c0000000, 0x00000000c4000000, 0x00000000eab00000)
  object space 65536K, 17% used [0x00000000c0000000,0x00000000c0b06e60,0x00000000c4000000)
 Metaspace       used 6393K, capacity 7128K, committed 7424K, reserved 1056768K
  class space    used 627K, capacity 656K, committed 768K, reserved 1048576K
Event: 3.871 GC heap after
Heap after GC invocations=5 (full 0):
 PSYoungGen      total 53248K, used 4068K [0x00000000eab00000, 0x00000000f2100000, 0x0000000100000000)
  eden space 49152K, 0% used [0x00000000eab00000,0x00000000eab00000,0x00000000edb00000)
  from space 4096K, 99% used [0x00000000edb00000,0x00000000edef91d8,0x00000000edf00000)
  to   space 11264K, 0% used [0x00000000f1600000,0x00000000f1600000,0x00000000f2100000)
 ParOldGen       total 65536K, used 17952K [0x00000000c0000000, 0x00000000c4000000, 0x00000000eab00000)
  object space 65536K, 27% used [0x00000000c0000000,0x00000000c11882a0,0x00000000c4000000)
 Metaspace       used 6393K, capacity 7128K, committed 7424K, reserved 1056768K
  class space    used 627K, capacity 656K, committed 768K, reserved 1048576K
}

Deoptimization events (10 events):
Event: 2.170 Thread 0x00000000565bc000 Uncommon trap: reason=bimorphic action=maybe_recompile pc=0x000000000277a394 method=java.util.HashMap.getNode(ILjava/lang/Object;)Ljava/util/HashMap$Node; @ 126
Event: 2.496 Thread 0x00000000565bc000 Uncommon trap: reason=uninitialized action=reinterpret pc=0x0000000002aa5910 method=com.android.dx.cf.code.BytecodeArray.parseInstruction(ILcom/android/dx/cf/code/BytecodeArray$Visitor;)I @ 1047
Event: 2.803 Thread 0x00000000565bc000 Uncommon trap: reason=null_check action=make_not_entrant pc=0x0000000002824b74 method=com.android.dx.ssa.SsaRenamer.getLocalForNewReg(I)Lcom/android/dx/rop/code/LocalItem; @ 19
Event: 2.972 Thread 0x00000000565c5000 Uncommon trap: reason=unstable_if action=reinterpret pc=0x000000000292c07c method=java.util.HashMap.putVal(ILjava/lang/Object;Ljava/lang/Object;ZZ)Ljava/lang/Object; @ 162
Event: 2.995 Thread 0x00000000565c5000 Uncommon trap: reason=unstable_if action=reinterpret pc=0x0000000002a18f3c method=java.util.HashMap.getNode(ILjava/lang/Object;)Ljava/util/HashMap$Node; @ 84
Event: 2.995 Thread 0x00000000565c5000 Uncommon trap: reason=unstable_if action=reinterpret pc=0x0000000002a8b048 method=java.util.HashMap.getNode(ILjava/lang/Object;)Ljava/util/HashMap$Node; @ 84
Event: 3.001 Thread 0x00000000565c5000 Uncommon trap: reason=unstable_if action=reinterpret pc=0x0000000002a8a164 method=java.util.HashMap.putVal(ILjava/lang/Object;Ljava/lang/Object;ZZ)Ljava/lang/Object; @ 162
Event: 3.075 Thread 0x00000000565d2000 Uncommon trap: reason=null_check action=make_not_entrant pc=0x000000000280dd50 method=com.android.dx.ssa.SsaRenamer.getLocalForNewReg(I)Lcom/android/dx/rop/code/LocalItem; @ 19
Event: 3.139 Thread 0x00000000565c5000 Uncommon trap: reason=unstable_if action=reinterpret pc=0x00000000029a5bec method=com.android.dx.util.IntList.binarysearch(I)I @ 105
Event: 3.721 Thread 0x00000000565c5000 Uncommon trap: reason=unstable_if action=reinterpret pc=0x0000000002bc0590 method=com.android.dx.cf.code.RopperMachine.run(Lcom/android/dx/cf/code/Frame;II)V @ 1250

Internal exceptions (7 events):
Event: 0.328 Thread 0x0000000001d6f000 Exception <a 'java/lang/NoSuchMethodError': Method sun.misc.Unsafe.defineClass(Ljava/lang/String;[BII)Ljava/lang/Class; name or signature does not match> (0x00000000eab07cc0) thrown at [D:\re\workspace\8-2-build-windows-amd64-cygwin\jdk8u92\6642\hotspot\sr3≥Tcc˘‘?
Event: 0.328 Thread 0x0000000001d6f000 Exception <a 'java/lang/NoSuchMethodError': Method sun.misc.Unsafe.prefetchRead(Ljava/lang/Object;J)V name or signature does not match> (0x00000000eab07fa8) thrown at [D:\re\workspace\8-2-build-windows-amd64-cygwin\jdk8u92\6642\hotspot\src\share\vm\prims\j?Ü~çıl@
Event: 2.803 Thread 0x00000000565bc000 Implicit null exception at 0x0000000002822aa3 to 0x0000000002824b31
Event: 2.974 Thread 0x00000000565c5000 Exception <a 'java/lang/ArrayIndexOutOfBoundsException': 18> (0x00000000eac85838) thrown at [D:\re\workspace\8-2-build-windows-amd64-cygwin\jdk8u92\6642\hotspot\src\share\vm\interpreter\interpreterRuntime.cpp, line 366]
Event: 2.975 Thread 0x00000000565c5000 Exception <a 'java/lang/ArrayIndexOutOfBoundsException': 145> (0x00000000eac873b8) thrown at [D:\re\workspace\8-2-build-windows-amd64-cygwin\jdk8u92\6642\hotspot\src\share\vm\interpreter\interpreterRuntime.cpp, line 366]
Event: 2.975 Thread 0x00000000565c5000 Exception <a 'java/lang/ArrayIndexOutOfBoundsException': 40> (0x00000000eac886a0) thrown at [D:\re\workspace\8-2-build-windows-amd64-cygwin\jdk8u92\6642\hotspot\src\share\vm\interpreter\interpreterRuntime.cpp, line 366]
Event: 3.075 Thread 0x00000000565d2000 Implicit null exception at 0x000000000280c141 to 0x000000000280dd31

Events (10 events):
Event: 3.823 Thread 0x00000000565bc000 DEOPT PACKING pc=0x0000000002927d98 sp=0x000000005752e8b0
Event: 3.823 Thread 0x00000000565bc000 DEOPT UNPACKING pc=0x00000000025a747f sp=0x000000005752e648 mode 0
Event: 3.844 Executing VM operation: ParallelGCFailedAllocation
Event: 3.871 Executing VM operation: ParallelGCFailedAllocation done
Event: 3.895 Thread 0x00000000565bc000 DEOPT PACKING pc=0x0000000002927e35 sp=0x000000005752e670
Event: 3.895 Thread 0x00000000565bc000 DEOPT UNPACKING pc=0x00000000025a747f sp=0x000000005752e408 mode 0
Event: 3.939 Thread 0x00000000565c5000 DEOPT PACKING pc=0x0000000002927e35 sp=0x0000000056e5e8a0
Event: 3.939 Thread 0x00000000565c5000 DEOPT UNPACKING pc=0x00000000025a747f sp=0x0000000056e5e638 mode 0
Event: 3.981 Thread 0x00000000565d2000 DEOPT PACKING pc=0x0000000002927e35 sp=0x000000005767e730
Event: 3.981 Thread 0x00000000565d2000 DEOPT UNPACKING pc=0x00000000025a747f sp=0x000000005767e4c8 mode 0


Dynamic libraries:
0x000000013f830000 - 0x000000013f867000 	C:\Program Files\Java\jdk1.8.0_92\bin\java.exe
0x0000000077190000 - 0x000000007733a000 	C:\windows\SYSTEM32\ntdll.dll
0x0000000076e30000 - 0x0000000076f4f000 	C:\windows\system32\kernel32.dll
0x000007fefd000000 - 0x000007fefd06b000 	C:\windows\system32\KERNELBASE.dll
0x000007fefdcf0000 - 0x000007fefddcb000 	C:\windows\system32\ADVAPI32.dll
0x000007fefd120000 - 0x000007fefd1bf000 	C:\windows\system32\msvcrt.dll
0x000007fefd350000 - 0x000007fefd36f000 	C:\windows\SYSTEM32\sechost.dll
0x000007fefddd0000 - 0x000007fefdefd000 	C:\windows\system32\RPCRT4.dll
0x0000000076f50000 - 0x000000007704a000 	C:\windows\system32\USER32.dll
0x000007fefe1a0000 - 0x000007fefe207000 	C:\windows\system32\GDI32.dll
0x000007fefd370000 - 0x000007fefd37e000 	C:\windows\system32\LPK.dll
0x000007feff3d0000 - 0x000007feff49a000 	C:\windows\system32\USP10.dll
0x000007fefb700000 - 0x000007fefb8f4000 	C:\windows\WinSxS\amd64_microsoft.windows.common-controls_6595b64144ccf1df_6.0.7601.18837_none_fa3b1e3d17594757\COMCTL32.dll
0x000007fefe4e0000 - 0x000007fefe551000 	C:\windows\system32\SHLWAPI.dll
0x000007fefdcc0000 - 0x000007fefdcee000 	C:\windows\system32\IMM32.DLL
0x000007fefdf10000 - 0x000007fefe019000 	C:\windows\system32\MSCTF.dll
0x0000000061ea0000 - 0x0000000061f72000 	C:\Program Files\Java\jdk1.8.0_92\jre\bin\msvcr100.dll
0x000000006b290000 - 0x000000006bb26000 	C:\Program Files\Java\jdk1.8.0_92\jre\bin\server\jvm.dll
0x000007fef52d0000 - 0x000007fef52d9000 	C:\windows\system32\WSOCK32.dll
0x000007fefd420000 - 0x000007fefd46d000 	C:\windows\system32\WS2_32.dll
0x000007fefdf00000 - 0x000007fefdf08000 	C:\windows\system32\NSI.dll
0x000007fefcfb0000 - 0x000007fefcfeb000 	C:\windows\system32\WINMM.dll
0x000007fefbd90000 - 0x000007fefbd9c000 	C:\windows\system32\VERSION.dll
0x0000000077360000 - 0x0000000077367000 	C:\windows\system32\PSAPI.DLL
0x0000000074210000 - 0x000000007421f000 	C:\Program Files\Java\jdk1.8.0_92\jre\bin\verify.dll
0x0000000071cd0000 - 0x0000000071cf9000 	C:\Program Files\Java\jdk1.8.0_92\jre\bin\java.dll
0x0000000071d10000 - 0x0000000071d26000 	C:\Program Files\Java\jdk1.8.0_92\jre\bin\zip.dll
0x000007fefe560000 - 0x000007feff2e9000 	C:\windows\system32\SHELL32.dll
0x000007fefdab0000 - 0x000007fefdcb3000 	C:\windows\system32\ole32.dll
0x000007fefcca0000 - 0x000007fefccaf000 	C:\windows\system32\profapi.dll

VM Arguments:
jvm_args: -Djava.awt.headless=true -Xmx1024M -Dfile.encoding=GBK -Duser.country=CN -Duser.language=zh -Duser.variant 
java_command: com.android.dx.command.Main --dex --force-jumbo --num-threads=4 --output G:\zy2016\app\build\intermediates\pre-dexed\debug\com.android.support-recyclerview-v7-23.2.1_00aa34a34b7cafd78dc8d6b5c2f681cf29d4ea00.jar G:\zy2016\app\build\intermediates\exploded-aar\com.android.support\recyclerview-v7\23.2.1\jars\classes.jar
java_class_path (initial): E:\tool\sdk\build-tools\24.0.1\lib\dx.jar
Launcher Type: SUN_STANDARD

Environment Variables:
JAVA_HOME=C:\Program Files\Java\jdk1.8.0_92
PATH=C:\Program Files\Java\jdk1.8.0_92\bin;C:\ProgramData\Oracle\Java\javapath;C:\Program Files (x86)\MySQL\MySQL Server 5.1\bin;C:\windows\system32;C:\windows;C:\windows\System32\Wbem;C:\windows\System32\WindowsPowerShell\v1.0\;C:\Program Files\Git\cmd
USERNAME=Administrator
OS=Windows_NT
PROCESSOR_IDENTIFIER=Intel64 Family 6 Model 37 Stepping 5, GenuineIntel



---------------  S Y S T E M  ---------------

OS: Windows 7 , 64 bit Build 7601 (6.1.7601.19135)

CPU:total 4 (2 cores per cpu, 2 threads per core) family 6 model 37 stepping 5, cmov, cx8, fxsr, mmx, sse, sse2, sse3, ssse3, sse4.1, sse4.2, popcnt, aes, clmul, ht, tsc, tscinvbit

Memory: 4k page, physical 6216952k(1274944k free), swap 7263692k(5168k free)

vm_info: Java HotSpot(TM) 64-Bit Server VM (25.92-b14) for windows-amd64 JRE (1.8.0_92-b14), built on Mar 31 2016 21:03:04 by "java_re" with MS VC++ 10.0 (VS2010)

time: Fri Sep 09 13:57:20 2016
elapsed time: 4 seconds (0d 0h 0m 4s)

