#
# There is insufficient memory for the Java Runtime Environment to continue.
# Native memory allocation (malloc) failed to allocate 55696 bytes for Chunk::new
# Possible reasons:
#   The system is out of physical RAM or swap space
#   In 32 bit mode, the process size limit was hit
# Possible solutions:
#   Reduce memory load on the system
#   Increase physical memory or swap space
#   Check if swap backing store is full
#   Use 64 bit Java on a 64 bit OS
#   Decrease Java heap size (-Xmx/-Xms)
#   Decrease number of Java threads
#   Decrease Java thread stack sizes (-Xss)
#   Set larger code cache with -XX:ReservedCodeCacheSize=
# This output file may be truncated or incomplete.
#
#  Out of Memory Error (allocation.cpp:390), pid=18380, tid=0x0000000000004420
#
# JRE version: Java(TM) SE Runtime Environment (8.0_92-b14) (build 1.8.0_92-b14)
# Java VM: Java HotSpot(TM) 64-Bit Server VM (25.92-b14 mixed mode windows-amd64 compressed oops)
# Failed to write core dump. Minidumps are not enabled by default on client versions of Windows
#

---------------  T H R E A D  ---------------

Current thread (0x00000000550db000):  JavaThread "C2 CompilerThread1" daemon [_thread_in_native, id=17440, stack(0x0000000056b40000,0x0000000056c40000)]

Stack: [0x0000000056b40000,0x0000000056c40000]
[error occurred during error reporting (printing stack bounds), id 0xc0000005]

Native frames: (J=compiled Java code, j=interpreted, Vv=VM code, C=native code)


Current CompileTask:
C2:    466  128 %     4       java.lang.String::replace @ 20 (127 bytes)


---------------  P R O C E S S  ---------------

Java Threads: ( => current thread )
  0x0000000056324000 JavaThread "Service Thread" daemon [_thread_blocked, id=16808, stack(0x0000000056da0000,0x0000000056ea0000)]
  0x00000000550df000 JavaThread "C1 CompilerThread2" daemon [_thread_blocked, id=16620, stack(0x0000000056a20000,0x0000000056b20000)]
=>0x00000000550db000 JavaThread "C2 CompilerThread1" daemon [_thread_in_native, id=17440, stack(0x0000000056b40000,0x0000000056c40000)]
  0x00000000562ad000 JavaThread "C2 CompilerThread0" daemon [_thread_in_native, id=14588, stack(0x00000000568a0000,0x00000000569a0000)]
  0x00000000562ac800 JavaThread "Attach Listener" daemon [_thread_blocked, id=2348, stack(0x0000000056010000,0x0000000056110000)]
  0x00000000550ce800 JavaThread "Signal Dispatcher" daemon [_thread_blocked, id=17360, stack(0x0000000056780000,0x0000000056880000)]
  0x00000000550b9000 JavaThread "Finalizer" daemon [_thread_blocked, id=16984, stack(0x00000000561a0000,0x00000000562a0000)]
  0x0000000055072000 JavaThread "Reference Handler" daemon [_thread_blocked, id=18296, stack(0x0000000055f00000,0x0000000056000000)]
  0x00000000022af000 JavaThread "main" [_thread_in_Java, id=18068, stack(0x00000000024c0000,0x00000000025c0000)]

Other Threads:
  0x000000005506a000 VMThread [stack: 0x0000000055db0000,0x0000000055eb0000] [id=17448]
  0x0000000056362000 WatcherThread [stack: 0x0000000057010000,0x0000000057110000] [id=16272]

VM state:not at safepoint (normal execution)

VM Mutex/Monitor currently owned by a thread: None

Heap:
 PSYoungGen      total 28672K, used 4925K [0x00000000eab00000, 0x00000000ecb00000, 0x0000000100000000)
  eden space 24576K, 20% used [0x00000000eab00000,0x00000000eafcf5f0,0x00000000ec300000)
  from space 4096K, 0% used [0x00000000ec700000,0x00000000ec700000,0x00000000ecb00000)
  to   space 4096K, 0% used [0x00000000ec300000,0x00000000ec300000,0x00000000ec700000)
 ParOldGen       total 65536K, used 0K [0x00000000c0000000, 0x00000000c4000000, 0x00000000eab00000)
  object space 65536K, 0% used [0x00000000c0000000,0x00000000c0000000,0x00000000c4000000)
 Metaspace       used 3449K, capacity 4720K, committed 4864K, reserved 1056768K
  class space    used 376K, capacity 424K, committed 512K, reserved 1048576K

Card table byte_map: [0x0000000011980000,0x0000000011b90000] byte_map_base: 0x0000000011380000

Marking Bits: (ParMarkBitMap*) 0x000000006baa64f0
 Begin Bits: [0x00000000124e0000, 0x00000000134e0000)
 End Bits:   [0x00000000134e0000, 0x00000000144e0000)

Polling page: 0x0000000000110000

CodeCache: size=245760Kb used=1333Kb max_used=1344Kb free=244426Kb
 bounds [0x00000000025c0000, 0x0000000002830000, 0x00000000115c0000]
 total_blobs=372 nmethods=128 adapters=158
 compilation: enabled

Compilation events (10 events):
Event: 0.451 Thread 0x00000000550df000  130       3       com.android.dx.cf.direct.ClassPathOpener$3::compare (12 bytes)
Event: 0.452 Thread 0x00000000550df000 nmethod 130 0x000000000270b910 code [0x000000000270ba80, 0x000000000270bd88]
Event: 0.452 Thread 0x00000000550df000  131       3       com.android.dx.cf.direct.ClassPathOpener::access$000 (6 bytes)
Event: 0.452 Thread 0x00000000550df000 nmethod 131 0x000000000270bed0 code [0x000000000270c040, 0x000000000270c1a8]
Event: 0.452 Thread 0x00000000550df000  132       3       com.android.dx.cf.direct.ClassPathOpener::compareClassNames (42 bytes)
Event: 0.453 Thread 0x00000000550df000 nmethod 132 0x000000000270c250 code [0x000000000270c4a0, 0x000000000270d0c8]
Event: 0.453 Thread 0x00000000550db000  128 %     4       java.lang.String::replace @ 20 (127 bytes)
Event: 0.453 Thread 0x00000000562ad000  120       4       java.util.regex.Matcher::reset (83 bytes)
Event: 0.456 Thread 0x00000000562ad000 nmethod 120 0x00000000027103d0 code [0x0000000002710520, 0x0000000002710658]
Event: 0.456 Thread 0x00000000562ad000  133       4       java.util.regex.Pattern$BnM::optimize (179 bytes)

GC Heap History (0 events):
No events

Deoptimization events (0 events):
No events

Internal exceptions (2 events):
Event: 0.089 Thread 0x00000000022af000 Exception <a 'java/lang/NoSuchMethodError': Method sun.misc.Unsafe.defineClass(Ljava/lang/String;[BII)Ljava/lang/Class; name or signature does not match> (0x00000000eab07cc0) thrown at [D:\re\workspace\8-2-build-windows-amd64-cygwin\jdk8u92\6642\hotspot\sr{¿ö—|À¶?
Event: 0.089 Thread 0x00000000022af000 Exception <a 'java/lang/NoSuchMethodError': Method sun.misc.Unsafe.prefetchRead(Ljava/lang/Object;J)V name or signature does not match> (0x00000000eab07fa8) thrown at [D:\re\workspace\8-2-build-windows-amd64-cygwin\jdk8u92\6642\hotspot\src\share\vm\prims\j

Events (10 events):
Event: 0.426 loading class java/util/regex/Pattern$SliceNode done
Event: 0.426 loading class java/util/regex/Pattern$Slice done
Event: 0.426 loading class java/util/regex/Pattern$BnM
Event: 0.426 loading class java/util/regex/Pattern$BnM done
Event: 0.426 loading class java/util/regex/Pattern$SliceS
Event: 0.426 loading class java/util/regex/Pattern$SliceS done
Event: 0.426 loading class java/util/regex/Matcher
Event: 0.426 loading class java/util/regex/MatchResult
Event: 0.426 loading class java/util/regex/MatchResult done
Event: 0.426 loading class java/util/regex/Matcher done


Dynamic libraries:
0x000000013f830000 - 0x000000013f867000 	C:\Program Files\Java\jdk1.8.0_92\bin\java.exe
0x0000000077190000 - 0x000000007733a000 	C:\windows\SYSTEM32\ntdll.dll
0x0000000076e30000 - 0x0000000076f4f000 	C:\windows\system32\kernel32.dll
0x000007fefd000000 - 0x000007fefd06b000 	C:\windows\system32\KERNELBASE.dll
0x000007fefdcf0000 - 0x000007fefddcb000 	C:\windows\system32\ADVAPI32.dll
0x000007fefd120000 - 0x000007fefd1bf000 	C:\windows\system32\msvcrt.dll
0x000007fefd350000 - 0x000007fefd36f000 	C:\windows\SYSTEM32\sechost.dll
0x000007fefddd0000 - 0x000007fefdefd000 	C:\windows\system32\RPCRT4.dll
0x0000000076f50000 - 0x000000007704a000 	C:\windows\system32\USER32.dll
0x000007fefe1a0000 - 0x000007fefe207000 	C:\windows\system32\GDI32.dll
0x000007fefd370000 - 0x000007fefd37e000 	C:\windows\system32\LPK.dll
0x000007feff3d0000 - 0x000007feff49a000 	C:\windows\system32\USP10.dll
0x000007fefb700000 - 0x000007fefb8f4000 	C:\windows\WinSxS\amd64_microsoft.windows.common-controls_6595b64144ccf1df_6.0.7601.18837_none_fa3b1e3d17594757\COMCTL32.dll
0x000007fefe4e0000 - 0x000007fefe551000 	C:\windows\system32\SHLWAPI.dll
0x000007fefdcc0000 - 0x000007fefdcee000 	C:\windows\system32\IMM32.DLL
0x000007fefdf10000 - 0x000007fefe019000 	C:\windows\system32\MSCTF.dll
0x0000000061ea0000 - 0x0000000061f72000 	C:\Program Files\Java\jdk1.8.0_92\jre\bin\msvcr100.dll
0x000000006b290000 - 0x000000006bb26000 	C:\Program Files\Java\jdk1.8.0_92\jre\bin\server\jvm.dll
0x000007fef52d0000 - 0x000007fef52d9000 	C:\windows\system32\WSOCK32.dll
0x000007fefd420000 - 0x000007fefd46d000 	C:\windows\system32\WS2_32.dll
0x000007fefdf00000 - 0x000007fefdf08000 	C:\windows\system32\NSI.dll
0x000007fefcfb0000 - 0x000007fefcfeb000 	C:\windows\system32\WINMM.dll
0x000007fefbd90000 - 0x000007fefbd9c000 	C:\windows\system32\VERSION.dll
0x0000000077360000 - 0x0000000077367000 	C:\windows\system32\PSAPI.DLL
0x0000000074210000 - 0x000000007421f000 	C:\Program Files\Java\jdk1.8.0_92\jre\bin\verify.dll
0x0000000071cd0000 - 0x0000000071cf9000 	C:\Program Files\Java\jdk1.8.0_92\jre\bin\java.dll
0x0000000071d10000 - 0x0000000071d26000 	C:\Program Files\Java\jdk1.8.0_92\jre\bin\zip.dll
0x000007fefe560000 - 0x000007feff2e9000 	C:\windows\system32\SHELL32.dll
0x000007fefdab0000 - 0x000007fefdcb3000 	C:\windows\system32\ole32.dll
0x000007fefcca0000 - 0x000007fefccaf000 	C:\windows\system32\profapi.dll

VM Arguments:
jvm_args: -Djava.awt.headless=true -Xmx1024M -Dfile.encoding=GBK -Duser.country=CN -Duser.language=zh -Duser.variant 
java_command: com.android.dx.command.Main --dex --force-jumbo --num-threads=4 --output G:\zy2016\app\build\intermediates\pre-dexed\debug\internal_impl-23.4.0_57681f6dcb6bdaae93d65ac799741cbbdab6023b.jar G:\zy2016\app\build\intermediates\exploded-aar\com.android.support\support-v4\23.4.0\jars\libs\internal_impl-23.4.0.jar
java_class_path (initial): E:\tool\sdk\build-tools\24.0.1\lib\dx.jar
Launcher Type: SUN_STANDARD

Environment Variables:
JAVA_HOME=C:\Program Files\Java\jdk1.8.0_92
PATH=C:\Program Files\Java\jdk1.8.0_92\bin;C:\ProgramData\Oracle\Java\javapath;C:\Program Files (x86)\MySQL\MySQL Server 5.1\bin;C:\windows\system32;C:\windows;C:\windows\System32\Wbem;C:\windows\System32\WindowsPowerShell\v1.0\;C:\Program Files\Git\cmd
USERNAME=Administrator
OS=Windows_NT
PROCESSOR_IDENTIFIER=Intel64 Family 6 Model 37 Stepping 5, GenuineIntel



---------------  S Y S T E M  ---------------

OS: Windows 7 , 64 bit Build 7601 (6.1.7601.19135)

CPU:total 4 (2 cores per cpu, 2 threads per core) family 6 model 37 stepping 5, cmov, cx8, fxsr, mmx, sse, sse2, sse3, ssse3, sse4.1, sse4.2, popcnt, aes, clmul, ht, tsc, tscinvbit

Memory: 4k page, physical 6216952k(1576444k free), swap 7263692k(5088k free)

vm_info: Java HotSpot(TM) 64-Bit Server VM (25.92-b14) for windows-amd64 JRE (1.8.0_92-b14), built on Mar 31 2016 21:03:04 by "java_re" with MS VC++ 10.0 (VS2010)

time: Fri Sep 09 13:53:31 2016
elapsed time: 0 seconds (0d 0h 0m 0s)

