#
# There is insufficient memory for the Java Runtime Environment to continue.
# Native memory allocation (malloc) failed to allocate 32744 bytes for ChunkPool::allocate
# Possible reasons:
#   The system is out of physical RAM or swap space
#   In 32 bit mode, the process size limit was hit
# Possible solutions:
#   Reduce memory load on the system
#   Increase physical memory or swap space
#   Check if swap backing store is full
#   Use 64 bit Java on a 64 bit OS
#   Decrease Java heap size (-Xmx/-Xms)
#   Decrease number of Java threads
#   Decrease Java thread stack sizes (-Xss)
#   Set larger code cache with -XX:ReservedCodeCacheSize=
# This output file may be truncated or incomplete.
#
#  Out of Memory Error (allocation.cpp:273), pid=17732, tid=0x0000000000004740
#
# JRE version: Java(TM) SE Runtime Environment (8.0_92-b14) (build 1.8.0_92-b14)
# Java VM: Java HotSpot(TM) 64-Bit Server VM (25.92-b14 mixed mode windows-amd64 compressed oops)
# Failed to write core dump. Minidumps are not enabled by default on client versions of Windows
#

---------------  T H R E A D  ---------------

Current thread (0x0000000056087800):  JavaThread "C2 CompilerThread0" daemon [_thread_in_native, id=18240, stack(0x0000000056740000,0x0000000056840000)]

Stack: [0x0000000056740000,0x0000000056840000]
[error occurred during error reporting (printing stack bounds), id 0xc0000005]

Native frames: (J=compiled Java code, j=interpreted, Vv=VM code, C=native code)


Current CompileTask:
C2:   1312  288       4       java.lang.String::replace (127 bytes)


---------------  P R O C E S S  ---------------

Java Threads: ( => current thread )
  0x0000000056363800 JavaThread "pool-1-thread-4" [_thread_in_vm, id=18188, stack(0x00000000573f0000,0x00000000574f0000)]
  0x0000000056360800 JavaThread "pool-1-thread-3" [_thread_blocked, id=18012, stack(0x0000000057270000,0x0000000057370000)]
  0x0000000056226000 JavaThread "pool-1-thread-2" [_thread_blocked, id=18056, stack(0x0000000056df0000,0x0000000056ef0000)]
  0x0000000056225800 JavaThread "pool-2-thread-1" [_thread_blocked, id=18412, stack(0x0000000057090000,0x0000000057190000)]
  0x000000005621c000 JavaThread "pool-1-thread-1" [_thread_blocked, id=17984, stack(0x0000000056f60000,0x0000000057060000)]
  0x00000000560e5000 JavaThread "Service Thread" daemon [_thread_blocked, id=18324, stack(0x0000000056980000,0x0000000056a80000)]
  0x00000000560e4000 JavaThread "C1 CompilerThread2" daemon [_thread_in_native, id=18284, stack(0x0000000056a80000,0x0000000056b80000)]
  0x00000000560da000 JavaThread "C2 CompilerThread1" daemon [_thread_blocked, id=18268, stack(0x0000000056880000,0x0000000056980000)]
=>0x0000000056087800 JavaThread "C2 CompilerThread0" daemon [_thread_in_native, id=18240, stack(0x0000000056740000,0x0000000056840000)]
  0x0000000056084800 JavaThread "Attach Listener" daemon [_thread_blocked, id=18208, stack(0x0000000056480000,0x0000000056580000)]
  0x000000005607a800 JavaThread "Signal Dispatcher" daemon [_thread_blocked, id=18172, stack(0x0000000056610000,0x0000000056710000)]
  0x0000000054d29000 JavaThread "Finalizer" daemon [_thread_blocked, id=17076, stack(0x0000000055f70000,0x0000000056070000)]
  0x0000000054ce2000 JavaThread "Reference Handler" daemon [_thread_blocked, id=18032, stack(0x0000000055e20000,0x0000000055f20000)]
  0x0000000001d4f000 JavaThread "main" [_thread_in_Java, id=17904, stack(0x00000000021c0000,0x00000000022c0000)]

Other Threads:
  0x0000000054cda000 VMThread [stack: 0x0000000055c80000,0x0000000055d80000] [id=17952]
  0x000000005610c000 WatcherThread [stack: 0x0000000056ce0000,0x0000000056de0000] [id=18348]

VM state:not at safepoint (normal execution)

VM Mutex/Monitor currently owned by a thread: None

Heap:
 PSYoungGen      total 28672K, used 8861K [0x00000000eab00000, 0x00000000ecb00000, 0x0000000100000000)
  eden space 24576K, 36% used [0x00000000eab00000,0x00000000eb3a7768,0x00000000ec300000)
  from space 4096K, 0% used [0x00000000ec700000,0x00000000ec700000,0x00000000ecb00000)
  to   space 4096K, 0% used [0x00000000ec300000,0x00000000ec300000,0x00000000ec700000)
 ParOldGen       total 65536K, used 0K [0x00000000c0000000, 0x00000000c4000000, 0x00000000eab00000)
  object space 65536K, 0% used [0x00000000c0000000,0x00000000c0000000,0x00000000c4000000)
 Metaspace       used 4838K, capacity 5872K, committed 6016K, reserved 1056768K
  class space    used 532K, capacity 552K, committed 640K, reserved 1048576K

Card table byte_map: [0x0000000011780000,0x0000000011990000] byte_map_base: 0x0000000011180000

Marking Bits: (ParMarkBitMap*) 0x000000006baa64f0
 Begin Bits: [0x0000000012150000, 0x0000000013150000)
 End Bits:   [0x0000000013150000, 0x0000000014150000)

Polling page: 0x0000000000410000

CodeCache: size=245760Kb used=1747Kb max_used=1758Kb free=244012Kb
 bounds [0x00000000023c0000, 0x0000000002630000, 0x00000000113c0000]
 total_blobs=546 nmethods=282 adapters=178
 compilation: enabled

Compilation events (10 events):
Event: 1.295 Thread 0x00000000560e4000  279       3       java.util.Vector::ensureCapacityHelper (16 bytes)
Event: 1.295 Thread 0x00000000560e4000 nmethod 279 0x0000000002573d10 code [0x0000000002573e80, 0x0000000002574048]
Event: 1.295 Thread 0x00000000560e4000  280       3       com.android.dx.rop.type.Type::hashCode (8 bytes)
Event: 1.295 Thread 0x00000000560e4000 nmethod 280 0x0000000002574110 code [0x0000000002574280, 0x0000000002574488]
Event: 1.296 Thread 0x00000000560da000  284       4       java.lang.String::<init> (82 bytes)
Event: 1.296 Thread 0x00000000560e4000  283       3       com.android.dx.util.IntList::growIfNeeded (46 bytes)
Event: 1.296 Thread 0x00000000560e4000 nmethod 283 0x0000000002574550 code [0x00000000025746c0, 0x00000000025749e8]
Event: 1.296 Thread 0x00000000560e4000  281   !   3       com.android.dx.cf.code.BytecodeArray::parseInstruction (2764 bytes)
Event: 1.301 Thread 0x00000000560da000 nmethod 284 0x00000000025779d0 code [0x0000000002577b20, 0x0000000002577df8]
Event: 1.306 Thread 0x0000000056087800  288       4       java.lang.String::replace (127 bytes)

GC Heap History (0 events):
No events

Deoptimization events (0 events):
No events

Internal exceptions (2 events):
Event: 0.297 Thread 0x0000000001d4f000 Exception <a 'java/lang/NoSuchMethodError': Method sun.misc.Unsafe.defineClass(Ljava/lang/String;[BII)Ljava/lang/Class; name or signature does not match> (0x00000000eab07cc0) thrown at [D:\re\workspace\8-2-build-windows-amd64-cygwin\jdk8u92\6642\hotspot\srm—~øGÓ?
Event: 0.298 Thread 0x0000000001d4f000 Exception <a 'java/lang/NoSuchMethodError': Method sun.misc.Unsafe.prefetchRead(Ljava/lang/Object;J)V name or signature does not match> (0x00000000eab07fa8) thrown at [D:\re\workspace\8-2-build-windows-amd64-cygwin\jdk8u92\6642\hotspot\src\share\vm\prims\j

Events (10 events):
Event: 1.309 loading class com/android/dx/ssa/SetFactory
Event: 1.309 loading class com/android/dx/ssa/SetFactory done
Event: 1.309 loading class com/android/dx/util/IntSet
Event: 1.309 loading class com/android/dx/util/IntSet done
Event: 1.309 loading class com/android/dx/util/BitIntSet
Event: 1.309 loading class com/android/dx/util/BitIntSet done
Event: 1.310 loading class com/android/dx/util/IntIterator
Event: 1.310 loading class com/android/dx/util/IntIterator done
Event: 1.311 loading class com/android/dx/util/BitIntSet$1
Event: 1.311 loading class com/android/dx/util/BitIntSet$1 done


Dynamic libraries:
0x000000013f830000 - 0x000000013f867000 	C:\Program Files\Java\jdk1.8.0_92\bin\java.exe
0x0000000077190000 - 0x000000007733a000 	C:\windows\SYSTEM32\ntdll.dll
0x0000000076e30000 - 0x0000000076f4f000 	C:\windows\system32\kernel32.dll
0x000007fefd000000 - 0x000007fefd06b000 	C:\windows\system32\KERNELBASE.dll
0x000007fefdcf0000 - 0x000007fefddcb000 	C:\windows\system32\ADVAPI32.dll
0x000007fefd120000 - 0x000007fefd1bf000 	C:\windows\system32\msvcrt.dll
0x000007fefd350000 - 0x000007fefd36f000 	C:\windows\SYSTEM32\sechost.dll
0x000007fefddd0000 - 0x000007fefdefd000 	C:\windows\system32\RPCRT4.dll
0x0000000076f50000 - 0x000000007704a000 	C:\windows\system32\USER32.dll
0x000007fefe1a0000 - 0x000007fefe207000 	C:\windows\system32\GDI32.dll
0x000007fefd370000 - 0x000007fefd37e000 	C:\windows\system32\LPK.dll
0x000007feff3d0000 - 0x000007feff49a000 	C:\windows\system32\USP10.dll
0x000007fefb700000 - 0x000007fefb8f4000 	C:\windows\WinSxS\amd64_microsoft.windows.common-controls_6595b64144ccf1df_6.0.7601.18837_none_fa3b1e3d17594757\COMCTL32.dll
0x000007fefe4e0000 - 0x000007fefe551000 	C:\windows\system32\SHLWAPI.dll
0x000007fefdcc0000 - 0x000007fefdcee000 	C:\windows\system32\IMM32.DLL
0x000007fefdf10000 - 0x000007fefe019000 	C:\windows\system32\MSCTF.dll
0x0000000061ea0000 - 0x0000000061f72000 	C:\Program Files\Java\jdk1.8.0_92\jre\bin\msvcr100.dll
0x000000006b290000 - 0x000000006bb26000 	C:\Program Files\Java\jdk1.8.0_92\jre\bin\server\jvm.dll
0x000007fef52d0000 - 0x000007fef52d9000 	C:\windows\system32\WSOCK32.dll
0x000007fefd420000 - 0x000007fefd46d000 	C:\windows\system32\WS2_32.dll
0x000007fefdf00000 - 0x000007fefdf08000 	C:\windows\system32\NSI.dll
0x000007fefcfb0000 - 0x000007fefcfeb000 	C:\windows\system32\WINMM.dll
0x000007fefbd90000 - 0x000007fefbd9c000 	C:\windows\system32\VERSION.dll
0x0000000077360000 - 0x0000000077367000 	C:\windows\system32\PSAPI.DLL
0x0000000074210000 - 0x000000007421f000 	C:\Program Files\Java\jdk1.8.0_92\jre\bin\verify.dll
0x0000000071cd0000 - 0x0000000071cf9000 	C:\Program Files\Java\jdk1.8.0_92\jre\bin\java.dll
0x0000000071d10000 - 0x0000000071d26000 	C:\Program Files\Java\jdk1.8.0_92\jre\bin\zip.dll
0x000007fefe560000 - 0x000007feff2e9000 	C:\windows\system32\SHELL32.dll
0x000007fefdab0000 - 0x000007fefdcb3000 	C:\windows\system32\ole32.dll
0x000007fefcca0000 - 0x000007fefccaf000 	C:\windows\system32\profapi.dll

VM Arguments:
jvm_args: -Djava.awt.headless=true -Xmx1024M -Dfile.encoding=GBK -Duser.country=CN -Duser.language=zh -Duser.variant 
java_command: com.android.dx.command.Main --dex --force-jumbo --num-threads=4 --output G:\zy2016\app\build\intermediates\pre-dexed\debug\com.android.support-support-vector-drawable-23.4.0_c3d4fde77d4f5b3aa01388702bb15fd954c12f1c.jar G:\zy2016\app\build\intermediates\exploded-aar\com.android.support\support-vector-drawable\23.4.0\jars\classes.jar
java_class_path (initial): E:\tool\sdk\build-tools\24.0.1\lib\dx.jar
Launcher Type: SUN_STANDARD

Environment Variables:
JAVA_HOME=C:\Program Files\Java\jdk1.8.0_92
PATH=C:\Program Files\Java\jdk1.8.0_92\bin;C:\ProgramData\Oracle\Java\javapath;C:\Program Files (x86)\MySQL\MySQL Server 5.1\bin;C:\windows\system32;C:\windows;C:\windows\System32\Wbem;C:\windows\System32\WindowsPowerShell\v1.0\;C:\Program Files\Git\cmd
USERNAME=Administrator
OS=Windows_NT
PROCESSOR_IDENTIFIER=Intel64 Family 6 Model 37 Stepping 5, GenuineIntel



---------------  S Y S T E M  ---------------

OS: Windows 7 , 64 bit Build 7601 (6.1.7601.19135)

CPU:total 4 (2 cores per cpu, 2 threads per core) family 6 model 37 stepping 5, cmov, cx8, fxsr, mmx, sse, sse2, sse3, ssse3, sse4.1, sse4.2, popcnt, aes, clmul, ht, tsc, tscinvbit

Memory: 4k page, physical 6216952k(1578836k free), swap 7263692k(6428k free)

vm_info: Java HotSpot(TM) 64-Bit Server VM (25.92-b14) for windows-amd64 JRE (1.8.0_92-b14), built on Mar 31 2016 21:03:04 by "java_re" with MS VC++ 10.0 (VS2010)

time: Fri Sep 09 13:53:30 2016
elapsed time: 1 seconds (0d 0h 0m 1s)

