#
# There is insufficient memory for the Java Runtime Environment to continue.
# Native memory allocation (malloc) failed to allocate 1053216 bytes for Chunk::new
# Possible reasons:
#   The system is out of physical RAM or swap space
#   In 32 bit mode, the process size limit was hit
# Possible solutions:
#   Reduce memory load on the system
#   Increase physical memory or swap space
#   Check if swap backing store is full
#   Use 64 bit Java on a 64 bit OS
#   Decrease Java heap size (-Xmx/-Xms)
#   Decrease number of Java threads
#   Decrease Java thread stack sizes (-Xss)
#   Set larger code cache with -XX:ReservedCodeCacheSize=
# This output file may be truncated or incomplete.
#
#  Out of Memory Error (allocation.cpp:390), pid=3312, tid=0x00000000000023e8
#
# JRE version: Java(TM) SE Runtime Environment (8.0_92-b14) (build 1.8.0_92-b14)
# Java VM: Java HotSpot(TM) 64-Bit Server VM (25.92-b14 mixed mode windows-amd64 compressed oops)
# Failed to write core dump. Minidumps are not enabled by default on client versions of Windows
#

---------------  T H R E A D  ---------------

Current thread (0x0000000056454800):  JavaThread "C2 CompilerThread1" daemon [_thread_in_native, id=9192, stack(0x0000000056fd0000,0x00000000570d0000)]

Stack: [0x0000000056fd0000,0x00000000570d0000]
[error occurred during error reporting (printing stack bounds), id 0xc0000005]

Native frames: (J=compiled Java code, j=interpreted, Vv=VM code, C=native code)


Current CompileTask:
C2:   4766 1311   !   4       com.android.dx.cf.cst.ConstantPoolParser::parse0 (731 bytes)


---------------  P R O C E S S  ---------------

Java Threads: ( => current thread )
  0x0000000056731800 JavaThread "pool-1-thread-4" [_thread_blocked, id=6416, stack(0x0000000056840000,0x0000000056940000)]
  0x000000005672e800 JavaThread "pool-1-thread-3" [_thread_blocked, id=3140, stack(0x00000000579d0000,0x0000000057ad0000)]
  0x000000005672e000 JavaThread "pool-1-thread-2" [_thread_blocked, id=8712, stack(0x00000000578a0000,0x00000000579a0000)]
  0x000000005672b800 JavaThread "pool-2-thread-1" [_thread_blocked, id=8884, stack(0x0000000057610000,0x0000000057710000)]
  0x000000005672b000 JavaThread "pool-1-thread-1" [_thread_blocked, id=2736, stack(0x0000000056eb0000,0x0000000056fb0000)]
  0x0000000056460000 JavaThread "Service Thread" daemon [_thread_blocked, id=2848, stack(0x0000000057310000,0x0000000057410000)]
  0x0000000056455800 JavaThread "C1 CompilerThread2" daemon [_thread_blocked, id=9144, stack(0x0000000057100000,0x0000000057200000)]
=>0x0000000056454800 JavaThread "C2 CompilerThread1" daemon [_thread_in_native, id=9192, stack(0x0000000056fd0000,0x00000000570d0000)]
  0x0000000056450800 JavaThread "C2 CompilerThread0" daemon [_thread_blocked, id=1800, stack(0x0000000056d40000,0x0000000056e40000)]
  0x00000000550bb000 JavaThread "Attach Listener" daemon [_thread_blocked, id=8064, stack(0x0000000056b30000,0x0000000056c30000)]
  0x00000000550cf000 JavaThread "Signal Dispatcher" daemon [_thread_blocked, id=5840, stack(0x0000000056940000,0x0000000056a40000)]
  0x00000000550a9000 JavaThread "Finalizer" daemon [_thread_blocked, id=2956, stack(0x0000000056340000,0x0000000056440000)]
  0x0000000055062000 JavaThread "Reference Handler" daemon [_thread_blocked, id=8652, stack(0x0000000056150000,0x0000000056250000)]
  0x00000000024bf000 JavaThread "main" [_thread_blocked, id=8280, stack(0x0000000002690000,0x0000000002790000)]

Other Threads:
  0x000000005505a000 VMThread [stack: 0x0000000056010000,0x0000000056110000] [id=8548]
  0x0000000056504800 WatcherThread [stack: 0x0000000057490000,0x0000000057590000] [id=5516]

VM state:not at safepoint (normal execution)

VM Mutex/Monitor currently owned by a thread: None

Heap:
 PSYoungGen      total 28672K, used 25735K [0x00000000eab00000, 0x00000000ee300000, 0x0000000100000000)
  eden space 24576K, 88% used [0x00000000eab00000,0x00000000ec024a30,0x00000000ec300000)
  from space 4096K, 99% used [0x00000000ec300000,0x00000000ec6fd3b8,0x00000000ec700000)
  to   space 4096K, 0% used [0x00000000edf00000,0x00000000edf00000,0x00000000ee300000)
 ParOldGen       total 65536K, used 935K [0x00000000c0000000, 0x00000000c4000000, 0x00000000eab00000)
  object space 65536K, 1% used [0x00000000c0000000,0x00000000c00e9d90,0x00000000c4000000)
 Metaspace       used 6094K, capacity 6964K, committed 7040K, reserved 1056768K
  class space    used 605K, capacity 620K, committed 640K, reserved 1048576K

Card table byte_map: [0x0000000011b50000,0x0000000011d60000] byte_map_base: 0x0000000011550000

Marking Bits: (ParMarkBitMap*) 0x00000000708064f0
 Begin Bits: [0x00000000124d0000, 0x00000000134d0000)
 End Bits:   [0x00000000134d0000, 0x00000000144d0000)

Polling page: 0x0000000000430000

CodeCache: size=245760Kb used=5239Kb max_used=5252Kb free=240520Kb
 bounds [0x0000000002790000, 0x0000000002cc0000, 0x0000000011790000]
 total_blobs=1592 nmethods=1324 adapters=182
 compilation: enabled

Compilation events (10 events):
Event: 4.591 Thread 0x0000000056450800 nmethod 1340 0x0000000002c84710 code [0x0000000002c84840, 0x0000000002c848b8]
Event: 4.591 Thread 0x0000000056450800 1341       4       com.android.dx.rop.code.PlainInsn::withNewRegisters (18 bytes)
Event: 4.594 Thread 0x0000000056450800 nmethod 1341 0x0000000002cb21d0 code [0x0000000002cb2320, 0x0000000002cb24d8]
Event: 4.594 Thread 0x0000000056450800 1342       4       com.android.dx.rop.code.RegisterSpecSet::mutableCopy (57 bytes)
Event: 4.607 Thread 0x0000000056450800 nmethod 1342 0x0000000002cb26d0 code [0x0000000002cb2860, 0x0000000002cb2db8]
Event: 4.607 Thread 0x0000000056450800 1345       4       java.lang.StringBuilder::append (8 bytes)
Event: 4.615 Thread 0x0000000056450800 nmethod 1345 0x0000000002cb3390 code [0x0000000002cb34e0, 0x0000000002cb3898]
Event: 4.615 Thread 0x0000000056450800 1343       4       java.io.DataInputStream::readUnsignedShort (39 bytes)
Event: 4.625 Thread 0x0000000056450800 nmethod 1343 0x0000000002cae450 code [0x0000000002cae5c0, 0x0000000002caec58]
Event: 4.625 Thread 0x0000000056450800 1346       4       com.android.dx.ssa.back.LivenessAnalyzer::run (231 bytes)

GC Heap History (2 events):
Event: 3.255 GC heap before
{Heap before GC invocations=1 (full 0):
 PSYoungGen      total 28672K, used 24576K [0x00000000eab00000, 0x00000000ecb00000, 0x0000000100000000)
  eden space 24576K, 100% used [0x00000000eab00000,0x00000000ec300000,0x00000000ec300000)
  from space 4096K, 0% used [0x00000000ec700000,0x00000000ec700000,0x00000000ecb00000)
  to   space 4096K, 0% used [0x00000000ec300000,0x00000000ec300000,0x00000000ec700000)
 ParOldGen       total 65536K, used 0K [0x00000000c0000000, 0x00000000c4000000, 0x00000000eab00000)
  object space 65536K, 0% used [0x00000000c0000000,0x00000000c0000000,0x00000000c4000000)
 Metaspace       used 5930K, capacity 6836K, committed 7040K, reserved 1056768K
  class space    used 604K, capacity 620K, committed 640K, reserved 1048576K
Event: 3.391 GC heap after
Heap after GC invocations=1 (full 0):
 PSYoungGen      total 28672K, used 4084K [0x00000000eab00000, 0x00000000ee300000, 0x0000000100000000)
  eden space 24576K, 0% used [0x00000000eab00000,0x00000000eab00000,0x00000000ec300000)
  from space 4096K, 99% used [0x00000000ec300000,0x00000000ec6fd3b8,0x00000000ec700000)
  to   space 4096K, 0% used [0x00000000edf00000,0x00000000edf00000,0x00000000ee300000)
 ParOldGen       total 65536K, used 935K [0x00000000c0000000, 0x00000000c4000000, 0x00000000eab00000)
  object space 65536K, 1% used [0x00000000c0000000,0x00000000c00e9d90,0x00000000c4000000)
 Metaspace       used 5930K, capacity 6836K, committed 7040K, reserved 1056768K
  class space    used 604K, capacity 620K, committed 640K, reserved 1048576K
}

Deoptimization events (9 events):
Event: 1.022 Thread 0x00000000024bf000 Uncommon trap: reason=unstable_if action=reinterpret pc=0x00000000028d97c4 method=java.lang.String.compareTo(Ljava/lang/String;)I @ 38
Event: 2.352 Thread 0x0000000056731800 Uncommon trap: reason=unstable_if action=reinterpret pc=0x00000000029b92b0 method=java.util.HashMap.getNode(ILjava/lang/Object;)Ljava/util/HashMap$Node; @ 62
Event: 2.409 Thread 0x000000005672e800 Uncommon trap: reason=bimorphic action=maybe_recompile pc=0x00000000029e95d4 method=java.util.HashMap.getNode(ILjava/lang/Object;)Ljava/util/HashMap$Node; @ 126
Event: 3.011 Thread 0x000000005672b000 Uncommon trap: reason=unstable_if action=reinterpret pc=0x0000000002a7a250 method=com.android.dx.rop.code.RegisterSpec.equals(ILcom/android/dx/rop/type/TypeBearer;Lcom/android/dx/rop/code/LocalItem;)Z @ 42
Event: 3.558 Thread 0x000000005672b000 Uncommon trap: reason=bimorphic action=maybe_recompile pc=0x00000000029e95d4 method=java.util.HashMap.getNode(ILjava/lang/Object;)Ljava/util/HashMap$Node; @ 126
Event: 3.712 Thread 0x0000000056731800 Uncommon trap: reason=unstable_if action=reinterpret pc=0x0000000002b2349c method=com.android.dx.rop.code.RegisterSpecSet.put(Lcom/android/dx/rop/code/RegisterSpec;)V @ 77
Event: 3.712 Thread 0x0000000056731800 Uncommon trap: reason=unstable_if action=reinterpret pc=0x0000000002b6b754 method=com.android.dx.rop.code.RegisterSpecSet.put(Lcom/android/dx/rop/code/RegisterSpec;)V @ 77
Event: 4.484 Thread 0x000000005672e000 Uncommon trap: reason=bimorphic action=maybe_recompile pc=0x0000000002c97c84 method=com.android.dx.cf.code.BytecodeArray.parseInstruction(ILcom/android/dx/cf/code/BytecodeArray$Visitor;)I @ 2484
Event: 4.485 Thread 0x000000005672e000 Uncommon trap: reason=bimorphic action=maybe_recompile pc=0x0000000002c97c84 method=com.android.dx.cf.code.BytecodeArray.parseInstruction(ILcom/android/dx/cf/code/BytecodeArray$Visitor;)I @ 2484

Internal exceptions (2 events):
Event: 0.193 Thread 0x00000000024bf000 Exception <a 'java/lang/NoSuchMethodError': Method sun.misc.Unsafe.defineClass(Ljava/lang/String;[BII)Ljava/lang/Class; name or signature does not match> (0x00000000eab07cc0) thrown at [D:\re\workspace\8-2-build-windows-amd64-cygwin\jdk8u92\6642\hotspot\sr£„©uÂÈ?
Event: 0.193 Thread 0x00000000024bf000 Exception <a 'java/lang/NoSuchMethodError': Method sun.misc.Unsafe.prefetchRead(Ljava/lang/Object;J)V name or signature does not match> (0x00000000eab07fa8) thrown at [D:\re\workspace\8-2-build-windows-amd64-cygwin\jdk8u92\6642\hotspot\src\share\vm\prims\j

Events (10 events):
Event: 4.155 loading class com/android/dx/dex/file/FieldAnnotationStruct done
Event: 4.484 Thread 0x000000005672e000 Uncommon trap: trap_request=0xffffffc6 fr.pc=0x0000000002c97c84
Event: 4.484 Thread 0x000000005672e000 DEOPT PACKING pc=0x0000000002c97c84 sp=0x000000005799ee10
Event: 4.484 Thread 0x000000005672e000 DEOPT UNPACKING pc=0x00000000027d582a sp=0x000000005799ed98 mode 2
Event: 4.485 Thread 0x000000005672e000 Uncommon trap: trap_request=0xffffffc6 fr.pc=0x0000000002c97c84
Event: 4.485 Thread 0x000000005672e000 DEOPT PACKING pc=0x0000000002c97c84 sp=0x000000005799ebf0
Event: 4.485 Thread 0x000000005672e000 DEOPT UNPACKING pc=0x00000000027d582a sp=0x000000005799eb78 mode 2
Event: 4.595 loading class com/android/dx/cf/attrib/AttExceptions
Event: 4.595 loading class com/android/dx/cf/attrib/AttExceptions done
Event: 4.662 Executing VM operation: EnableBiasedLocking


Dynamic libraries:
0x000000013ff90000 - 0x000000013ffc7000 	C:\Program Files\Java\jdk1.8.0_92\bin\java.exe
0x0000000077190000 - 0x000000007733a000 	C:\windows\SYSTEM32\ntdll.dll
0x0000000076f70000 - 0x000000007708f000 	C:\windows\system32\kernel32.dll
0x000007fefcfd0000 - 0x000007fefd03b000 	C:\windows\system32\KERNELBASE.dll
0x000007fefd160000 - 0x000007fefd23b000 	C:\windows\system32\ADVAPI32.dll
0x000007feff330000 - 0x000007feff3cf000 	C:\windows\system32\msvcrt.dll
0x000007fefeee0000 - 0x000007fefeeff000 	C:\windows\SYSTEM32\sechost.dll
0x000007fefec40000 - 0x000007fefed6d000 	C:\windows\system32\RPCRT4.dll
0x0000000077090000 - 0x000000007718a000 	C:\windows\system32\USER32.dll
0x000007fefee70000 - 0x000007fefeed7000 	C:\windows\system32\GDI32.dll
0x000007fefe630000 - 0x000007fefe63e000 	C:\windows\system32\LPK.dll
0x000007feff3d0000 - 0x000007feff49a000 	C:\windows\system32\USP10.dll
0x000007fefb700000 - 0x000007fefb8f4000 	C:\windows\WinSxS\amd64_microsoft.windows.common-controls_6595b64144ccf1df_6.0.7601.18837_none_fa3b1e3d17594757\COMCTL32.dll
0x000007fefef10000 - 0x000007fefef81000 	C:\windows\system32\SHLWAPI.dll
0x000007fefe850000 - 0x000007fefe87e000 	C:\windows\system32\IMM32.DLL
0x000007feff170000 - 0x000007feff279000 	C:\windows\system32\MSCTF.dll
0x000000006fc90000 - 0x000000006fd62000 	C:\Program Files\Java\jdk1.8.0_92\jre\bin\msvcr100.dll
0x000000006fff0000 - 0x0000000070886000 	C:\Program Files\Java\jdk1.8.0_92\jre\bin\server\jvm.dll
0x000007fef71b0000 - 0x000007fef71b9000 	C:\windows\system32\WSOCK32.dll
0x000007fefe920000 - 0x000007fefe96d000 	C:\windows\system32\WS2_32.dll
0x000007fefef00000 - 0x000007fefef08000 	C:\windows\system32\NSI.dll
0x000007fefd050000 - 0x000007fefd08b000 	C:\windows\system32\WINMM.dll
0x000007fefbd90000 - 0x000007fefbd9c000 	C:\windows\system32\VERSION.dll
0x0000000077360000 - 0x0000000077367000 	C:\windows\system32\PSAPI.DLL
0x0000000074210000 - 0x000000007421f000 	C:\Program Files\Java\jdk1.8.0_92\jre\bin\verify.dll
0x00000000725d0000 - 0x00000000725f9000 	C:\Program Files\Java\jdk1.8.0_92\jre\bin\java.dll
0x0000000072610000 - 0x0000000072626000 	C:\Program Files\Java\jdk1.8.0_92\jre\bin\zip.dll
0x000007fefd450000 - 0x000007fefe1d9000 	C:\windows\system32\SHELL32.dll
0x000007fefe640000 - 0x000007fefe843000 	C:\windows\system32\ole32.dll
0x000007fefcca0000 - 0x000007fefccaf000 	C:\windows\system32\profapi.dll

VM Arguments:
jvm_args: -Djava.awt.headless=true -Xmx1024M -Dfile.encoding=GBK -Duser.country=CN -Duser.language=zh -Duser.variant 
java_command: com.android.dx.command.Main --dex --force-jumbo --num-threads=4 --output F:\ToplineNews\app\build\intermediates\pre-dexed\debug\com.android.support-appcompat-v7-23.4.0_fc24aefe7743bfab490eada74d8524f2aeb201a0.jar F:\ToplineNews\app\build\intermediates\exploded-aar\com.android.support\appcompat-v7\23.4.0\jars\classes.jar
java_class_path (initial): E:\tool\sdk\build-tools\24.0.1\lib\dx.jar
Launcher Type: SUN_STANDARD

Environment Variables:
JAVA_HOME=C:\Program Files\Java\jdk1.8.0_92
PATH=C:\Program Files\Java\jdk1.8.0_92\bin;C:\ProgramData\Oracle\Java\javapath;C:\Program Files (x86)\MySQL\MySQL Server 5.1\bin;C:\windows\system32;C:\windows;C:\windows\System32\Wbem;C:\windows\System32\WindowsPowerShell\v1.0\;
USERNAME=Administrator
OS=Windows_NT
PROCESSOR_IDENTIFIER=Intel64 Family 6 Model 37 Stepping 5, GenuineIntel



---------------  S Y S T E M  ---------------

OS: Windows 7 , 64 bit Build 7601 (6.1.7601.19135)

CPU:total 4 (2 cores per cpu, 2 threads per core) family 6 model 37 stepping 5, cmov, cx8, fxsr, mmx, sse, sse2, sse3, ssse3, sse4.1, sse4.2, popcnt, aes, clmul, ht, tsc, tscinvbit

Memory: 4k page, physical 6216952k(1608852k free), swap 7263692k(6352k free)

vm_info: Java HotSpot(TM) 64-Bit Server VM (25.92-b14) for windows-amd64 JRE (1.8.0_92-b14), built on Mar 31 2016 21:03:04 by "java_re" with MS VC++ 10.0 (VS2010)

time: Thu Sep 01 17:06:31 2016
elapsed time: 4 seconds (0d 0h 0m 4s)

