#
# There is insufficient memory for the Java Runtime Environment to continue.
# Native memory allocation (malloc) failed to allocate 32744 bytes for ChunkPool::allocate
# Possible reasons:
#   The system is out of physical RAM or swap space
#   In 32 bit mode, the process size limit was hit
# Possible solutions:
#   Reduce memory load on the system
#   Increase physical memory or swap space
#   Check if swap backing store is full
#   Use 64 bit Java on a 64 bit OS
#   Decrease Java heap size (-Xmx/-Xms)
#   Decrease number of Java threads
#   Decrease Java thread stack sizes (-Xss)
#   Set larger code cache with -XX:ReservedCodeCacheSize=
# This output file may be truncated or incomplete.
#
#  Out of Memory Error (allocation.cpp:273), pid=4600, tid=0x0000000000002314
#
# JRE version: Java(TM) SE Runtime Environment (8.0_92-b14) (build 1.8.0_92-b14)
# Java VM: Java HotSpot(TM) 64-Bit Server VM (25.92-b14 mixed mode windows-amd64 compressed oops)
# Failed to write core dump. Minidumps are not enabled by default on client versions of Windows
#

---------------  T H R E A D  ---------------

Current thread (0x0000000056364000):  JavaThread "C1 CompilerThread2" daemon [_thread_in_native, id=8980, stack(0x0000000056ce0000,0x0000000056de0000)]

Stack: [0x0000000056ce0000,0x0000000056de0000]
[error occurred during error reporting (printing stack bounds), id 0xc0000005]

Native frames: (J=compiled Java code, j=interpreted, Vv=VM code, C=native code)


Current CompileTask:
C1:    535   76       3       sun.nio.cs.UTF_8$Decoder::decode (779 bytes)


---------------  P R O C E S S  ---------------

Java Threads: ( => current thread )
  0x000000005637a000 JavaThread "Service Thread" daemon [_thread_blocked, id=6564, stack(0x0000000056ef0000,0x0000000056ff0000)]
=>0x0000000056364000 JavaThread "C1 CompilerThread2" daemon [_thread_in_native, id=8980, stack(0x0000000056ce0000,0x0000000056de0000)]
  0x0000000056363000 JavaThread "C2 CompilerThread1" daemon [_thread_blocked, id=8356, stack(0x0000000056980000,0x0000000056a80000)]
  0x000000005630d000 JavaThread "C2 CompilerThread0" daemon [_thread_blocked, id=7884, stack(0x0000000056ae0000,0x0000000056be0000)]
  0x000000005630a800 JavaThread "Attach Listener" daemon [_thread_blocked, id=5060, stack(0x0000000055f90000,0x0000000056090000)]
  0x000000005501c800 JavaThread "Signal Dispatcher" daemon [_thread_blocked, id=8972, stack(0x0000000056860000,0x0000000056960000)]
  0x0000000055009000 JavaThread "Finalizer" daemon [_thread_blocked, id=7364, stack(0x0000000056200000,0x0000000056300000)]
  0x0000000054fc2000 JavaThread "Reference Handler" daemon [_thread_blocked, id=436, stack(0x00000000560d0000,0x00000000561d0000)]
  0x00000000023df000 JavaThread "main" [_thread_in_vm, id=8960, stack(0x0000000002690000,0x0000000002790000)]

Other Threads:
  0x0000000054fba000 VMThread [stack: 0x0000000055e60000,0x0000000055f60000] [id=4280]
  0x0000000056382800 WatcherThread [stack: 0x0000000057100000,0x0000000057200000] [id=8776]

VM state:not at safepoint (normal execution)

VM Mutex/Monitor currently owned by a thread: None

Heap:
 PSYoungGen      total 28672K, used 2467K [0x00000000eab00000, 0x00000000ecb00000, 0x0000000100000000)
  eden space 24576K, 10% used [0x00000000eab00000,0x00000000ead68fa8,0x00000000ec300000)
  from space 4096K, 0% used [0x00000000ec700000,0x00000000ec700000,0x00000000ecb00000)
  to   space 4096K, 0% used [0x00000000ec300000,0x00000000ec300000,0x00000000ec700000)
 ParOldGen       total 65536K, used 0K [0x00000000c0000000, 0x00000000c4000000, 0x00000000eab00000)
  object space 65536K, 0% used [0x00000000c0000000,0x00000000c0000000,0x00000000c4000000)
 Metaspace       used 3368K, capacity 4720K, committed 4864K, reserved 1056768K
  class space    used 370K, capacity 424K, committed 512K, reserved 1048576K

Card table byte_map: [0x0000000011b50000,0x0000000011d60000] byte_map_base: 0x0000000011550000

Marking Bits: (ParMarkBitMap*) 0x00000000703f64f0
 Begin Bits: [0x0000000012430000, 0x0000000013430000)
 End Bits:   [0x0000000013430000, 0x0000000014430000)

Polling page: 0x00000000001c0000

CodeCache: size=245760Kb used=1184Kb max_used=1184Kb free=244575Kb
 bounds [0x0000000002790000, 0x0000000002a00000, 0x0000000011790000]
 total_blobs=314 nmethods=70 adapters=158
 compilation: enabled

Compilation events (10 events):
Event: 0.516 Thread 0x0000000056364000 nmethod 64 0x00000000028b4bd0 code [0x00000000028b4d80, 0x00000000028b53f8]
Event: 0.516 Thread 0x0000000056364000   65       3       java.util.HashMap::getNode (148 bytes)
Event: 0.517 Thread 0x0000000056364000 nmethod 65 0x00000000028b5690 code [0x00000000028b5860, 0x00000000028b61e8]
Event: 0.517 Thread 0x0000000056364000   67       3       java.util.concurrent.ConcurrentHashMap::casTabAt (20 bytes)
Event: 0.518 Thread 0x0000000056364000 nmethod 67 0x00000000028b64d0 code [0x00000000028b6620, 0x00000000028b6790]
Event: 0.529 Thread 0x0000000056364000   68       3       java.lang.String::indexOf (166 bytes)
Event: 0.530 Thread 0x0000000056364000 nmethod 68 0x00000000028b6dd0 code [0x00000000028b6f80, 0x00000000028b75d0]
Event: 0.530 Thread 0x0000000056364000   74       3       java.util.zip.ZipFile::ensureOpen (37 bytes)
Event: 0.530 Thread 0x0000000056364000 nmethod 74 0x00000000028b7990 code [0x00000000028b7b20, 0x00000000028b7df8]
Event: 0.530 Thread 0x0000000056364000   76       3       sun.nio.cs.UTF_8$Decoder::decode (779 bytes)

GC Heap History (0 events):
No events

Deoptimization events (0 events):
No events

Internal exceptions (2 events):
Event: 0.098 Thread 0x00000000023df000 Exception <a 'java/lang/NoSuchMethodError': Method sun.misc.Unsafe.defineClass(Ljava/lang/String;[BII)Ljava/lang/Class; name or signature does not match> (0x00000000eab07cc0) thrown at [D:\re\workspace\8-2-build-windows-amd64-cygwin\jdk8u92\6642\hotspot\sr‹À!G7π?
Event: 0.098 Thread 0x00000000023df000 Exception <a 'java/lang/NoSuchMethodError': Method sun.misc.Unsafe.prefetchRead(Ljava/lang/Object;J)V name or signature does not match> (0x00000000eab07fa8) thrown at [D:\re\workspace\8-2-build-windows-amd64-cygwin\jdk8u92\6642\hotspot\src\share\vm\prims\j

Events (10 events):
Event: 0.523 loading class com/android/dx/command/dexer/Main$FileBytesConsumer
Event: 0.523 loading class com/android/dx/command/dexer/Main$FileBytesConsumer done
Event: 0.525 loading class java/util/zip/ZipFile$ZipEntryIterator
Event: 0.525 loading class java/util/zip/ZipFile$ZipEntryIterator done
Event: 0.532 loading class com/android/dx/cf/direct/ClassPathOpener$3
Event: 0.532 loading class com/android/dx/cf/direct/ClassPathOpener$3 done
Event: 0.533 loading class java/util/TimSort
Event: 0.533 loading class java/util/TimSort done
Event: 0.533 loading class java/util/regex/Pattern
Event: 0.534 loading class java/util/regex/Pattern done


Dynamic libraries:
0x000000013f5c0000 - 0x000000013f5f7000 	C:\Program Files\Java\jdk1.8.0_92\bin\java.exe
0x0000000077720000 - 0x00000000778ca000 	C:\windows\SYSTEM32\ntdll.dll
0x00000000773c0000 - 0x00000000774df000 	C:\windows\system32\kernel32.dll
0x000007fefd4f0000 - 0x000007fefd55b000 	C:\windows\system32\KERNELBASE.dll
0x000007fefddd0000 - 0x000007fefdeab000 	C:\windows\system32\ADVAPI32.dll
0x000007fefd690000 - 0x000007fefd72f000 	C:\windows\system32\msvcrt.dll
0x000007fefd730000 - 0x000007fefd74f000 	C:\windows\SYSTEM32\sechost.dll
0x000007feff280000 - 0x000007feff3ad000 	C:\windows\system32\RPCRT4.dll
0x00000000774e0000 - 0x00000000775da000 	C:\windows\system32\USER32.dll
0x000007fefdbd0000 - 0x000007fefdc37000 	C:\windows\system32\GDI32.dll
0x000007fefe210000 - 0x000007fefe21e000 	C:\windows\system32\LPK.dll
0x000007feff3b0000 - 0x000007feff47a000 	C:\windows\system32\USP10.dll
0x000007fefb900000 - 0x000007fefbaf4000 	C:\windows\WinSxS\amd64_microsoft.windows.common-controls_6595b64144ccf1df_6.0.7601.18837_none_fa3b1e3d17594757\COMCTL32.dll
0x000007fefdc40000 - 0x000007fefdcb1000 	C:\windows\system32\SHLWAPI.dll
0x000007feff9b0000 - 0x000007feff9de000 	C:\windows\system32\IMM32.DLL
0x000007fefdcc0000 - 0x000007fefddc9000 	C:\windows\system32\MSCTF.dll
0x000000006c4e0000 - 0x000000006c5b2000 	C:\Program Files\Java\jdk1.8.0_92\jre\bin\msvcr100.dll
0x000000006fbe0000 - 0x0000000070476000 	C:\Program Files\Java\jdk1.8.0_92\jre\bin\server\jvm.dll
0x000007fefa600000 - 0x000007fefa609000 	C:\windows\system32\WSOCK32.dll
0x000007feff9e0000 - 0x000007feffa2d000 	C:\windows\system32\WS2_32.dll
0x000007feff8c0000 - 0x000007feff8c8000 	C:\windows\system32\NSI.dll
0x000007fefd5f0000 - 0x000007fefd62b000 	C:\windows\system32\WINMM.dll
0x000007fefc320000 - 0x000007fefc32c000 	C:\windows\system32\VERSION.dll
0x00000000778e0000 - 0x00000000778e7000 	C:\windows\system32\PSAPI.DLL
0x0000000061fa0000 - 0x0000000061faf000 	C:\Program Files\Java\jdk1.8.0_92\jre\bin\verify.dll
0x000000005b370000 - 0x000000005b399000 	C:\Program Files\Java\jdk1.8.0_92\jre\bin\java.dll
0x000000005b350000 - 0x000000005b366000 	C:\Program Files\Java\jdk1.8.0_92\jre\bin\zip.dll
0x000007fefe4f0000 - 0x000007feff279000 	C:\windows\system32\SHELL32.dll
0x000007fefd750000 - 0x000007fefd953000 	C:\windows\system32\ole32.dll
0x000007fefd240000 - 0x000007fefd24f000 	C:\windows\system32\profapi.dll

VM Arguments:
jvm_args: -Djava.awt.headless=true -Xmx1024M -Dfile.encoding=GBK -Duser.country=CN -Duser.language=zh -Duser.variant 
java_command: com.android.dx.command.Main --dex --num-threads=4 --output F:\ToplineNews\app\build\intermediates\pre-dexed\debug\com.android.support-appcompat-v7-23.4.0_fc24aefe7743bfab490eada74d8524f2aeb201a0.jar F:\ToplineNews\app\build\intermediates\exploded-aar\com.android.support\appcompat-v7\23.4.0\jars\classes.jar
java_class_path (initial): E:\tool\sdk\build-tools\24.0.1\lib\dx.jar
Launcher Type: SUN_STANDARD

Environment Variables:
JAVA_HOME=C:\Program Files\Java\jdk1.8.0_92
PATH=C:\Program Files\Java\jdk1.8.0_92\bin;C:\ProgramData\Oracle\Java\javapath;C:\Program Files (x86)\MySQL\MySQL Server 5.1\bin;C:\windows\system32;C:\windows;C:\windows\System32\Wbem;C:\windows\System32\WindowsPowerShell\v1.0\;
USERNAME=Administrator
OS=Windows_NT
PROCESSOR_IDENTIFIER=Intel64 Family 6 Model 37 Stepping 5, GenuineIntel



---------------  S Y S T E M  ---------------

OS: Windows 7 , 64 bit Build 7601 (6.1.7601.19135)

CPU:total 4 (2 cores per cpu, 2 threads per core) family 6 model 37 stepping 5, cmov, cx8, fxsr, mmx, sse, sse2, sse3, ssse3, sse4.1, sse4.2, popcnt, aes, clmul, ht, tsc, tscinvbit

Memory: 4k page, physical 6216952k(1159768k free), swap 7263692k(5200k free)

vm_info: Java HotSpot(TM) 64-Bit Server VM (25.92-b14) for windows-amd64 JRE (1.8.0_92-b14), built on Mar 31 2016 21:03:04 by "java_re" with MS VC++ 10.0 (VS2010)

time: Mon Sep 05 14:52:03 2016
elapsed time: 0 seconds (0d 0h 0m 0s)

